<?xml version="1.0" encoding="UTF-8"?>
<!-- Generated by org.testng.reporters.JUnitXMLReporter -->
<testsuite ignored="0" hostname="DESKTOP-8B1NS76" failures="2" tests="240" name="Surefire test" time="69.767" errors="0" timestamp="2024-04-22T10:10:24 CEST">
  <testcase classname="com.github.vitalibo.brickgame.core.ControllerTest" name="testChangePause" time="0.603"/>
  <testcase classname="com.github.vitalibo.brickgame.core.ControllerTest" name="testChangeSound" time="0.007"/>
  <testcase classname="com.github.vitalibo.brickgame.core.ControllerTest" name="testDelegateKeyPressed" time="0.028"/>
  <testcase classname="com.github.vitalibo.brickgame.core.ControllerTest" name="testDelegateKeyPressed" time="0.005"/>
  <testcase classname="com.github.vitalibo.brickgame.core.ControllerTest" name="testDelegateKeyPressed" time="0.014"/>
  <testcase classname="com.github.vitalibo.brickgame.core.ControllerTest" name="testDelegateKeyPressed" time="0.011"/>
  <testcase classname="com.github.vitalibo.brickgame.core.ControllerTest" name="testDelegateKeyPressed" time="0.009"/>
  <testcase classname="com.github.vitalibo.brickgame.core.ControllerTest" name="testNotDelegateKeyPressed" time="0.004"/>
  <testcase classname="com.github.vitalibo.brickgame.core.ControllerTest" name="testNotDelegateKeyPressed" time="0.011"/>
  <testcase classname="com.github.vitalibo.brickgame.core.ControllerTest" name="testNotDelegateKeyPressed" time="0.002"/>
  <testcase classname="com.github.vitalibo.brickgame.core.ControllerTest" name="testNotDelegateKeyPressed" time="0.004"/>
  <testcase classname="com.github.vitalibo.brickgame.core.ControllerTest" name="testNotDelegateKeyPressed" time="0.005"/>
  <testcase classname="com.github.vitalibo.brickgame.core.ControllerTest" name="testReset" time="0.124"/>
  <testcase classname="com.github.vitalibo.brickgame.core.CountdownJobTest" name="testCountdown" time="0.206">
    <failure type="java.lang.AssertionError" message="expected [true] but found [false]">
      <![CDATA[java.lang.AssertionError: expected [true] but found [false]
at com.github.vitalibo.brickgame.core.CountdownJobTest.testCountdown(CountdownJobTest.java:28)
at java.base/java.util.ArrayList.forEach(ArrayList.java:1596)
... Removed 34 stack frames]]>
    </failure>
  </testcase> <!-- testCountdown -->
  <testcase classname="com.github.vitalibo.brickgame.core.JobTest" name="testKill" time="0.256"/>
  <testcase classname="com.github.vitalibo.brickgame.core.JobTest" name="testPause" time="0.482"/>
  <testcase classname="com.github.vitalibo.brickgame.core.KernelTest" name="testJob" time="0.299">
    <failure type="org.mockito.exceptions.verification.WantedButNotInvoked" message="
Wanted but not invoked:
mockConsumer.accept(
    com.github.vitalibo.brickgame.core.Kernel$Job@1530d0f2
);
-&amp;gt; at com.github.vitalibo.brickgame.core.KernelTest.testJob(KernelTest.java:37)
Actually, there were zero interactions with this mock.
">
      <![CDATA[Wanted but not invoked:
mockConsumer.accept(
    com.github.vitalibo.brickgame.core.Kernel$Job@1530d0f2
);
-> at com.github.vitalibo.brickgame.core.KernelTest.testJob(KernelTest.java:37)
Actually, there were zero interactions with this mock.

at com.github.vitalibo.brickgame.core.KernelTest.testJob(KernelTest.java:37)
at java.base/java.util.ArrayList.forEach(ArrayList.java:1596)
... Removed 30 stack frames]]>
    </failure>
  </testcase> <!-- testJob -->
  <testcase classname="com.github.vitalibo.brickgame.core.NumberTest" name="testDec" time="0.012"/>
  <testcase classname="com.github.vitalibo.brickgame.core.NumberTest" name="testDec" time="0.001"/>
  <testcase classname="com.github.vitalibo.brickgame.core.NumberTest" name="testDec" time="0.002"/>
  <testcase classname="com.github.vitalibo.brickgame.core.NumberTest" name="testDecStep" time="0.007"/>
  <testcase classname="com.github.vitalibo.brickgame.core.NumberTest" name="testDecStep" time="0.001"/>
  <testcase classname="com.github.vitalibo.brickgame.core.NumberTest" name="testDecStep" time="0.0"/>
  <testcase classname="com.github.vitalibo.brickgame.core.NumberTest" name="testDecStep" time="0.0"/>
  <testcase classname="com.github.vitalibo.brickgame.core.NumberTest" name="testInc" time="0.001"/>
  <testcase classname="com.github.vitalibo.brickgame.core.NumberTest" name="testInc" time="0.001"/>
  <testcase classname="com.github.vitalibo.brickgame.core.NumberTest" name="testInc" time="0.0"/>
  <testcase classname="com.github.vitalibo.brickgame.core.NumberTest" name="testIncStep" time="0.001"/>
  <testcase classname="com.github.vitalibo.brickgame.core.NumberTest" name="testIncStep" time="0.001"/>
  <testcase classname="com.github.vitalibo.brickgame.core.NumberTest" name="testIncStep" time="0.002"/>
  <testcase classname="com.github.vitalibo.brickgame.core.NumberTest" name="testIncStep" time="0.001"/>
  <testcase classname="com.github.vitalibo.brickgame.core.StateTest" name="testChangeState" time="0.123"/>
  <testcase classname="com.github.vitalibo.brickgame.core.StateTest" name="testChangeState" time="0.002"/>
  <testcase classname="com.github.vitalibo.brickgame.core.ui.BrickPanelTest" name="testBrickSize" time="0.003"/>
  <testcase classname="com.github.vitalibo.brickgame.core.ui.BrickPanelTest" name="testDraw" time="0.013"/>
  <testcase classname="com.github.vitalibo.brickgame.core.ui.BrickPanelTest" name="testDraw" time="0.003"/>
  <testcase classname="com.github.vitalibo.brickgame.core.ui.BrickPanelTest" name="testDraw" time="0.003"/>
  <testcase classname="com.github.vitalibo.brickgame.core.ui.BrickPanelTest" name="testDraw" time="0.052"/>
  <testcase classname="com.github.vitalibo.brickgame.core.ui.BrickPanelTest" name="testDraw" time="0.006"/>
  <testcase classname="com.github.vitalibo.brickgame.core.ui.BrickPanelTest" name="testDraw" time="0.003"/>
  <testcase classname="com.github.vitalibo.brickgame.core.ui.BrickPanelTest" name="testDraw" time="0.003"/>
  <testcase classname="com.github.vitalibo.brickgame.core.ui.BrickPanelTest" name="testDraw" time="0.001"/>
  <testcase classname="com.github.vitalibo.brickgame.core.ui.BrickPanelTest" name="testDraw" time="0.006"/>
  <testcase classname="com.github.vitalibo.brickgame.core.ui.BrickPanelTest" name="testDraw" time="0.001"/>
  <testcase classname="com.github.vitalibo.brickgame.core.ui.BrickPanelTest" name="testDraw" time="0.003"/>
  <testcase classname="com.github.vitalibo.brickgame.core.ui.BrickPanelTest" name="testDraw" time="0.002"/>
  <testcase classname="com.github.vitalibo.brickgame.core.ui.BrickPanelTest" name="testDraw" time="0.002"/>
  <testcase classname="com.github.vitalibo.brickgame.core.ui.BrickPanelTest" name="testDraw" time="0.001"/>
  <testcase classname="com.github.vitalibo.brickgame.core.ui.BrickPanelTest" name="testDraw" time="0.003"/>
  <testcase classname="com.github.vitalibo.brickgame.core.ui.BrickPanelTest" name="testDraw" time="0.001"/>
  <testcase classname="com.github.vitalibo.brickgame.core.ui.BrickPanelTest" name="testDraw" time="0.001"/>
  <testcase classname="com.github.vitalibo.brickgame.core.ui.BrickPanelTest" name="testDraw" time="0.003"/>
  <testcase classname="com.github.vitalibo.brickgame.core.ui.BrickPanelTest" name="testDraw" time="0.001"/>
  <testcase classname="com.github.vitalibo.brickgame.core.ui.BrickPanelTest" name="testDraw" time="0.002"/>
  <testcase classname="com.github.vitalibo.brickgame.core.ui.BrickPanelTest" name="testDraw" time="0.003"/>
  <testcase classname="com.github.vitalibo.brickgame.core.ui.BrickPanelTest" name="testDraw" time="0.001"/>
  <testcase classname="com.github.vitalibo.brickgame.core.ui.BrickPanelTest" name="testDraw" time="0.005"/>
  <testcase classname="com.github.vitalibo.brickgame.core.ui.BrickPanelTest" name="testDraw" time="0.002"/>
  <testcase classname="com.github.vitalibo.brickgame.core.ui.BrickPanelTest" name="testDraw" time="0.002"/>
  <testcase classname="com.github.vitalibo.brickgame.core.ui.BrickPanelTest" name="testDraw" time="0.009"/>
  <testcase classname="com.github.vitalibo.brickgame.core.ui.BrickPanelTest" name="testDraw" time="0.006"/>
  <testcase classname="com.github.vitalibo.brickgame.core.ui.BrickPanelTest" name="testDraw" time="0.004"/>
  <testcase classname="com.github.vitalibo.brickgame.core.ui.BrickPanelTest" name="testDraw" time="0.001"/>
  <testcase classname="com.github.vitalibo.brickgame.core.ui.BrickPanelTest" name="testDraw" time="0.003"/>
  <testcase classname="com.github.vitalibo.brickgame.core.ui.BrickPanelTest" name="testDraw" time="0.002"/>
  <testcase classname="com.github.vitalibo.brickgame.core.ui.BrickPanelTest" name="testDraw" time="0.004"/>
  <testcase classname="com.github.vitalibo.brickgame.core.ui.BrickPanelTest" name="testDraw" time="0.001"/>
  <testcase classname="com.github.vitalibo.brickgame.core.ui.BrickPanelTest" name="testDraw" time="0.001"/>
  <testcase classname="com.github.vitalibo.brickgame.core.ui.BrickPanelTest" name="testDraw" time="0.001"/>
  <testcase classname="com.github.vitalibo.brickgame.core.ui.BrickPanelTest" name="testDraw" time="0.002"/>
  <testcase classname="com.github.vitalibo.brickgame.core.ui.BrickPanelTest" name="testDraw" time="0.0"/>
  <testcase classname="com.github.vitalibo.brickgame.core.ui.BrickPanelTest" name="testDraw" time="0.003"/>
  <testcase classname="com.github.vitalibo.brickgame.core.ui.BrickPanelTest" name="testDraw" time="0.001"/>
  <testcase classname="com.github.vitalibo.brickgame.core.ui.BrickPanelTest" name="testDraw" time="0.001"/>
  <testcase classname="com.github.vitalibo.brickgame.core.ui.BrickPanelTest" name="testDraw" time="0.002"/>
  <testcase classname="com.github.vitalibo.brickgame.core.ui.BrickPanelTest" name="testDraw" time="0.006"/>
  <testcase classname="com.github.vitalibo.brickgame.core.ui.BrickPanelTest" name="testDraw" time="0.003"/>
  <testcase classname="com.github.vitalibo.brickgame.core.ui.BrickPanelTest" name="testDraw" time="0.019"/>
  <testcase classname="com.github.vitalibo.brickgame.core.ui.BrickPanelTest" name="testDraw" time="0.006"/>
  <testcase classname="com.github.vitalibo.brickgame.core.ui.BrickPanelTest" name="testDraw" time="0.001"/>
  <testcase classname="com.github.vitalibo.brickgame.core.ui.BrickPanelTest" name="testDraw" time="0.004"/>
  <testcase classname="com.github.vitalibo.brickgame.core.ui.BrickPanelTest" name="testDraw" time="0.012"/>
  <testcase classname="com.github.vitalibo.brickgame.core.ui.BrickPanelTest" name="testDraw" time="0.004"/>
  <testcase classname="com.github.vitalibo.brickgame.core.ui.BrickPanelTest" name="testDraw" time="0.002"/>
  <testcase classname="com.github.vitalibo.brickgame.core.ui.BrickTest" name="testNotRepaint" time="0.037"/>
  <testcase classname="com.github.vitalibo.brickgame.core.ui.BrickTest" name="testPaintState" time="0.965"/>
  <testcase classname="com.github.vitalibo.brickgame.core.ui.BrickTest" name="testPaintState" time="0.016"/>
  <testcase classname="com.github.vitalibo.brickgame.core.ui.BrickTest" name="testRepaint" time="0.002"/>
  <testcase classname="com.github.vitalibo.brickgame.core.ui.DigitTest" name="testNotRepaint" time="0.019"/>
  <testcase classname="com.github.vitalibo.brickgame.core.ui.DigitTest" name="testPaintDigit" time="1.213"/>
  <testcase classname="com.github.vitalibo.brickgame.core.ui.DigitTest" name="testPaintDigit" time="0.009"/>
  <testcase classname="com.github.vitalibo.brickgame.core.ui.DigitTest" name="testPaintDigit" time="0.017"/>
  <testcase classname="com.github.vitalibo.brickgame.core.ui.DigitTest" name="testPaintDigit" time="0.028"/>
  <testcase classname="com.github.vitalibo.brickgame.core.ui.DigitTest" name="testPaintDigit" time="0.024"/>
  <testcase classname="com.github.vitalibo.brickgame.core.ui.DigitTest" name="testPaintDigit" time="0.257"/>
  <testcase classname="com.github.vitalibo.brickgame.core.ui.DigitTest" name="testPaintDigit" time="0.014"/>
  <testcase classname="com.github.vitalibo.brickgame.core.ui.DigitTest" name="testPaintDigit" time="0.004"/>
  <testcase classname="com.github.vitalibo.brickgame.core.ui.DigitTest" name="testPaintDigit" time="0.008"/>
  <testcase classname="com.github.vitalibo.brickgame.core.ui.DigitTest" name="testPaintDigit" time="0.003"/>
  <testcase classname="com.github.vitalibo.brickgame.core.ui.DigitTest" name="testRepaint" time="0.178"/>
  <testcase classname="com.github.vitalibo.brickgame.core.ui.DigitTest" name="testRepaint" time="0.009"/>
  <testcase classname="com.github.vitalibo.brickgame.core.ui.DigitTest" name="testRepaint" time="0.023"/>
  <testcase classname="com.github.vitalibo.brickgame.core.ui.DigitTest" name="testRepaint" time="0.01"/>
  <testcase classname="com.github.vitalibo.brickgame.core.ui.DigitTest" name="testRepaint" time="0.003"/>
  <testcase classname="com.github.vitalibo.brickgame.core.ui.DigitTest" name="testRepaint" time="0.001"/>
  <testcase classname="com.github.vitalibo.brickgame.core.ui.DigitTest" name="testRepaint" time="0.01"/>
  <testcase classname="com.github.vitalibo.brickgame.core.ui.DigitTest" name="testRepaint" time="0.004"/>
  <testcase classname="com.github.vitalibo.brickgame.core.ui.DigitTest" name="testRepaint" time="0.104"/>
  <testcase classname="com.github.vitalibo.brickgame.core.ui.DigitTest" name="testRepaint" time="0.008"/>
  <testcase classname="com.github.vitalibo.brickgame.core.ui.DigitTest" name="testSetIllegalValue" time="0.012"/>
  <testcase classname="com.github.vitalibo.brickgame.core.ui.DigitTest" name="testSetIllegalValue" time="0.0"/>
  <testcase classname="com.github.vitalibo.brickgame.core.ui.IconPanelTest" name="testNotRepaint" time="0.013"/>
  <testcase classname="com.github.vitalibo.brickgame.core.ui.IconPanelTest" name="testNotRepaint" time="0.033"/>
  <testcase classname="com.github.vitalibo.brickgame.core.ui.IconPanelTest" name="testRepaint" time="0.01"/>
  <testcase classname="com.github.vitalibo.brickgame.core.ui.IconPanelTest" name="testRepaint" time="0.006"/>
  <testcase classname="com.github.vitalibo.brickgame.core.ui.NumberPanelTest" name="testDigitSequence" time="0.186"/>
  <testcase classname="com.github.vitalibo.brickgame.core.ui.NumberPanelTest" name="testDigitSequence" time="0.002"/>
  <testcase classname="com.github.vitalibo.brickgame.core.ui.NumberPanelTest" name="testDigitSequence" time="0.004"/>
  <testcase classname="com.github.vitalibo.brickgame.core.ui.NumberPanelTest" name="testOverflowValue" time="0.001"/>
  <testcase classname="com.github.vitalibo.brickgame.core.ui.NumberPanelTest" name="testOverflowValue" time="0.002"/>
  <testcase classname="com.github.vitalibo.brickgame.core.ui.NumberPanelTest" name="testOverflowValue" time="0.006"/>
  <testcase classname="com.github.vitalibo.brickgame.core.ui.NumberPanelTest" name="testOverflowValue" time="0.001"/>
  <testcase classname="com.github.vitalibo.brickgame.core.ui.NumberPanelTest" name="testSetIllegalValue" time="0.001"/>
  <testcase classname="com.github.vitalibo.brickgame.game.LifeTest" name="cleanUp" time="0.002"/>
  <testcase classname="com.github.vitalibo.brickgame.game.LifeTest" name="testNotRepaint" time="0.0"/>
  <testcase classname="com.github.vitalibo.brickgame.game.LifeTest" name="testRepaint" time="0.005"/>
  <testcase classname="com.github.vitalibo.brickgame.game.LifeTest" name="testRepaint" time="0.0"/>
  <testcase classname="com.github.vitalibo.brickgame.game.LifeTest" name="testRepaint" time="0.001"/>
  <testcase classname="com.github.vitalibo.brickgame.game.LifeTest" name="testRepaint" time="0.061"/>
  <testcase classname="com.github.vitalibo.brickgame.game.LifeTest" name="testRepaint" time="0.001"/>
  <testcase classname="com.github.vitalibo.brickgame.game.PointTest" name="testMoveDown" time="0.002"/>
  <testcase classname="com.github.vitalibo.brickgame.game.PointTest" name="testMoveDown" time="0.0"/>
  <testcase classname="com.github.vitalibo.brickgame.game.PointTest" name="testMoveLeft" time="0.001"/>
  <testcase classname="com.github.vitalibo.brickgame.game.PointTest" name="testMoveLeft" time="0.0"/>
  <testcase classname="com.github.vitalibo.brickgame.game.PointTest" name="testMoveRight" time="0.002"/>
  <testcase classname="com.github.vitalibo.brickgame.game.PointTest" name="testMoveRight" time="0.001"/>
  <testcase classname="com.github.vitalibo.brickgame.game.PointTest" name="testMoveUp" time="0.0"/>
  <testcase classname="com.github.vitalibo.brickgame.game.PointTest" name="testMoveUp" time="0.0"/>
  <testcase classname="com.github.vitalibo.brickgame.game.PointTest" name="testVerifyFailed" time="0.001"/>
  <testcase classname="com.github.vitalibo.brickgame.game.PointTest" name="testVerifyFailed" time="0.001"/>
  <testcase classname="com.github.vitalibo.brickgame.game.PointTest" name="testVerifyFailed" time="0.0"/>
  <testcase classname="com.github.vitalibo.brickgame.game.PointTest" name="testVerifyFailed" time="0.0"/>
  <testcase classname="com.github.vitalibo.brickgame.game.PointTest" name="testVerifyPassed" time="0.001"/>
  <testcase classname="com.github.vitalibo.brickgame.game.PointTest" name="testVerifyPassed" time="0.001"/>
  <testcase classname="com.github.vitalibo.brickgame.game.race.CarTest" name="testCarCrashed" time="0.008"/>
  <testcase classname="com.github.vitalibo.brickgame.game.race.CarTest" name="testDown" time="0.075"/>
  <testcase classname="com.github.vitalibo.brickgame.game.race.CarTest" name="testLeft" time="0.01"/>
  <testcase classname="com.github.vitalibo.brickgame.game.race.CarTest" name="testRight" time="0.005"/>
  <testcase classname="com.github.vitalibo.brickgame.game.race.CarTest" name="testVerifyPassed" time="0.009"/>
  <testcase classname="com.github.vitalibo.brickgame.game.race.RoadTest" name="testDown" time="0.001"/>
  <testcase classname="com.github.vitalibo.brickgame.game.ShapeTest" name="testShapeEquals" time="0.002"/>
  <testcase classname="com.github.vitalibo.brickgame.game.ShapeTest" name="testShapeEquals" time="0.0"/>
  <testcase classname="com.github.vitalibo.brickgame.game.snake.DirectionTest" name="testReverse" time="0.001"/>
  <testcase classname="com.github.vitalibo.brickgame.game.snake.DirectionTest" name="testReverse" time="0.001"/>
  <testcase classname="com.github.vitalibo.brickgame.game.snake.DirectionTest" name="testReverse" time="0.0"/>
  <testcase classname="com.github.vitalibo.brickgame.game.snake.DirectionTest" name="testReverse" time="0.0"/>
  <testcase classname="com.github.vitalibo.brickgame.game.snake.DirectionTest" name="testReverse" time="0.0"/>
  <testcase classname="com.github.vitalibo.brickgame.game.snake.MapTest" name="testCrashOnBorder" time="0.004"/>
  <testcase classname="com.github.vitalibo.brickgame.game.snake.MapTest" name="testCrashOnBorder" time="0.002"/>
  <testcase classname="com.github.vitalibo.brickgame.game.snake.MapTest" name="testCrashOnBorder" time="0.001"/>
  <testcase classname="com.github.vitalibo.brickgame.game.snake.MapTest" name="testCrashOnBorder" time="0.0"/>
  <testcase classname="com.github.vitalibo.brickgame.game.snake.MapTest" name="testLoadingMap" time="0.002"/>
  <testcase classname="com.github.vitalibo.brickgame.game.snake.MapTest" name="testLoadingMap" time="0.001"/>
  <testcase classname="com.github.vitalibo.brickgame.game.snake.MapTest" name="testLoadingMap" time="0.005"/>
  <testcase classname="com.github.vitalibo.brickgame.game.snake.MapTest" name="testLoadingMap" time="0.185"/>
  <testcase classname="com.github.vitalibo.brickgame.game.snake.MapTest" name="testLoadingMap" time="0.004"/>
  <testcase classname="com.github.vitalibo.brickgame.game.snake.MapTest" name="testLoadingMap" time="0.003"/>
  <testcase classname="com.github.vitalibo.brickgame.game.snake.MapTest" name="testLoadingMap" time="0.016"/>
  <testcase classname="com.github.vitalibo.brickgame.game.snake.MapTest" name="testLoadingMap" time="0.002"/>
  <testcase classname="com.github.vitalibo.brickgame.game.snake.MapTest" name="testLoadingMap" time="0.002"/>
  <testcase classname="com.github.vitalibo.brickgame.game.snake.MapTest" name="testLoadingMap" time="0.001"/>
  <testcase classname="com.github.vitalibo.brickgame.game.snake.MapTest" name="testLoadingMap" time="0.098"/>
  <testcase classname="com.github.vitalibo.brickgame.game.snake.MapTest" name="testLoadingMap" time="0.908"/>
  <testcase classname="com.github.vitalibo.brickgame.game.snake.MapTest" name="testLoadingMap" time="0.239"/>
  <testcase classname="com.github.vitalibo.brickgame.game.snake.MapTest" name="testLoadingMap" time="0.103"/>
  <testcase classname="com.github.vitalibo.brickgame.game.snake.MapTest" name="testLoadingMap" time="0.697"/>
  <testcase classname="com.github.vitalibo.brickgame.game.snake.MapTest" name="testLoadingMap" time="0.53"/>
  <testcase classname="com.github.vitalibo.brickgame.game.snake.MapTest" name="testUnmodifiableList" time="0.001"/>
  <testcase classname="com.github.vitalibo.brickgame.game.snake.MapTest" name="testVerifyPassed" time="0.006"/>
  <testcase classname="com.github.vitalibo.brickgame.game.snake.MapTest" name="testVerifyPassed" time="0.007"/>
  <testcase classname="com.github.vitalibo.brickgame.game.snake.MapTest" name="testVerifyPassed" time="0.0"/>
  <testcase classname="com.github.vitalibo.brickgame.game.snake.MapTest" name="testVerifyPassed" time="0.002"/>
  <testcase classname="com.github.vitalibo.brickgame.game.snake.MouseTest" name="testEatMouse" time="0.007"/>
  <testcase classname="com.github.vitalibo.brickgame.game.snake.MouseTest" name="testNextPoint" time="0.001"/>
  <testcase classname="com.github.vitalibo.brickgame.game.snake.MouseTest" name="testNextPoint" time="0.003"/>
  <testcase classname="com.github.vitalibo.brickgame.game.snake.MouseTest" name="testNextPoint" time="0.001"/>
  <testcase classname="com.github.vitalibo.brickgame.game.snake.MouseTest" name="testNextPoint" time="0.013"/>
  <testcase classname="com.github.vitalibo.brickgame.game.snake.MouseTest" name="testNextPoint" time="0.099"/>
  <testcase classname="com.github.vitalibo.brickgame.game.snake.MouseTest" name="testNextPoint" time="0.008"/>
  <testcase classname="com.github.vitalibo.brickgame.game.snake.MouseTest" name="testNextPoint" time="0.006"/>
  <testcase classname="com.github.vitalibo.brickgame.game.snake.MouseTest" name="testNextPoint" time="0.001"/>
  <testcase classname="com.github.vitalibo.brickgame.game.snake.MouseTest" name="testNextPoint" time="0.0"/>
  <testcase classname="com.github.vitalibo.brickgame.game.snake.MouseTest" name="testNextPoint" time="0.006"/>
  <testcase classname="com.github.vitalibo.brickgame.game.snake.MouseTest" name="testNextPoint" time="0.001"/>
  <testcase classname="com.github.vitalibo.brickgame.game.snake.MouseTest" name="testNextPoint" time="0.001"/>
  <testcase classname="com.github.vitalibo.brickgame.game.snake.MouseTest" name="testNextPoint" time="0.001"/>
  <testcase classname="com.github.vitalibo.brickgame.game.snake.MouseTest" name="testNextPoint" time="0.002"/>
  <testcase classname="com.github.vitalibo.brickgame.game.snake.MouseTest" name="testNextPoint" time="0.0"/>
  <testcase classname="com.github.vitalibo.brickgame.game.snake.MouseTest" name="testNextPoint" time="0.0"/>
  <testcase classname="com.github.vitalibo.brickgame.game.snake.MouseTest" name="testNextPoint" time="0.001"/>
  <testcase classname="com.github.vitalibo.brickgame.game.snake.MouseTest" name="testNextPoint" time="0.004"/>
  <testcase classname="com.github.vitalibo.brickgame.game.snake.MouseTest" name="testNextPoint" time="0.001"/>
  <testcase classname="com.github.vitalibo.brickgame.game.snake.MouseTest" name="testNextPoint" time="0.005"/>
  <testcase classname="com.github.vitalibo.brickgame.game.snake.MouseTest" name="testStream" time="0.0"/>
  <testcase classname="com.github.vitalibo.brickgame.game.snake.SnakeTest" name="testEatSelf" time="0.111"/>
  <testcase classname="com.github.vitalibo.brickgame.game.snake.SnakeTest" name="testEatSelf" time="0.002"/>
  <testcase classname="com.github.vitalibo.brickgame.game.snake.SnakeTest" name="testHead" time="0.001"/>
  <testcase classname="com.github.vitalibo.brickgame.game.snake.SnakeTest" name="testInit" time="0.0"/>
  <testcase classname="com.github.vitalibo.brickgame.game.snake.SnakeTest" name="testVerifyPassed" time="0.018"/>
  <testcase classname="com.github.vitalibo.brickgame.game.snake.SnakeTest" name="testVerifyPassed" time="0.002"/>
  <testcase classname="com.github.vitalibo.brickgame.game.tetris.BoardTest" name="testAdd" time="0.281"/>
  <testcase classname="com.github.vitalibo.brickgame.game.tetris.BoardTest" name="testCleanUp" time="0.036"/>
  <testcase classname="com.github.vitalibo.brickgame.game.tetris.BoardTest" name="testInit" time="0.018"/>
  <testcase classname="com.github.vitalibo.brickgame.game.tetris.BoardTest" name="testInit" time="0.0"/>
  <testcase classname="com.github.vitalibo.brickgame.game.tetris.BoardTest" name="testInit" time="0.002"/>
  <testcase classname="com.github.vitalibo.brickgame.game.tetris.BoardTest" name="testInit" time="0.007"/>
  <testcase classname="com.github.vitalibo.brickgame.game.tetris.BoardTest" name="testIsFull" time="0.007"/>
  <testcase classname="com.github.vitalibo.brickgame.game.tetris.BoardTest" name="testVerify" time="0.008"/>
  <testcase classname="com.github.vitalibo.brickgame.game.tetris.tetromino.FactoryTest" name="testCreate" time="0.01"/>
  <testcase classname="com.github.vitalibo.brickgame.game.tetris.tetromino.FactoryTest" name="testCreate" time="0.001"/>
  <testcase classname="com.github.vitalibo.brickgame.game.tetris.tetromino.FactoryTest" name="testCreate" time="0.001"/>
  <testcase classname="com.github.vitalibo.brickgame.game.tetris.tetromino.FactoryTest" name="testCreate" time="0.001"/>
  <testcase classname="com.github.vitalibo.brickgame.game.tetris.tetromino.FactoryTest" name="testCreate" time="0.003"/>
  <testcase classname="com.github.vitalibo.brickgame.game.tetris.tetromino.FactoryTest" name="testCreate" time="0.0"/>
  <testcase classname="com.github.vitalibo.brickgame.game.tetris.tetromino.FactoryTest" name="testCreate" time="0.006"/>
  <testcase classname="com.github.vitalibo.brickgame.game.tetris.tetromino.FactoryTest" name="testGenerate" time="0.006"/>
  <testcase classname="com.github.vitalibo.brickgame.game.tetris.tetromino.FactoryTest" name="testGenerate" time="0.001"/>
  <testcase classname="com.github.vitalibo.brickgame.game.tetris.tetromino.FactoryTest" name="testGenerate" time="0.001"/>
  <testcase classname="com.github.vitalibo.brickgame.game.tetris.tetromino.FactoryTest" name="testGenerate" time="0.001"/>
  <testcase classname="com.github.vitalibo.brickgame.game.tetris.tetromino.FactoryTest" name="testGenerate" time="0.0"/>
  <testcase classname="com.github.vitalibo.brickgame.game.tetris.tetromino.FactoryTest" name="testGenerate" time="0.001"/>
  <testcase classname="com.github.vitalibo.brickgame.game.tetris.tetromino.FactoryTest" name="testGenerate" time="0.0"/>
  <testcase classname="com.github.vitalibo.brickgame.util.BooleanCollectorTest" name="testToArray" time="0.001"/>
  <testcase classname="com.github.vitalibo.brickgame.util.BooleanCollectorTest" name="testToTwoDimensionalArray" time="0.0"/>
  <testcase classname="com.github.vitalibo.brickgame.util.BuilderTest" name="testMap" time="0.002"/>
  <testcase classname="com.github.vitalibo.brickgame.util.BuilderTest" name="testWith" time="0.096"/>
  <testcase classname="com.github.vitalibo.brickgame.util.CanvasTranslatorTest" name="testFrom" time="0.043"/>
  <testcase classname="com.github.vitalibo.brickgame.util.CanvasTranslatorTest" name="testFromStream" time="0.008"/>
  <testcase classname="com.github.vitalibo.brickgame.util.CanvasTranslatorTest" name="testFromStream" time="0.001"/>
  <testcase classname="com.github.vitalibo.brickgame.util.CanvasTranslatorTest" name="testFromStream" time="0.0"/>
</testsuite> <!-- Surefire test -->
