<?xml version="1.0" encoding="UTF-8"?>
<testng-results ignored="0" total="240" passed="238" failed="2" skipped="0">
  <reporter-output>
  </reporter-output>
  <suite started-at="2024-04-22T10:09:14 CEST" name="Surefire suite" finished-at="2024-04-22T10:10:24 CEST" duration-ms="69767">
    <groups>
    </groups>
    <test started-at="2024-04-22T10:09:14 CEST" name="Surefire test" finished-at="2024-04-22T10:10:24 CEST" duration-ms="69767">
      <class name="com.github.vitalibo.brickgame.core.ControllerTest">
        <test-method is-config="true" signature="setUp()[pri:0, instance:com.github.vitalibo.brickgame.core.ControllerTest@12b0404f]" started-at="2024-04-22T10:09:15 CEST" name="setUp" finished-at="2024-04-22T10:10:01 CEST" duration-ms="46100" status="PASS">
          <reporter-output>
          </reporter-output>
        </test-method> <!-- setUp -->
        <test-method signature="testChangePause()[pri:0, instance:com.github.vitalibo.brickgame.core.ControllerTest@12b0404f]" started-at="2024-04-22T10:10:01 CEST" name="testChangePause" finished-at="2024-04-22T10:10:01 CEST" duration-ms="603" status="PASS">
          <reporter-output>
          </reporter-output>
        </test-method> <!-- testChangePause -->
        <test-method is-config="true" signature="setUp()[pri:0, instance:com.github.vitalibo.brickgame.core.ControllerTest@12b0404f]" started-at="2024-04-22T10:10:01 CEST" name="setUp" finished-at="2024-04-22T10:10:02 CEST" duration-ms="379" status="PASS">
          <reporter-output>
          </reporter-output>
        </test-method> <!-- setUp -->
        <test-method signature="testChangeSound()[pri:0, instance:com.github.vitalibo.brickgame.core.ControllerTest@12b0404f]" started-at="2024-04-22T10:10:02 CEST" name="testChangeSound" finished-at="2024-04-22T10:10:02 CEST" duration-ms="7" status="PASS">
          <reporter-output>
          </reporter-output>
        </test-method> <!-- testChangeSound -->
        <test-method is-config="true" signature="setUp()[pri:0, instance:com.github.vitalibo.brickgame.core.ControllerTest@12b0404f]" started-at="2024-04-22T10:10:02 CEST" name="setUp" finished-at="2024-04-22T10:10:02 CEST" duration-ms="253" status="PASS">
          <reporter-output>
          </reporter-output>
        </test-method> <!-- setUp -->
        <test-method signature="testDelegateKeyPressed(int,java.util.function.Consumer)[pri:0, instance:com.github.vitalibo.brickgame.core.ControllerTest@12b0404f]" started-at="2024-04-22T10:10:02 CEST" name="testDelegateKeyPressed" data-provider="actions" finished-at="2024-04-22T10:10:02 CEST" duration-ms="28" status="PASS">
          <params>
            <param index="0">
              <value>
                <![CDATA[38]]>
              </value>
            </param>
            <param index="1">
              <value>
                <![CDATA[com.github.vitalibo.brickgame.core.ControllerTest$$Lambda/0x0000013bce2befa0@40a8a26f]]>
              </value>
            </param>
          </params>
          <reporter-output>
          </reporter-output>
        </test-method> <!-- testDelegateKeyPressed -->
        <test-method is-config="true" signature="setUp()[pri:0, instance:com.github.vitalibo.brickgame.core.ControllerTest@12b0404f]" started-at="2024-04-22T10:10:02 CEST" name="setUp" finished-at="2024-04-22T10:10:02 CEST" duration-ms="45" status="PASS">
          <reporter-output>
          </reporter-output>
        </test-method> <!-- setUp -->
        <test-method signature="testDelegateKeyPressed(int,java.util.function.Consumer)[pri:0, instance:com.github.vitalibo.brickgame.core.ControllerTest@12b0404f]" started-at="2024-04-22T10:10:02 CEST" name="testDelegateKeyPressed" data-provider="actions" finished-at="2024-04-22T10:10:02 CEST" duration-ms="5" status="PASS">
          <params>
            <param index="0">
              <value>
                <![CDATA[40]]>
              </value>
            </param>
            <param index="1">
              <value>
                <![CDATA[com.github.vitalibo.brickgame.core.ControllerTest$$Lambda/0x0000013bce2bf1c8@11228bee]]>
              </value>
            </param>
          </params>
          <reporter-output>
          </reporter-output>
        </test-method> <!-- testDelegateKeyPressed -->
        <test-method is-config="true" signature="setUp()[pri:0, instance:com.github.vitalibo.brickgame.core.ControllerTest@12b0404f]" started-at="2024-04-22T10:10:02 CEST" name="setUp" finished-at="2024-04-22T10:10:02 CEST" duration-ms="237" status="PASS">
          <reporter-output>
          </reporter-output>
        </test-method> <!-- setUp -->
        <test-method signature="testDelegateKeyPressed(int,java.util.function.Consumer)[pri:0, instance:com.github.vitalibo.brickgame.core.ControllerTest@12b0404f]" started-at="2024-04-22T10:10:02 CEST" name="testDelegateKeyPressed" data-provider="actions" finished-at="2024-04-22T10:10:02 CEST" duration-ms="14" status="PASS">
          <params>
            <param index="0">
              <value>
                <![CDATA[37]]>
              </value>
            </param>
            <param index="1">
              <value>
                <![CDATA[com.github.vitalibo.brickgame.core.ControllerTest$$Lambda/0x0000013bce2bf3f0@d8e4250]]>
              </value>
            </param>
          </params>
          <reporter-output>
          </reporter-output>
        </test-method> <!-- testDelegateKeyPressed -->
        <test-method is-config="true" signature="setUp()[pri:0, instance:com.github.vitalibo.brickgame.core.ControllerTest@12b0404f]" started-at="2024-04-22T10:10:02 CEST" name="setUp" finished-at="2024-04-22T10:10:02 CEST" duration-ms="28" status="PASS">
          <reporter-output>
          </reporter-output>
        </test-method> <!-- setUp -->
        <test-method signature="testDelegateKeyPressed(int,java.util.function.Consumer)[pri:0, instance:com.github.vitalibo.brickgame.core.ControllerTest@12b0404f]" started-at="2024-04-22T10:10:02 CEST" name="testDelegateKeyPressed" data-provider="actions" finished-at="2024-04-22T10:10:02 CEST" duration-ms="11" status="PASS">
          <params>
            <param index="0">
              <value>
                <![CDATA[39]]>
              </value>
            </param>
            <param index="1">
              <value>
                <![CDATA[com.github.vitalibo.brickgame.core.ControllerTest$$Lambda/0x0000013bce2bf618@6f240187]]>
              </value>
            </param>
          </params>
          <reporter-output>
          </reporter-output>
        </test-method> <!-- testDelegateKeyPressed -->
        <test-method is-config="true" signature="setUp()[pri:0, instance:com.github.vitalibo.brickgame.core.ControllerTest@12b0404f]" started-at="2024-04-22T10:10:02 CEST" name="setUp" finished-at="2024-04-22T10:10:03 CEST" duration-ms="169" status="PASS">
          <reporter-output>
          </reporter-output>
        </test-method> <!-- setUp -->
        <test-method signature="testDelegateKeyPressed(int,java.util.function.Consumer)[pri:0, instance:com.github.vitalibo.brickgame.core.ControllerTest@12b0404f]" started-at="2024-04-22T10:10:03 CEST" name="testDelegateKeyPressed" data-provider="actions" finished-at="2024-04-22T10:10:03 CEST" duration-ms="9" status="PASS">
          <params>
            <param index="0">
              <value>
                <![CDATA[32]]>
              </value>
            </param>
            <param index="1">
              <value>
                <![CDATA[com.github.vitalibo.brickgame.core.ControllerTest$$Lambda/0x0000013bce2bf840@704c3bdf]]>
              </value>
            </param>
          </params>
          <reporter-output>
          </reporter-output>
        </test-method> <!-- testDelegateKeyPressed -->
        <test-method is-config="true" signature="setUp()[pri:0, instance:com.github.vitalibo.brickgame.core.ControllerTest@12b0404f]" started-at="2024-04-22T10:10:03 CEST" name="setUp" finished-at="2024-04-22T10:10:03 CEST" duration-ms="41" status="PASS">
          <reporter-output>
          </reporter-output>
        </test-method> <!-- setUp -->
        <test-method signature="testNotDelegateKeyPressed(int,java.util.function.Consumer)[pri:0, instance:com.github.vitalibo.brickgame.core.ControllerTest@12b0404f]" started-at="2024-04-22T10:10:03 CEST" name="testNotDelegateKeyPressed" data-provider="actions" finished-at="2024-04-22T10:10:03 CEST" duration-ms="4" status="PASS">
          <params>
            <param index="0">
              <value>
                <![CDATA[38]]>
              </value>
            </param>
            <param index="1">
              <value>
                <![CDATA[com.github.vitalibo.brickgame.core.ControllerTest$$Lambda/0x0000013bce2befa0@40a8a26f]]>
              </value>
            </param>
          </params>
          <reporter-output>
          </reporter-output>
        </test-method> <!-- testNotDelegateKeyPressed -->
        <test-method is-config="true" signature="setUp()[pri:0, instance:com.github.vitalibo.brickgame.core.ControllerTest@12b0404f]" started-at="2024-04-22T10:10:03 CEST" name="setUp" finished-at="2024-04-22T10:10:03 CEST" duration-ms="135" status="PASS">
          <reporter-output>
          </reporter-output>
        </test-method> <!-- setUp -->
        <test-method signature="testNotDelegateKeyPressed(int,java.util.function.Consumer)[pri:0, instance:com.github.vitalibo.brickgame.core.ControllerTest@12b0404f]" started-at="2024-04-22T10:10:03 CEST" name="testNotDelegateKeyPressed" data-provider="actions" finished-at="2024-04-22T10:10:03 CEST" duration-ms="11" status="PASS">
          <params>
            <param index="0">
              <value>
                <![CDATA[40]]>
              </value>
            </param>
            <param index="1">
              <value>
                <![CDATA[com.github.vitalibo.brickgame.core.ControllerTest$$Lambda/0x0000013bce2bf1c8@11228bee]]>
              </value>
            </param>
          </params>
          <reporter-output>
          </reporter-output>
        </test-method> <!-- testNotDelegateKeyPressed -->
        <test-method is-config="true" signature="setUp()[pri:0, instance:com.github.vitalibo.brickgame.core.ControllerTest@12b0404f]" started-at="2024-04-22T10:10:03 CEST" name="setUp" finished-at="2024-04-22T10:10:03 CEST" duration-ms="25" status="PASS">
          <reporter-output>
          </reporter-output>
        </test-method> <!-- setUp -->
        <test-method signature="testNotDelegateKeyPressed(int,java.util.function.Consumer)[pri:0, instance:com.github.vitalibo.brickgame.core.ControllerTest@12b0404f]" started-at="2024-04-22T10:10:03 CEST" name="testNotDelegateKeyPressed" data-provider="actions" finished-at="2024-04-22T10:10:03 CEST" duration-ms="2" status="PASS">
          <params>
            <param index="0">
              <value>
                <![CDATA[37]]>
              </value>
            </param>
            <param index="1">
              <value>
                <![CDATA[com.github.vitalibo.brickgame.core.ControllerTest$$Lambda/0x0000013bce2bf3f0@d8e4250]]>
              </value>
            </param>
          </params>
          <reporter-output>
          </reporter-output>
        </test-method> <!-- testNotDelegateKeyPressed -->
        <test-method is-config="true" signature="setUp()[pri:0, instance:com.github.vitalibo.brickgame.core.ControllerTest@12b0404f]" started-at="2024-04-22T10:10:03 CEST" name="setUp" finished-at="2024-04-22T10:10:03 CEST" duration-ms="16" status="PASS">
          <reporter-output>
          </reporter-output>
        </test-method> <!-- setUp -->
        <test-method signature="testNotDelegateKeyPressed(int,java.util.function.Consumer)[pri:0, instance:com.github.vitalibo.brickgame.core.ControllerTest@12b0404f]" started-at="2024-04-22T10:10:03 CEST" name="testNotDelegateKeyPressed" data-provider="actions" finished-at="2024-04-22T10:10:03 CEST" duration-ms="4" status="PASS">
          <params>
            <param index="0">
              <value>
                <![CDATA[39]]>
              </value>
            </param>
            <param index="1">
              <value>
                <![CDATA[com.github.vitalibo.brickgame.core.ControllerTest$$Lambda/0x0000013bce2bf618@6f240187]]>
              </value>
            </param>
          </params>
          <reporter-output>
          </reporter-output>
        </test-method> <!-- testNotDelegateKeyPressed -->
        <test-method is-config="true" signature="setUp()[pri:0, instance:com.github.vitalibo.brickgame.core.ControllerTest@12b0404f]" started-at="2024-04-22T10:10:03 CEST" name="setUp" finished-at="2024-04-22T10:10:03 CEST" duration-ms="11" status="PASS">
          <reporter-output>
          </reporter-output>
        </test-method> <!-- setUp -->
        <test-method signature="testNotDelegateKeyPressed(int,java.util.function.Consumer)[pri:0, instance:com.github.vitalibo.brickgame.core.ControllerTest@12b0404f]" started-at="2024-04-22T10:10:03 CEST" name="testNotDelegateKeyPressed" data-provider="actions" finished-at="2024-04-22T10:10:03 CEST" duration-ms="5" status="PASS">
          <params>
            <param index="0">
              <value>
                <![CDATA[32]]>
              </value>
            </param>
            <param index="1">
              <value>
                <![CDATA[com.github.vitalibo.brickgame.core.ControllerTest$$Lambda/0x0000013bce2bf840@704c3bdf]]>
              </value>
            </param>
          </params>
          <reporter-output>
          </reporter-output>
        </test-method> <!-- testNotDelegateKeyPressed -->
        <test-method is-config="true" signature="setUp()[pri:0, instance:com.github.vitalibo.brickgame.core.ControllerTest@12b0404f]" started-at="2024-04-22T10:10:03 CEST" name="setUp" finished-at="2024-04-22T10:10:03 CEST" duration-ms="20" status="PASS">
          <reporter-output>
          </reporter-output>
        </test-method> <!-- setUp -->
        <test-method signature="testReset()[pri:0, instance:com.github.vitalibo.brickgame.core.ControllerTest@12b0404f]" started-at="2024-04-22T10:10:03 CEST" name="testReset" finished-at="2024-04-22T10:10:03 CEST" duration-ms="124" status="PASS">
          <reporter-output>
          </reporter-output>
        </test-method> <!-- testReset -->
      </class> <!-- com.github.vitalibo.brickgame.core.ControllerTest -->
      <class name="com.github.vitalibo.brickgame.core.KernelTest">
        <test-method is-config="true" signature="setUp()[pri:0, instance:com.github.vitalibo.brickgame.core.KernelTest@78b66d36]" started-at="2024-04-22T10:10:05 CEST" name="setUp" finished-at="2024-04-22T10:10:05 CEST" duration-ms="134" status="PASS">
          <reporter-output>
          </reporter-output>
        </test-method> <!-- setUp -->
        <test-method signature="testJob()[pri:0, instance:com.github.vitalibo.brickgame.core.KernelTest@78b66d36]" started-at="2024-04-22T10:10:05 CEST" name="testJob" finished-at="2024-04-22T10:10:05 CEST" duration-ms="299" status="FAIL">
          <exception class="org.mockito.exceptions.verification.WantedButNotInvoked">
            <message>
              <![CDATA[
Wanted but not invoked:
mockConsumer.accept(
    com.github.vitalibo.brickgame.core.Kernel$Job@1530d0f2
);
-> at com.github.vitalibo.brickgame.core.KernelTest.testJob(KernelTest.java:37)
Actually, there were zero interactions with this mock.
]]>
            </message>
            <full-stacktrace>
              <![CDATA[Wanted but not invoked:
mockConsumer.accept(
    com.github.vitalibo.brickgame.core.Kernel$Job@1530d0f2
);
-> at com.github.vitalibo.brickgame.core.KernelTest.testJob(KernelTest.java:37)
Actually, there were zero interactions with this mock.

at com.github.vitalibo.brickgame.core.KernelTest.testJob(KernelTest.java:37)
at java.base/jdk.internal.reflect.DirectMethodHandleAccessor.invoke(DirectMethodHandleAccessor.java:103)
at java.base/java.lang.reflect.Method.invoke(Method.java:580)
at org.testng.internal.invokers.MethodInvocationHelper.invokeMethod(MethodInvocationHelper.java:141)
at org.testng.internal.invokers.TestInvoker.invokeMethod(TestInvoker.java:686)
at org.testng.internal.invokers.TestInvoker.invokeTestMethod(TestInvoker.java:230)
at org.testng.internal.invokers.MethodRunner.runInSequence(MethodRunner.java:63)
at org.testng.internal.invokers.TestInvoker$MethodInvocationAgent.invoke(TestInvoker.java:992)
at org.testng.internal.invokers.TestInvoker.invokeTestMethods(TestInvoker.java:203)
at org.testng.internal.invokers.TestMethodWorker.invokeTestMethods(TestMethodWorker.java:154)
at org.testng.internal.invokers.TestMethodWorker.run(TestMethodWorker.java:134)
at java.base/java.util.ArrayList.forEach(ArrayList.java:1596)
at org.testng.TestRunner.privateRun(TestRunner.java:739)
at org.testng.TestRunner.run(TestRunner.java:614)
at org.testng.SuiteRunner.runTest(SuiteRunner.java:421)
at org.testng.SuiteRunner.runSequentially(SuiteRunner.java:413)
at org.testng.SuiteRunner.privateRun(SuiteRunner.java:373)
at org.testng.SuiteRunner.run(SuiteRunner.java:312)
at org.testng.SuiteRunnerWorker.runSuite(SuiteRunnerWorker.java:52)
at org.testng.SuiteRunnerWorker.run(SuiteRunnerWorker.java:95)
at org.testng.TestNG.runSuitesSequentially(TestNG.java:1274)
at org.testng.TestNG.runSuitesLocally(TestNG.java:1208)
at org.testng.TestNG.runSuites(TestNG.java:1112)
at org.testng.TestNG.run(TestNG.java:1079)
at org.apache.maven.surefire.testng.TestNGExecutor.run(TestNGExecutor.java:155)
at org.apache.maven.surefire.testng.TestNGDirectoryTestSuite.executeMulti(TestNGDirectoryTestSuite.java:169)
at org.apache.maven.surefire.testng.TestNGDirectoryTestSuite.execute(TestNGDirectoryTestSuite.java:88)
at org.apache.maven.surefire.testng.TestNGProvider.invoke(TestNGProvider.java:137)
at org.apache.maven.surefire.booter.ForkedBooter.runSuitesInProcess(ForkedBooter.java:385)
at org.apache.maven.surefire.booter.ForkedBooter.execute(ForkedBooter.java:162)
at org.apache.maven.surefire.booter.ForkedBooter.run(ForkedBooter.java:507)
at org.apache.maven.surefire.booter.ForkedBooter.main(ForkedBooter.java:495)
]]>
            </full-stacktrace>
          </exception> <!-- org.mockito.exceptions.verification.WantedButNotInvoked -->
          <reporter-output>
          </reporter-output>
        </test-method> <!-- testJob -->
      </class> <!-- com.github.vitalibo.brickgame.core.KernelTest -->
      <class name="com.github.vitalibo.brickgame.core.ui.BrickTest">
        <test-method is-config="true" signature="setUp()[pri:0, instance:com.github.vitalibo.brickgame.core.ui.BrickTest@22a637e7]" started-at="2024-04-22T10:10:09 CEST" name="setUp" finished-at="2024-04-22T10:10:09 CEST" duration-ms="62" status="PASS">
          <reporter-output>
          </reporter-output>
        </test-method> <!-- setUp -->
        <test-method signature="testNotRepaint()[pri:0, instance:com.github.vitalibo.brickgame.core.ui.BrickTest@22a637e7]" started-at="2024-04-22T10:10:09 CEST" name="testNotRepaint" finished-at="2024-04-22T10:10:09 CEST" duration-ms="37" status="PASS">
          <reporter-output>
          </reporter-output>
        </test-method> <!-- testNotRepaint -->
        <test-method is-config="true" signature="setUp()[pri:0, instance:com.github.vitalibo.brickgame.core.ui.BrickTest@22a637e7]" started-at="2024-04-22T10:10:09 CEST" name="setUp" finished-at="2024-04-22T10:10:09 CEST" duration-ms="4" status="PASS">
          <reporter-output>
          </reporter-output>
        </test-method> <!-- setUp -->
        <test-method signature="testPaintState(boolean,java.awt.Color)[pri:0, instance:com.github.vitalibo.brickgame.core.ui.BrickTest@22a637e7]" started-at="2024-04-22T10:10:09 CEST" name="testPaintState" data-provider="samples" finished-at="2024-04-22T10:10:10 CEST" duration-ms="965" status="PASS">
          <params>
            <param index="0">
              <value>
                <![CDATA[false]]>
              </value>
            </param>
            <param index="1">
              <value>
                <![CDATA[java.awt.Color[r=97,g=112,b=91]]]>
              </value>
            </param>
          </params>
          <reporter-output>
          </reporter-output>
        </test-method> <!-- testPaintState -->
        <test-method is-config="true" signature="setUp()[pri:0, instance:com.github.vitalibo.brickgame.core.ui.BrickTest@22a637e7]" started-at="2024-04-22T10:10:10 CEST" name="setUp" finished-at="2024-04-22T10:10:10 CEST" duration-ms="1" status="PASS">
          <reporter-output>
          </reporter-output>
        </test-method> <!-- setUp -->
        <test-method signature="testPaintState(boolean,java.awt.Color)[pri:0, instance:com.github.vitalibo.brickgame.core.ui.BrickTest@22a637e7]" started-at="2024-04-22T10:10:10 CEST" name="testPaintState" data-provider="samples" finished-at="2024-04-22T10:10:10 CEST" duration-ms="16" status="PASS">
          <params>
            <param index="0">
              <value>
                <![CDATA[true]]>
              </value>
            </param>
            <param index="1">
              <value>
                <![CDATA[java.awt.Color[r=0,g=0,b=0]]]>
              </value>
            </param>
          </params>
          <reporter-output>
          </reporter-output>
        </test-method> <!-- testPaintState -->
        <test-method is-config="true" signature="setUp()[pri:0, instance:com.github.vitalibo.brickgame.core.ui.BrickTest@22a637e7]" started-at="2024-04-22T10:10:10 CEST" name="setUp" finished-at="2024-04-22T10:10:10 CEST" duration-ms="1" status="PASS">
          <reporter-output>
          </reporter-output>
        </test-method> <!-- setUp -->
        <test-method signature="testRepaint()[pri:0, instance:com.github.vitalibo.brickgame.core.ui.BrickTest@22a637e7]" started-at="2024-04-22T10:10:10 CEST" name="testRepaint" finished-at="2024-04-22T10:10:10 CEST" duration-ms="2" status="PASS">
          <reporter-output>
          </reporter-output>
        </test-method> <!-- testRepaint -->
      </class> <!-- com.github.vitalibo.brickgame.core.ui.BrickTest -->
      <class name="com.github.vitalibo.brickgame.core.CountdownJobTest">
        <test-method is-config="true" signature="setUp()[pri:0, instance:com.github.vitalibo.brickgame.core.CountdownJobTest@10e92f8f]" started-at="2024-04-22T10:10:03 CEST" name="setUp" finished-at="2024-04-22T10:10:03 CEST" duration-ms="6" status="PASS">
          <reporter-output>
          </reporter-output>
        </test-method> <!-- setUp -->
        <test-method signature="testCountdown()[pri:0, instance:com.github.vitalibo.brickgame.core.CountdownJobTest@10e92f8f]" started-at="2024-04-22T10:10:03 CEST" name="testCountdown" finished-at="2024-04-22T10:10:04 CEST" duration-ms="206" status="FAIL">
          <exception class="java.lang.AssertionError">
            <message>
              <![CDATA[expected [true] but found [false]]]>
            </message>
            <full-stacktrace>
              <![CDATA[java.lang.AssertionError: expected [true] but found [false]
at org.testng.Assert.fail(Assert.java:111)
at org.testng.Assert.failNotEquals(Assert.java:1578)
at org.testng.Assert.assertTrue(Assert.java:57)
at org.testng.Assert.assertTrue(Assert.java:67)
at com.github.vitalibo.brickgame.core.CountdownJobTest.testCountdown(CountdownJobTest.java:28)
at java.base/jdk.internal.reflect.DirectMethodHandleAccessor.invoke(DirectMethodHandleAccessor.java:103)
at java.base/java.lang.reflect.Method.invoke(Method.java:580)
at org.testng.internal.invokers.MethodInvocationHelper.invokeMethod(MethodInvocationHelper.java:141)
at org.testng.internal.invokers.TestInvoker.invokeMethod(TestInvoker.java:686)
at org.testng.internal.invokers.TestInvoker.invokeTestMethod(TestInvoker.java:230)
at org.testng.internal.invokers.MethodRunner.runInSequence(MethodRunner.java:63)
at org.testng.internal.invokers.TestInvoker$MethodInvocationAgent.invoke(TestInvoker.java:992)
at org.testng.internal.invokers.TestInvoker.invokeTestMethods(TestInvoker.java:203)
at org.testng.internal.invokers.TestMethodWorker.invokeTestMethods(TestMethodWorker.java:154)
at org.testng.internal.invokers.TestMethodWorker.run(TestMethodWorker.java:134)
at java.base/java.util.ArrayList.forEach(ArrayList.java:1596)
at org.testng.TestRunner.privateRun(TestRunner.java:739)
at org.testng.TestRunner.run(TestRunner.java:614)
at org.testng.SuiteRunner.runTest(SuiteRunner.java:421)
at org.testng.SuiteRunner.runSequentially(SuiteRunner.java:413)
at org.testng.SuiteRunner.privateRun(SuiteRunner.java:373)
at org.testng.SuiteRunner.run(SuiteRunner.java:312)
at org.testng.SuiteRunnerWorker.runSuite(SuiteRunnerWorker.java:52)
at org.testng.SuiteRunnerWorker.run(SuiteRunnerWorker.java:95)
at org.testng.TestNG.runSuitesSequentially(TestNG.java:1274)
at org.testng.TestNG.runSuitesLocally(TestNG.java:1208)
at org.testng.TestNG.runSuites(TestNG.java:1112)
at org.testng.TestNG.run(TestNG.java:1079)
at org.apache.maven.surefire.testng.TestNGExecutor.run(TestNGExecutor.java:155)
at org.apache.maven.surefire.testng.TestNGDirectoryTestSuite.executeMulti(TestNGDirectoryTestSuite.java:169)
at org.apache.maven.surefire.testng.TestNGDirectoryTestSuite.execute(TestNGDirectoryTestSuite.java:88)
at org.apache.maven.surefire.testng.TestNGProvider.invoke(TestNGProvider.java:137)
at org.apache.maven.surefire.booter.ForkedBooter.runSuitesInProcess(ForkedBooter.java:385)
at org.apache.maven.surefire.booter.ForkedBooter.execute(ForkedBooter.java:162)
at org.apache.maven.surefire.booter.ForkedBooter.run(ForkedBooter.java:507)
at org.apache.maven.surefire.booter.ForkedBooter.main(ForkedBooter.java:495)
]]>
            </full-stacktrace>
          </exception> <!-- java.lang.AssertionError -->
          <reporter-output>
          </reporter-output>
        </test-method> <!-- testCountdown -->
      </class> <!-- com.github.vitalibo.brickgame.core.CountdownJobTest -->
      <class name="com.github.vitalibo.brickgame.game.snake.MouseTest">
        <test-method is-config="true" signature="setUp()[pri:0, instance:com.github.vitalibo.brickgame.game.snake.MouseTest@64cd705f]" started-at="2024-04-22T10:10:23 CEST" name="setUp" finished-at="2024-04-22T10:10:23 CEST" duration-ms="3" status="PASS">
          <reporter-output>
          </reporter-output>
        </test-method> <!-- setUp -->
        <test-method signature="testEatMouse()[pri:0, instance:com.github.vitalibo.brickgame.game.snake.MouseTest@64cd705f]" started-at="2024-04-22T10:10:23 CEST" name="testEatMouse" finished-at="2024-04-22T10:10:23 CEST" duration-ms="7" status="PASS">
          <reporter-output>
          </reporter-output>
        </test-method> <!-- testEatMouse -->
        <test-method is-config="true" signature="setUp()[pri:0, instance:com.github.vitalibo.brickgame.game.snake.MouseTest@64cd705f]" started-at="2024-04-22T10:10:23 CEST" name="setUp" finished-at="2024-04-22T10:10:23 CEST" duration-ms="1" status="PASS">
          <reporter-output>
          </reporter-output>
        </test-method> <!-- setUp -->
        <test-method signature="testNextPoint(java.util.List,com.github.vitalibo.brickgame.game.Point)[pri:0, instance:com.github.vitalibo.brickgame.game.snake.MouseTest@64cd705f]" started-at="2024-04-22T10:10:23 CEST" name="testNextPoint" data-provider="generator" finished-at="2024-04-22T10:10:23 CEST" duration-ms="1" status="PASS">
          <params>
            <param index="0">
              <value>
                <![CDATA[[Point(y=0, x=0), Point(y=0, x=1), Point(y=0, x=2), Point(y=0, x=3), Point(y=0, x=4), Point(y=0, x=5), Point(y=0, x=6), Point(y=0, x=7), Point(y=0, x=8), Point(y=0, x=9), Point(y=1, x=0), Point(y=1, x=1), Point(y=1, x=2), Point(y=1, x=3), Point(y=1, x=4), Point(y=1, x=5), Point(y=1, x=6), Point(y=1, x=7), Point(y=1, x=8), Point(y=1, x=9), Point(y=2, x=0), Point(y=2, x=1), Point(y=2, x=2), Point(y=2, x=3), Point(y=2, x=4), Point(y=2, x=5), Point(y=2, x=6), Point(y=2, x=7), Point(y=2, x=8), Point(y=2, x=9), Point(y=3, x=0), Point(y=3, x=1), Point(y=3, x=2), Point(y=3, x=3), Point(y=3, x=4), Point(y=3, x=5), Point(y=3, x=6), Point(y=3, x=7), Point(y=3, x=8), Point(y=3, x=9), Point(y=4, x=0), Point(y=4, x=1), Point(y=4, x=2), Point(y=4, x=3), Point(y=4, x=4), Point(y=4, x=5), Point(y=4, x=6), Point(y=4, x=7), Point(y=4, x=8), Point(y=4, x=9), Point(y=5, x=0), Point(y=5, x=1), Point(y=5, x=2), Point(y=5, x=3), Point(y=5, x=4), Point(y=5, x=5), Point(y=5, x=6), Point(y=5, x=7), Point(y=5, x=8), Point(y=5, x=9), Point(y=6, x=0), Point(y=6, x=1), Point(y=6, x=2), Point(y=6, x=3), Point(y=6, x=4), Point(y=6, x=5), Point(y=6, x=6), Point(y=6, x=7), Point(y=6, x=8), Point(y=6, x=9), Point(y=7, x=0), Point(y=7, x=1), Point(y=7, x=2), Point(y=7, x=3), Point(y=7, x=4), Point(y=7, x=5), Point(y=7, x=6), Point(y=7, x=7), Point(y=7, x=8), Point(y=7, x=9), Point(y=8, x=0), Point(y=8, x=1), Point(y=8, x=2), Point(y=8, x=3), Point(y=8, x=4), Point(y=8, x=5), Point(y=8, x=6), Point(y=8, x=7), Point(y=8, x=8), Point(y=8, x=9), Point(y=9, x=0), Point(y=9, x=1), Point(y=9, x=2), Point(y=9, x=3), Point(y=9, x=4), Point(y=9, x=5), Point(y=9, x=6), Point(y=9, x=7), Point(y=9, x=8), Point(y=9, x=9), Point(y=10, x=0), Point(y=10, x=1), Point(y=10, x=2), Point(y=10, x=3), Point(y=10, x=4), Point(y=10, x=5), Point(y=10, x=6), Point(y=10, x=7), Point(y=10, x=8), Point(y=10, x=9), Point(y=11, x=0), Point(y=11, x=2), Point(y=11, x=3), Point(y=11, x=4), Point(y=11, x=5), Point(y=11, x=6), Point(y=11, x=7), Point(y=11, x=8), Point(y=11, x=9), Point(y=12, x=0), Point(y=12, x=1), Point(y=12, x=2), Point(y=12, x=3), Point(y=12, x=4), Point(y=12, x=5), Point(y=12, x=6), Point(y=12, x=7), Point(y=12, x=8), Point(y=12, x=9), Point(y=13, x=0), Point(y=13, x=1), Point(y=13, x=2), Point(y=13, x=3), Point(y=13, x=4), Point(y=13, x=5), Point(y=13, x=6), Point(y=13, x=7), Point(y=13, x=8), Point(y=13, x=9), Point(y=14, x=0), Point(y=14, x=1), Point(y=14, x=2), Point(y=14, x=3), Point(y=14, x=4), Point(y=14, x=5), Point(y=14, x=6), Point(y=14, x=7), Point(y=14, x=8), Point(y=14, x=9), Point(y=15, x=0), Point(y=15, x=1), Point(y=15, x=2), Point(y=15, x=3), Point(y=15, x=4), Point(y=15, x=5), Point(y=15, x=6), Point(y=15, x=7), Point(y=15, x=8), Point(y=15, x=9), Point(y=16, x=0), Point(y=16, x=1), Point(y=16, x=2), Point(y=16, x=3), Point(y=16, x=4), Point(y=16, x=5), Point(y=16, x=6), Point(y=16, x=7), Point(y=16, x=8), Point(y=16, x=9), Point(y=17, x=0), Point(y=17, x=1), Point(y=17, x=2), Point(y=17, x=3), Point(y=17, x=4), Point(y=17, x=5), Point(y=17, x=6), Point(y=17, x=7), Point(y=17, x=8), Point(y=17, x=9), Point(y=18, x=0), Point(y=18, x=1), Point(y=18, x=2), Point(y=18, x=3), Point(y=18, x=4), Point(y=18, x=5), Point(y=18, x=6), Point(y=18, x=7), Point(y=18, x=8), Point(y=18, x=9), Point(y=19, x=0), Point(y=19, x=1), Point(y=19, x=2), Point(y=19, x=3), Point(y=19, x=4), Point(y=19, x=5), Point(y=19, x=6), Point(y=19, x=7), Point(y=19, x=8), Point(y=19, x=9)]]]>
              </value>
            </param>
            <param index="1">
              <value>
                <![CDATA[Point(y=11, x=1)]]>
              </value>
            </param>
          </params>
          <reporter-output>
          </reporter-output>
        </test-method> <!-- testNextPoint -->
        <test-method is-config="true" signature="setUp()[pri:0, instance:com.github.vitalibo.brickgame.game.snake.MouseTest@64cd705f]" started-at="2024-04-22T10:10:23 CEST" name="setUp" finished-at="2024-04-22T10:10:23 CEST" duration-ms="5" status="PASS">
          <reporter-output>
          </reporter-output>
        </test-method> <!-- setUp -->
        <test-method signature="testNextPoint(java.util.List,com.github.vitalibo.brickgame.game.Point)[pri:0, instance:com.github.vitalibo.brickgame.game.snake.MouseTest@64cd705f]" started-at="2024-04-22T10:10:23 CEST" name="testNextPoint" data-provider="generator" finished-at="2024-04-22T10:10:23 CEST" duration-ms="3" status="PASS">
          <params>
            <param index="0">
              <value>
                <![CDATA[[Point(y=0, x=0), Point(y=0, x=1), Point(y=0, x=2), Point(y=0, x=3), Point(y=0, x=4), Point(y=0, x=5), Point(y=0, x=6), Point(y=0, x=7), Point(y=0, x=8), Point(y=0, x=9), Point(y=1, x=0), Point(y=1, x=1), Point(y=1, x=2), Point(y=1, x=3), Point(y=1, x=4), Point(y=1, x=5), Point(y=1, x=6), Point(y=1, x=7), Point(y=1, x=8), Point(y=1, x=9), Point(y=2, x=0), Point(y=2, x=1), Point(y=2, x=2), Point(y=2, x=3), Point(y=2, x=4), Point(y=2, x=5), Point(y=2, x=6), Point(y=2, x=7), Point(y=2, x=8), Point(y=2, x=9), Point(y=3, x=0), Point(y=3, x=1), Point(y=3, x=2), Point(y=3, x=3), Point(y=3, x=4), Point(y=3, x=5), Point(y=3, x=6), Point(y=3, x=7), Point(y=3, x=8), Point(y=3, x=9), Point(y=4, x=0), Point(y=4, x=1), Point(y=4, x=2), Point(y=4, x=3), Point(y=4, x=4), Point(y=4, x=5), Point(y=4, x=6), Point(y=4, x=7), Point(y=4, x=8), Point(y=4, x=9), Point(y=5, x=0), Point(y=5, x=1), Point(y=5, x=2), Point(y=5, x=3), Point(y=5, x=4), Point(y=5, x=5), Point(y=5, x=6), Point(y=5, x=7), Point(y=5, x=8), Point(y=5, x=9), Point(y=6, x=0), Point(y=6, x=1), Point(y=6, x=2), Point(y=6, x=3), Point(y=6, x=4), Point(y=6, x=5), Point(y=6, x=6), Point(y=6, x=7), Point(y=6, x=8), Point(y=6, x=9), Point(y=7, x=0), Point(y=7, x=1), Point(y=7, x=2), Point(y=7, x=3), Point(y=7, x=4), Point(y=7, x=5), Point(y=7, x=6), Point(y=7, x=7), Point(y=7, x=8), Point(y=7, x=9), Point(y=8, x=0), Point(y=8, x=1), Point(y=8, x=2), Point(y=8, x=3), Point(y=8, x=4), Point(y=8, x=5), Point(y=8, x=6), Point(y=8, x=7), Point(y=8, x=8), Point(y=8, x=9), Point(y=9, x=0), Point(y=9, x=1), Point(y=9, x=2), Point(y=9, x=3), Point(y=9, x=4), Point(y=9, x=5), Point(y=9, x=6), Point(y=9, x=7), Point(y=9, x=8), Point(y=9, x=9), Point(y=10, x=0), Point(y=10, x=1), Point(y=10, x=2), Point(y=10, x=3), Point(y=10, x=4), Point(y=10, x=5), Point(y=10, x=6), Point(y=10, x=7), Point(y=10, x=8), Point(y=10, x=9), Point(y=11, x=0), Point(y=11, x=1), Point(y=11, x=2), Point(y=11, x=3), Point(y=11, x=4), Point(y=11, x=5), Point(y=11, x=6), Point(y=11, x=7), Point(y=11, x=8), Point(y=11, x=9), Point(y=12, x=0), Point(y=12, x=1), Point(y=12, x=2), Point(y=12, x=3), Point(y=12, x=4), Point(y=12, x=5), Point(y=12, x=6), Point(y=12, x=8), Point(y=12, x=9), Point(y=13, x=0), Point(y=13, x=1), Point(y=13, x=2), Point(y=13, x=3), Point(y=13, x=4), Point(y=13, x=5), Point(y=13, x=6), Point(y=13, x=7), Point(y=13, x=8), Point(y=13, x=9), Point(y=14, x=0), Point(y=14, x=1), Point(y=14, x=2), Point(y=14, x=3), Point(y=14, x=4), Point(y=14, x=5), Point(y=14, x=6), Point(y=14, x=7), Point(y=14, x=8), Point(y=14, x=9), Point(y=15, x=0), Point(y=15, x=1), Point(y=15, x=2), Point(y=15, x=3), Point(y=15, x=4), Point(y=15, x=5), Point(y=15, x=6), Point(y=15, x=7), Point(y=15, x=8), Point(y=15, x=9), Point(y=16, x=0), Point(y=16, x=1), Point(y=16, x=2), Point(y=16, x=3), Point(y=16, x=4), Point(y=16, x=5), Point(y=16, x=6), Point(y=16, x=7), Point(y=16, x=8), Point(y=16, x=9), Point(y=17, x=0), Point(y=17, x=1), Point(y=17, x=2), Point(y=17, x=3), Point(y=17, x=4), Point(y=17, x=5), Point(y=17, x=6), Point(y=17, x=7), Point(y=17, x=8), Point(y=17, x=9), Point(y=18, x=0), Point(y=18, x=1), Point(y=18, x=2), Point(y=18, x=3), Point(y=18, x=4), Point(y=18, x=5), Point(y=18, x=6), Point(y=18, x=7), Point(y=18, x=8), Point(y=18, x=9), Point(y=19, x=0), Point(y=19, x=1), Point(y=19, x=2), Point(y=19, x=3), Point(y=19, x=4), Point(y=19, x=5), Point(y=19, x=6), Point(y=19, x=7), Point(y=19, x=8), Point(y=19, x=9)]]]>
              </value>
            </param>
            <param index="1">
              <value>
                <![CDATA[Point(y=12, x=7)]]>
              </value>
            </param>
          </params>
          <reporter-output>
          </reporter-output>
        </test-method> <!-- testNextPoint -->
        <test-method is-config="true" signature="setUp()[pri:0, instance:com.github.vitalibo.brickgame.game.snake.MouseTest@64cd705f]" started-at="2024-04-22T10:10:23 CEST" name="setUp" finished-at="2024-04-22T10:10:23 CEST" duration-ms="1" status="PASS">
          <reporter-output>
          </reporter-output>
        </test-method> <!-- setUp -->
        <test-method signature="testNextPoint(java.util.List,com.github.vitalibo.brickgame.game.Point)[pri:0, instance:com.github.vitalibo.brickgame.game.snake.MouseTest@64cd705f]" started-at="2024-04-22T10:10:23 CEST" name="testNextPoint" data-provider="generator" finished-at="2024-04-22T10:10:23 CEST" duration-ms="1" status="PASS">
          <params>
            <param index="0">
              <value>
                <![CDATA[[Point(y=0, x=0), Point(y=0, x=1), Point(y=0, x=2), Point(y=0, x=3), Point(y=0, x=4), Point(y=0, x=5), Point(y=0, x=6), Point(y=0, x=7), Point(y=0, x=9), Point(y=1, x=0), Point(y=1, x=1), Point(y=1, x=2), Point(y=1, x=3), Point(y=1, x=4), Point(y=1, x=5), Point(y=1, x=6), Point(y=1, x=7), Point(y=1, x=8), Point(y=1, x=9), Point(y=2, x=0), Point(y=2, x=1), Point(y=2, x=2), Point(y=2, x=3), Point(y=2, x=4), Point(y=2, x=5), Point(y=2, x=6), Point(y=2, x=7), Point(y=2, x=8), Point(y=2, x=9), Point(y=3, x=0), Point(y=3, x=1), Point(y=3, x=2), Point(y=3, x=3), Point(y=3, x=4), Point(y=3, x=5), Point(y=3, x=6), Point(y=3, x=7), Point(y=3, x=8), Point(y=3, x=9), Point(y=4, x=0), Point(y=4, x=1), Point(y=4, x=2), Point(y=4, x=3), Point(y=4, x=4), Point(y=4, x=5), Point(y=4, x=6), Point(y=4, x=7), Point(y=4, x=8), Point(y=4, x=9), Point(y=5, x=0), Point(y=5, x=1), Point(y=5, x=2), Point(y=5, x=3), Point(y=5, x=4), Point(y=5, x=5), Point(y=5, x=6), Point(y=5, x=7), Point(y=5, x=8), Point(y=5, x=9), Point(y=6, x=0), Point(y=6, x=1), Point(y=6, x=2), Point(y=6, x=3), Point(y=6, x=4), Point(y=6, x=5), Point(y=6, x=6), Point(y=6, x=7), Point(y=6, x=8), Point(y=6, x=9), Point(y=7, x=0), Point(y=7, x=1), Point(y=7, x=2), Point(y=7, x=3), Point(y=7, x=4), Point(y=7, x=5), Point(y=7, x=6), Point(y=7, x=7), Point(y=7, x=8), Point(y=7, x=9), Point(y=8, x=0), Point(y=8, x=1), Point(y=8, x=2), Point(y=8, x=3), Point(y=8, x=4), Point(y=8, x=5), Point(y=8, x=6), Point(y=8, x=7), Point(y=8, x=8), Point(y=8, x=9), Point(y=9, x=0), Point(y=9, x=1), Point(y=9, x=2), Point(y=9, x=3), Point(y=9, x=4), Point(y=9, x=5), Point(y=9, x=6), Point(y=9, x=7), Point(y=9, x=8), Point(y=9, x=9), Point(y=10, x=0), Point(y=10, x=1), Point(y=10, x=2), Point(y=10, x=3), Point(y=10, x=4), Point(y=10, x=5), Point(y=10, x=6), Point(y=10, x=7), Point(y=10, x=8), Point(y=10, x=9), Point(y=11, x=0), Point(y=11, x=1), Point(y=11, x=2), Point(y=11, x=3), Point(y=11, x=4), Point(y=11, x=5), Point(y=11, x=6), Point(y=11, x=7), Point(y=11, x=8), Point(y=11, x=9), Point(y=12, x=0), Point(y=12, x=1), Point(y=12, x=2), Point(y=12, x=3), Point(y=12, x=4), Point(y=12, x=5), Point(y=12, x=6), Point(y=12, x=7), Point(y=12, x=8), Point(y=12, x=9), Point(y=13, x=0), Point(y=13, x=1), Point(y=13, x=2), Point(y=13, x=3), Point(y=13, x=4), Point(y=13, x=5), Point(y=13, x=6), Point(y=13, x=7), Point(y=13, x=8), Point(y=13, x=9), Point(y=14, x=0), Point(y=14, x=1), Point(y=14, x=2), Point(y=14, x=3), Point(y=14, x=4), Point(y=14, x=5), Point(y=14, x=6), Point(y=14, x=7), Point(y=14, x=8), Point(y=14, x=9), Point(y=15, x=0), Point(y=15, x=1), Point(y=15, x=2), Point(y=15, x=3), Point(y=15, x=4), Point(y=15, x=5), Point(y=15, x=6), Point(y=15, x=7), Point(y=15, x=8), Point(y=15, x=9), Point(y=16, x=0), Point(y=16, x=1), Point(y=16, x=2), Point(y=16, x=3), Point(y=16, x=4), Point(y=16, x=5), Point(y=16, x=6), Point(y=16, x=7), Point(y=16, x=8), Point(y=16, x=9), Point(y=17, x=0), Point(y=17, x=1), Point(y=17, x=2), Point(y=17, x=3), Point(y=17, x=4), Point(y=17, x=5), Point(y=17, x=6), Point(y=17, x=7), Point(y=17, x=8), Point(y=17, x=9), Point(y=18, x=0), Point(y=18, x=1), Point(y=18, x=2), Point(y=18, x=3), Point(y=18, x=4), Point(y=18, x=5), Point(y=18, x=6), Point(y=18, x=7), Point(y=18, x=8), Point(y=18, x=9), Point(y=19, x=0), Point(y=19, x=1), Point(y=19, x=2), Point(y=19, x=3), Point(y=19, x=4), Point(y=19, x=5), Point(y=19, x=6), Point(y=19, x=7), Point(y=19, x=8), Point(y=19, x=9)]]]>
              </value>
            </param>
            <param index="1">
              <value>
                <![CDATA[Point(y=0, x=8)]]>
              </value>
            </param>
          </params>
          <reporter-output>
          </reporter-output>
        </test-method> <!-- testNextPoint -->
        <test-method is-config="true" signature="setUp()[pri:0, instance:com.github.vitalibo.brickgame.game.snake.MouseTest@64cd705f]" started-at="2024-04-22T10:10:23 CEST" name="setUp" finished-at="2024-04-22T10:10:23 CEST" duration-ms="5" status="PASS">
          <reporter-output>
          </reporter-output>
        </test-method> <!-- setUp -->
        <test-method signature="testNextPoint(java.util.List,com.github.vitalibo.brickgame.game.Point)[pri:0, instance:com.github.vitalibo.brickgame.game.snake.MouseTest@64cd705f]" started-at="2024-04-22T10:10:23 CEST" name="testNextPoint" data-provider="generator" finished-at="2024-04-22T10:10:23 CEST" duration-ms="13" status="PASS">
          <params>
            <param index="0">
              <value>
                <![CDATA[[Point(y=0, x=0), Point(y=0, x=1), Point(y=0, x=2), Point(y=0, x=3), Point(y=0, x=4), Point(y=0, x=5), Point(y=0, x=6), Point(y=0, x=7), Point(y=0, x=8), Point(y=0, x=9), Point(y=1, x=0), Point(y=1, x=1), Point(y=1, x=2), Point(y=1, x=3), Point(y=1, x=4), Point(y=1, x=5), Point(y=1, x=6), Point(y=1, x=7), Point(y=1, x=8), Point(y=1, x=9), Point(y=2, x=0), Point(y=2, x=1), Point(y=2, x=2), Point(y=2, x=3), Point(y=2, x=4), Point(y=2, x=5), Point(y=2, x=6), Point(y=2, x=7), Point(y=2, x=8), Point(y=2, x=9), Point(y=3, x=0), Point(y=3, x=1), Point(y=3, x=2), Point(y=3, x=3), Point(y=3, x=4), Point(y=3, x=5), Point(y=3, x=6), Point(y=3, x=7), Point(y=3, x=8), Point(y=3, x=9), Point(y=4, x=0), Point(y=4, x=1), Point(y=4, x=2), Point(y=4, x=3), Point(y=4, x=4), Point(y=4, x=5), Point(y=4, x=6), Point(y=4, x=7), Point(y=4, x=8), Point(y=4, x=9), Point(y=5, x=0), Point(y=5, x=1), Point(y=5, x=2), Point(y=5, x=3), Point(y=5, x=4), Point(y=5, x=5), Point(y=5, x=6), Point(y=5, x=7), Point(y=5, x=8), Point(y=5, x=9), Point(y=6, x=0), Point(y=6, x=1), Point(y=6, x=2), Point(y=6, x=3), Point(y=6, x=4), Point(y=6, x=5), Point(y=6, x=6), Point(y=6, x=7), Point(y=6, x=8), Point(y=6, x=9), Point(y=7, x=0), Point(y=7, x=1), Point(y=7, x=2), Point(y=7, x=3), Point(y=7, x=4), Point(y=7, x=5), Point(y=7, x=6), Point(y=7, x=7), Point(y=7, x=8), Point(y=7, x=9), Point(y=8, x=0), Point(y=8, x=1), Point(y=8, x=2), Point(y=8, x=3), Point(y=8, x=4), Point(y=8, x=5), Point(y=8, x=6), Point(y=8, x=7), Point(y=8, x=8), Point(y=8, x=9), Point(y=9, x=0), Point(y=9, x=1), Point(y=9, x=2), Point(y=9, x=3), Point(y=9, x=4), Point(y=9, x=5), Point(y=9, x=6), Point(y=9, x=7), Point(y=9, x=8), Point(y=9, x=9), Point(y=10, x=0), Point(y=10, x=1), Point(y=10, x=2), Point(y=10, x=3), Point(y=10, x=4), Point(y=10, x=5), Point(y=10, x=6), Point(y=10, x=7), Point(y=10, x=8), Point(y=10, x=9), Point(y=11, x=0), Point(y=11, x=2), Point(y=11, x=3), Point(y=11, x=4), Point(y=11, x=5), Point(y=11, x=6), Point(y=11, x=7), Point(y=11, x=8), Point(y=11, x=9), Point(y=12, x=0), Point(y=12, x=1), Point(y=12, x=2), Point(y=12, x=3), Point(y=12, x=4), Point(y=12, x=5), Point(y=12, x=6), Point(y=12, x=7), Point(y=12, x=8), Point(y=12, x=9), Point(y=13, x=0), Point(y=13, x=1), Point(y=13, x=2), Point(y=13, x=3), Point(y=13, x=4), Point(y=13, x=5), Point(y=13, x=6), Point(y=13, x=7), Point(y=13, x=8), Point(y=13, x=9), Point(y=14, x=0), Point(y=14, x=1), Point(y=14, x=2), Point(y=14, x=3), Point(y=14, x=4), Point(y=14, x=5), Point(y=14, x=6), Point(y=14, x=7), Point(y=14, x=8), Point(y=14, x=9), Point(y=15, x=0), Point(y=15, x=1), Point(y=15, x=2), Point(y=15, x=3), Point(y=15, x=4), Point(y=15, x=5), Point(y=15, x=6), Point(y=15, x=7), Point(y=15, x=8), Point(y=15, x=9), Point(y=16, x=0), Point(y=16, x=1), Point(y=16, x=2), Point(y=16, x=3), Point(y=16, x=4), Point(y=16, x=5), Point(y=16, x=6), Point(y=16, x=7), Point(y=16, x=8), Point(y=16, x=9), Point(y=17, x=0), Point(y=17, x=1), Point(y=17, x=2), Point(y=17, x=3), Point(y=17, x=4), Point(y=17, x=5), Point(y=17, x=6), Point(y=17, x=7), Point(y=17, x=8), Point(y=17, x=9), Point(y=18, x=0), Point(y=18, x=1), Point(y=18, x=2), Point(y=18, x=3), Point(y=18, x=4), Point(y=18, x=5), Point(y=18, x=6), Point(y=18, x=7), Point(y=18, x=8), Point(y=18, x=9), Point(y=19, x=0), Point(y=19, x=1), Point(y=19, x=2), Point(y=19, x=3), Point(y=19, x=4), Point(y=19, x=5), Point(y=19, x=6), Point(y=19, x=7), Point(y=19, x=8), Point(y=19, x=9)]]]>
              </value>
            </param>
            <param index="1">
              <value>
                <![CDATA[Point(y=11, x=1)]]>
              </value>
            </param>
          </params>
          <reporter-output>
          </reporter-output>
        </test-method> <!-- testNextPoint -->
        <test-method is-config="true" signature="setUp()[pri:0, instance:com.github.vitalibo.brickgame.game.snake.MouseTest@64cd705f]" started-at="2024-04-22T10:10:23 CEST" name="setUp" finished-at="2024-04-22T10:10:23 CEST" duration-ms="1" status="PASS">
          <reporter-output>
          </reporter-output>
        </test-method> <!-- setUp -->
        <test-method signature="testNextPoint(java.util.List,com.github.vitalibo.brickgame.game.Point)[pri:0, instance:com.github.vitalibo.brickgame.game.snake.MouseTest@64cd705f]" started-at="2024-04-22T10:10:23 CEST" name="testNextPoint" data-provider="generator" finished-at="2024-04-22T10:10:23 CEST" duration-ms="99" status="PASS">
          <params>
            <param index="0">
              <value>
                <![CDATA[[Point(y=0, x=0), Point(y=0, x=1), Point(y=0, x=2), Point(y=0, x=3), Point(y=0, x=4), Point(y=0, x=5), Point(y=0, x=6), Point(y=0, x=7), Point(y=0, x=8), Point(y=0, x=9), Point(y=1, x=0), Point(y=1, x=1), Point(y=1, x=2), Point(y=1, x=3), Point(y=1, x=4), Point(y=1, x=5), Point(y=1, x=6), Point(y=1, x=7), Point(y=1, x=8), Point(y=1, x=9), Point(y=2, x=0), Point(y=2, x=1), Point(y=2, x=2), Point(y=2, x=3), Point(y=2, x=4), Point(y=2, x=5), Point(y=2, x=6), Point(y=2, x=7), Point(y=2, x=8), Point(y=2, x=9), Point(y=3, x=0), Point(y=3, x=1), Point(y=3, x=2), Point(y=3, x=3), Point(y=3, x=4), Point(y=3, x=5), Point(y=3, x=6), Point(y=3, x=7), Point(y=3, x=8), Point(y=3, x=9), Point(y=4, x=0), Point(y=4, x=1), Point(y=4, x=2), Point(y=4, x=3), Point(y=4, x=4), Point(y=4, x=5), Point(y=4, x=6), Point(y=4, x=7), Point(y=4, x=8), Point(y=4, x=9), Point(y=5, x=0), Point(y=5, x=1), Point(y=5, x=2), Point(y=5, x=3), Point(y=5, x=4), Point(y=5, x=5), Point(y=5, x=6), Point(y=5, x=7), Point(y=5, x=8), Point(y=5, x=9), Point(y=6, x=0), Point(y=6, x=1), Point(y=6, x=2), Point(y=6, x=3), Point(y=6, x=4), Point(y=6, x=5), Point(y=6, x=6), Point(y=6, x=7), Point(y=6, x=8), Point(y=6, x=9), Point(y=7, x=0), Point(y=7, x=1), Point(y=7, x=2), Point(y=7, x=3), Point(y=7, x=4), Point(y=7, x=5), Point(y=7, x=6), Point(y=7, x=7), Point(y=7, x=8), Point(y=7, x=9), Point(y=8, x=0), Point(y=8, x=1), Point(y=8, x=2), Point(y=8, x=3), Point(y=8, x=4), Point(y=8, x=5), Point(y=8, x=6), Point(y=8, x=7), Point(y=8, x=8), Point(y=8, x=9), Point(y=9, x=0), Point(y=9, x=1), Point(y=9, x=2), Point(y=9, x=3), Point(y=9, x=4), Point(y=9, x=5), Point(y=9, x=6), Point(y=9, x=7), Point(y=9, x=8), Point(y=9, x=9), Point(y=10, x=0), Point(y=10, x=1), Point(y=10, x=2), Point(y=10, x=3), Point(y=10, x=4), Point(y=10, x=5), Point(y=10, x=6), Point(y=10, x=7), Point(y=10, x=8), Point(y=10, x=9), Point(y=11, x=0), Point(y=11, x=1), Point(y=11, x=2), Point(y=11, x=3), Point(y=11, x=4), Point(y=11, x=5), Point(y=11, x=6), Point(y=11, x=7), Point(y=11, x=8), Point(y=11, x=9), Point(y=12, x=0), Point(y=12, x=1), Point(y=12, x=2), Point(y=12, x=3), Point(y=12, x=4), Point(y=12, x=5), Point(y=12, x=6), Point(y=12, x=7), Point(y=12, x=8), Point(y=12, x=9), Point(y=13, x=0), Point(y=13, x=1), Point(y=13, x=2), Point(y=13, x=3), Point(y=13, x=4), Point(y=13, x=5), Point(y=13, x=6), Point(y=13, x=7), Point(y=13, x=8), Point(y=13, x=9), Point(y=14, x=0), Point(y=14, x=1), Point(y=14, x=2), Point(y=14, x=3), Point(y=14, x=4), Point(y=14, x=5), Point(y=14, x=6), Point(y=14, x=7), Point(y=14, x=8), Point(y=14, x=9), Point(y=15, x=0), Point(y=15, x=1), Point(y=15, x=2), Point(y=15, x=3), Point(y=15, x=4), Point(y=15, x=5), Point(y=15, x=6), Point(y=15, x=7), Point(y=15, x=8), Point(y=15, x=9), Point(y=16, x=0), Point(y=16, x=1), Point(y=16, x=2), Point(y=16, x=3), Point(y=16, x=4), Point(y=16, x=5), Point(y=16, x=6), Point(y=16, x=7), Point(y=16, x=8), Point(y=16, x=9), Point(y=17, x=0), Point(y=17, x=1), Point(y=17, x=2), Point(y=17, x=3), Point(y=17, x=4), Point(y=17, x=5), Point(y=17, x=6), Point(y=17, x=7), Point(y=17, x=9), Point(y=18, x=0), Point(y=18, x=1), Point(y=18, x=2), Point(y=18, x=3), Point(y=18, x=4), Point(y=18, x=5), Point(y=18, x=6), Point(y=18, x=7), Point(y=18, x=8), Point(y=18, x=9), Point(y=19, x=0), Point(y=19, x=1), Point(y=19, x=2), Point(y=19, x=3), Point(y=19, x=4), Point(y=19, x=5), Point(y=19, x=6), Point(y=19, x=7), Point(y=19, x=8), Point(y=19, x=9)]]]>
              </value>
            </param>
            <param index="1">
              <value>
                <![CDATA[Point(y=17, x=8)]]>
              </value>
            </param>
          </params>
          <reporter-output>
          </reporter-output>
        </test-method> <!-- testNextPoint -->
        <test-method signature="testNextPoint(java.util.List,com.github.vitalibo.brickgame.game.Point)[pri:0, instance:com.github.vitalibo.brickgame.game.snake.MouseTest@64cd705f]" started-at="2024-04-22T10:10:23 CEST" name="testNextPoint" data-provider="generator" finished-at="2024-04-22T10:10:23 CEST" duration-ms="8" status="PASS">
          <params>
            <param index="0">
              <value>
                <![CDATA[[Point(y=0, x=0), Point(y=0, x=1), Point(y=0, x=2), Point(y=0, x=3), Point(y=0, x=4), Point(y=0, x=5), Point(y=0, x=6), Point(y=0, x=7), Point(y=0, x=8), Point(y=0, x=9), Point(y=1, x=0), Point(y=1, x=1), Point(y=1, x=2), Point(y=1, x=3), Point(y=1, x=4), Point(y=1, x=5), Point(y=1, x=6), Point(y=1, x=7), Point(y=1, x=8), Point(y=1, x=9), Point(y=2, x=0), Point(y=2, x=1), Point(y=2, x=2), Point(y=2, x=3), Point(y=2, x=4), Point(y=2, x=5), Point(y=2, x=6), Point(y=2, x=7), Point(y=2, x=8), Point(y=2, x=9), Point(y=3, x=0), Point(y=3, x=1), Point(y=3, x=2), Point(y=3, x=3), Point(y=3, x=4), Point(y=3, x=5), Point(y=3, x=6), Point(y=3, x=7), Point(y=3, x=8), Point(y=3, x=9), Point(y=4, x=0), Point(y=4, x=1), Point(y=4, x=2), Point(y=4, x=3), Point(y=4, x=4), Point(y=4, x=5), Point(y=4, x=6), Point(y=4, x=7), Point(y=4, x=8), Point(y=4, x=9), Point(y=5, x=0), Point(y=5, x=1), Point(y=5, x=2), Point(y=5, x=3), Point(y=5, x=4), Point(y=5, x=5), Point(y=5, x=6), Point(y=5, x=7), Point(y=5, x=8), Point(y=5, x=9), Point(y=6, x=0), Point(y=6, x=1), Point(y=6, x=2), Point(y=6, x=3), Point(y=6, x=4), Point(y=6, x=5), Point(y=6, x=6), Point(y=6, x=7), Point(y=6, x=8), Point(y=6, x=9), Point(y=7, x=0), Point(y=7, x=1), Point(y=7, x=2), Point(y=7, x=3), Point(y=7, x=4), Point(y=7, x=5), Point(y=7, x=6), Point(y=7, x=7), Point(y=7, x=8), Point(y=7, x=9), Point(y=8, x=0), Point(y=8, x=1), Point(y=8, x=2), Point(y=8, x=3), Point(y=8, x=4), Point(y=8, x=5), Point(y=8, x=6), Point(y=8, x=7), Point(y=8, x=8), Point(y=8, x=9), Point(y=9, x=0), Point(y=9, x=1), Point(y=9, x=2), Point(y=9, x=3), Point(y=9, x=4), Point(y=9, x=5), Point(y=9, x=6), Point(y=9, x=7), Point(y=9, x=8), Point(y=9, x=9), Point(y=10, x=0), Point(y=10, x=1), Point(y=10, x=2), Point(y=10, x=3), Point(y=10, x=4), Point(y=10, x=5), Point(y=10, x=6), Point(y=10, x=7), Point(y=10, x=8), Point(y=10, x=9), Point(y=11, x=0), Point(y=11, x=1), Point(y=11, x=2), Point(y=11, x=3), Point(y=11, x=4), Point(y=11, x=5), Point(y=11, x=6), Point(y=11, x=7), Point(y=11, x=8), Point(y=11, x=9), Point(y=12, x=0), Point(y=12, x=1), Point(y=12, x=2), Point(y=12, x=3), Point(y=12, x=4), Point(y=12, x=5), Point(y=12, x=6), Point(y=12, x=7), Point(y=12, x=8), Point(y=12, x=9), Point(y=13, x=0), Point(y=13, x=1), Point(y=13, x=2), Point(y=13, x=3), Point(y=13, x=4), Point(y=13, x=5), Point(y=13, x=6), Point(y=13, x=7), Point(y=13, x=8), Point(y=13, x=9), Point(y=14, x=0), Point(y=14, x=1), Point(y=14, x=2), Point(y=14, x=3), Point(y=14, x=4), Point(y=14, x=5), Point(y=14, x=6), Point(y=14, x=7), Point(y=14, x=8), Point(y=14, x=9), Point(y=15, x=0), Point(y=15, x=1), Point(y=15, x=2), Point(y=15, x=3), Point(y=15, x=4), Point(y=15, x=5), Point(y=15, x=6), Point(y=15, x=7), Point(y=15, x=8), Point(y=15, x=9), Point(y=16, x=0), Point(y=16, x=1), Point(y=16, x=2), Point(y=16, x=3), Point(y=16, x=4), Point(y=16, x=5), Point(y=16, x=6), Point(y=16, x=7), Point(y=16, x=8), Point(y=16, x=9), Point(y=17, x=0), Point(y=17, x=1), Point(y=17, x=2), Point(y=17, x=3), Point(y=17, x=4), Point(y=17, x=5), Point(y=17, x=6), Point(y=17, x=7), Point(y=17, x=8), Point(y=17, x=9), Point(y=18, x=0), Point(y=18, x=1), Point(y=18, x=2), Point(y=18, x=3), Point(y=18, x=4), Point(y=18, x=5), Point(y=18, x=6), Point(y=18, x=7), Point(y=18, x=8), Point(y=18, x=9), Point(y=19, x=0), Point(y=19, x=1), Point(y=19, x=2), Point(y=19, x=3), Point(y=19, x=4), Point(y=19, x=5), Point(y=19, x=6), Point(y=19, x=7), Point(y=19, x=9)]]]>
              </value>
            </param>
            <param index="1">
              <value>
                <![CDATA[Point(y=19, x=8)]]>
              </value>
            </param>
          </params>
          <reporter-output>
          </reporter-output>
        </test-method> <!-- testNextPoint -->
        <test-method is-config="true" signature="setUp()[pri:0, instance:com.github.vitalibo.brickgame.game.snake.MouseTest@64cd705f]" started-at="2024-04-22T10:10:23 CEST" name="setUp" finished-at="2024-04-22T10:10:23 CEST" duration-ms="0" status="PASS">
          <reporter-output>
          </reporter-output>
        </test-method> <!-- setUp -->
        <test-method is-config="true" signature="setUp()[pri:0, instance:com.github.vitalibo.brickgame.game.snake.MouseTest@64cd705f]" started-at="2024-04-22T10:10:23 CEST" name="setUp" finished-at="2024-04-22T10:10:23 CEST" duration-ms="5" status="PASS">
          <reporter-output>
          </reporter-output>
        </test-method> <!-- setUp -->
        <test-method signature="testNextPoint(java.util.List,com.github.vitalibo.brickgame.game.Point)[pri:0, instance:com.github.vitalibo.brickgame.game.snake.MouseTest@64cd705f]" started-at="2024-04-22T10:10:23 CEST" name="testNextPoint" data-provider="generator" finished-at="2024-04-22T10:10:23 CEST" duration-ms="6" status="PASS">
          <params>
            <param index="0">
              <value>
                <![CDATA[[Point(y=0, x=0), Point(y=0, x=1), Point(y=0, x=2), Point(y=0, x=3), Point(y=0, x=4), Point(y=0, x=5), Point(y=0, x=6), Point(y=0, x=7), Point(y=0, x=8), Point(y=0, x=9), Point(y=1, x=0), Point(y=1, x=1), Point(y=1, x=2), Point(y=1, x=3), Point(y=1, x=4), Point(y=1, x=5), Point(y=1, x=6), Point(y=1, x=7), Point(y=1, x=8), Point(y=1, x=9), Point(y=2, x=0), Point(y=2, x=1), Point(y=2, x=2), Point(y=2, x=3), Point(y=2, x=4), Point(y=2, x=5), Point(y=2, x=6), Point(y=2, x=7), Point(y=2, x=8), Point(y=2, x=9), Point(y=3, x=0), Point(y=3, x=1), Point(y=3, x=2), Point(y=3, x=3), Point(y=3, x=4), Point(y=3, x=5), Point(y=3, x=6), Point(y=3, x=7), Point(y=3, x=8), Point(y=3, x=9), Point(y=4, x=0), Point(y=4, x=1), Point(y=4, x=2), Point(y=4, x=3), Point(y=4, x=4), Point(y=4, x=5), Point(y=4, x=6), Point(y=4, x=7), Point(y=4, x=8), Point(y=4, x=9), Point(y=5, x=0), Point(y=5, x=1), Point(y=5, x=2), Point(y=5, x=3), Point(y=5, x=4), Point(y=5, x=5), Point(y=5, x=6), Point(y=5, x=7), Point(y=5, x=8), Point(y=5, x=9), Point(y=6, x=0), Point(y=6, x=1), Point(y=6, x=2), Point(y=6, x=3), Point(y=6, x=4), Point(y=6, x=5), Point(y=6, x=6), Point(y=6, x=7), Point(y=6, x=8), Point(y=6, x=9), Point(y=7, x=0), Point(y=7, x=1), Point(y=7, x=2), Point(y=7, x=3), Point(y=7, x=4), Point(y=7, x=5), Point(y=7, x=6), Point(y=7, x=7), Point(y=7, x=8), Point(y=7, x=9), Point(y=8, x=1), Point(y=8, x=2), Point(y=8, x=3), Point(y=8, x=4), Point(y=8, x=5), Point(y=8, x=6), Point(y=8, x=7), Point(y=8, x=8), Point(y=8, x=9), Point(y=9, x=0), Point(y=9, x=1), Point(y=9, x=2), Point(y=9, x=3), Point(y=9, x=4), Point(y=9, x=5), Point(y=9, x=6), Point(y=9, x=7), Point(y=9, x=8), Point(y=9, x=9), Point(y=10, x=0), Point(y=10, x=1), Point(y=10, x=2), Point(y=10, x=3), Point(y=10, x=4), Point(y=10, x=5), Point(y=10, x=6), Point(y=10, x=7), Point(y=10, x=8), Point(y=10, x=9), Point(y=11, x=0), Point(y=11, x=1), Point(y=11, x=2), Point(y=11, x=3), Point(y=11, x=4), Point(y=11, x=5), Point(y=11, x=6), Point(y=11, x=7), Point(y=11, x=8), Point(y=11, x=9), Point(y=12, x=0), Point(y=12, x=1), Point(y=12, x=2), Point(y=12, x=3), Point(y=12, x=4), Point(y=12, x=5), Point(y=12, x=6), Point(y=12, x=7), Point(y=12, x=8), Point(y=12, x=9), Point(y=13, x=0), Point(y=13, x=1), Point(y=13, x=2), Point(y=13, x=3), Point(y=13, x=4), Point(y=13, x=5), Point(y=13, x=6), Point(y=13, x=7), Point(y=13, x=8), Point(y=13, x=9), Point(y=14, x=0), Point(y=14, x=1), Point(y=14, x=2), Point(y=14, x=3), Point(y=14, x=4), Point(y=14, x=5), Point(y=14, x=6), Point(y=14, x=7), Point(y=14, x=8), Point(y=14, x=9), Point(y=15, x=0), Point(y=15, x=1), Point(y=15, x=2), Point(y=15, x=3), Point(y=15, x=4), Point(y=15, x=5), Point(y=15, x=6), Point(y=15, x=7), Point(y=15, x=8), Point(y=15, x=9), Point(y=16, x=0), Point(y=16, x=1), Point(y=16, x=2), Point(y=16, x=3), Point(y=16, x=4), Point(y=16, x=5), Point(y=16, x=6), Point(y=16, x=7), Point(y=16, x=8), Point(y=16, x=9), Point(y=17, x=0), Point(y=17, x=1), Point(y=17, x=2), Point(y=17, x=3), Point(y=17, x=4), Point(y=17, x=5), Point(y=17, x=6), Point(y=17, x=7), Point(y=17, x=8), Point(y=17, x=9), Point(y=18, x=0), Point(y=18, x=1), Point(y=18, x=2), Point(y=18, x=3), Point(y=18, x=4), Point(y=18, x=5), Point(y=18, x=6), Point(y=18, x=7), Point(y=18, x=8), Point(y=18, x=9), Point(y=19, x=0), Point(y=19, x=1), Point(y=19, x=2), Point(y=19, x=3), Point(y=19, x=4), Point(y=19, x=5), Point(y=19, x=6), Point(y=19, x=7), Point(y=19, x=8), Point(y=19, x=9)]]]>
              </value>
            </param>
            <param index="1">
              <value>
                <![CDATA[Point(y=8, x=0)]]>
              </value>
            </param>
          </params>
          <reporter-output>
          </reporter-output>
        </test-method> <!-- testNextPoint -->
        <test-method signature="testNextPoint(java.util.List,com.github.vitalibo.brickgame.game.Point)[pri:0, instance:com.github.vitalibo.brickgame.game.snake.MouseTest@64cd705f]" started-at="2024-04-22T10:10:23 CEST" name="testNextPoint" data-provider="generator" finished-at="2024-04-22T10:10:23 CEST" duration-ms="1" status="PASS">
          <params>
            <param index="0">
              <value>
                <![CDATA[[Point(y=0, x=0), Point(y=0, x=1), Point(y=0, x=2), Point(y=0, x=3), Point(y=0, x=4), Point(y=0, x=5), Point(y=0, x=6), Point(y=0, x=7), Point(y=0, x=8), Point(y=0, x=9), Point(y=1, x=0), Point(y=1, x=1), Point(y=1, x=2), Point(y=1, x=3), Point(y=1, x=4), Point(y=1, x=5), Point(y=1, x=6), Point(y=1, x=7), Point(y=1, x=8), Point(y=1, x=9), Point(y=2, x=0), Point(y=2, x=1), Point(y=2, x=2), Point(y=2, x=3), Point(y=2, x=4), Point(y=2, x=5), Point(y=2, x=6), Point(y=2, x=7), Point(y=2, x=8), Point(y=2, x=9), Point(y=3, x=0), Point(y=3, x=1), Point(y=3, x=2), Point(y=3, x=3), Point(y=3, x=4), Point(y=3, x=5), Point(y=3, x=6), Point(y=3, x=7), Point(y=3, x=8), Point(y=3, x=9), Point(y=4, x=0), Point(y=4, x=1), Point(y=4, x=2), Point(y=4, x=3), Point(y=4, x=4), Point(y=4, x=5), Point(y=4, x=6), Point(y=4, x=7), Point(y=4, x=8), Point(y=4, x=9), Point(y=5, x=0), Point(y=5, x=1), Point(y=5, x=2), Point(y=5, x=3), Point(y=5, x=4), Point(y=5, x=5), Point(y=5, x=6), Point(y=5, x=7), Point(y=5, x=8), Point(y=6, x=0), Point(y=6, x=1), Point(y=6, x=2), Point(y=6, x=3), Point(y=6, x=4), Point(y=6, x=5), Point(y=6, x=6), Point(y=6, x=7), Point(y=6, x=8), Point(y=6, x=9), Point(y=7, x=0), Point(y=7, x=1), Point(y=7, x=2), Point(y=7, x=3), Point(y=7, x=4), Point(y=7, x=5), Point(y=7, x=6), Point(y=7, x=7), Point(y=7, x=8), Point(y=7, x=9), Point(y=8, x=0), Point(y=8, x=1), Point(y=8, x=2), Point(y=8, x=3), Point(y=8, x=4), Point(y=8, x=5), Point(y=8, x=6), Point(y=8, x=7), Point(y=8, x=8), Point(y=8, x=9), Point(y=9, x=0), Point(y=9, x=1), Point(y=9, x=2), Point(y=9, x=3), Point(y=9, x=4), Point(y=9, x=5), Point(y=9, x=6), Point(y=9, x=7), Point(y=9, x=8), Point(y=9, x=9), Point(y=10, x=0), Point(y=10, x=1), Point(y=10, x=2), Point(y=10, x=3), Point(y=10, x=4), Point(y=10, x=5), Point(y=10, x=6), Point(y=10, x=7), Point(y=10, x=8), Point(y=10, x=9), Point(y=11, x=0), Point(y=11, x=1), Point(y=11, x=2), Point(y=11, x=3), Point(y=11, x=4), Point(y=11, x=5), Point(y=11, x=6), Point(y=11, x=7), Point(y=11, x=8), Point(y=11, x=9), Point(y=12, x=0), Point(y=12, x=1), Point(y=12, x=2), Point(y=12, x=3), Point(y=12, x=4), Point(y=12, x=5), Point(y=12, x=6), Point(y=12, x=7), Point(y=12, x=8), Point(y=12, x=9), Point(y=13, x=0), Point(y=13, x=1), Point(y=13, x=2), Point(y=13, x=3), Point(y=13, x=4), Point(y=13, x=5), Point(y=13, x=6), Point(y=13, x=7), Point(y=13, x=8), Point(y=13, x=9), Point(y=14, x=0), Point(y=14, x=1), Point(y=14, x=2), Point(y=14, x=3), Point(y=14, x=4), Point(y=14, x=5), Point(y=14, x=6), Point(y=14, x=7), Point(y=14, x=8), Point(y=14, x=9), Point(y=15, x=0), Point(y=15, x=1), Point(y=15, x=2), Point(y=15, x=3), Point(y=15, x=4), Point(y=15, x=5), Point(y=15, x=6), Point(y=15, x=7), Point(y=15, x=8), Point(y=15, x=9), Point(y=16, x=0), Point(y=16, x=1), Point(y=16, x=2), Point(y=16, x=3), Point(y=16, x=4), Point(y=16, x=5), Point(y=16, x=6), Point(y=16, x=7), Point(y=16, x=8), Point(y=16, x=9), Point(y=17, x=0), Point(y=17, x=1), Point(y=17, x=2), Point(y=17, x=3), Point(y=17, x=4), Point(y=17, x=5), Point(y=17, x=6), Point(y=17, x=7), Point(y=17, x=8), Point(y=17, x=9), Point(y=18, x=0), Point(y=18, x=1), Point(y=18, x=2), Point(y=18, x=3), Point(y=18, x=4), Point(y=18, x=5), Point(y=18, x=6), Point(y=18, x=7), Point(y=18, x=8), Point(y=18, x=9), Point(y=19, x=0), Point(y=19, x=1), Point(y=19, x=2), Point(y=19, x=3), Point(y=19, x=4), Point(y=19, x=5), Point(y=19, x=6), Point(y=19, x=7), Point(y=19, x=8), Point(y=19, x=9)]]]>
              </value>
            </param>
            <param index="1">
              <value>
                <![CDATA[Point(y=5, x=9)]]>
              </value>
            </param>
          </params>
          <reporter-output>
          </reporter-output>
        </test-method> <!-- testNextPoint -->
        <test-method is-config="true" signature="setUp()[pri:0, instance:com.github.vitalibo.brickgame.game.snake.MouseTest@64cd705f]" started-at="2024-04-22T10:10:23 CEST" name="setUp" finished-at="2024-04-22T10:10:23 CEST" duration-ms="0" status="PASS">
          <reporter-output>
          </reporter-output>
        </test-method> <!-- setUp -->
        <test-method is-config="true" signature="setUp()[pri:0, instance:com.github.vitalibo.brickgame.game.snake.MouseTest@64cd705f]" started-at="2024-04-22T10:10:23 CEST" name="setUp" finished-at="2024-04-22T10:10:23 CEST" duration-ms="1" status="PASS">
          <reporter-output>
          </reporter-output>
        </test-method> <!-- setUp -->
        <test-method signature="testNextPoint(java.util.List,com.github.vitalibo.brickgame.game.Point)[pri:0, instance:com.github.vitalibo.brickgame.game.snake.MouseTest@64cd705f]" started-at="2024-04-22T10:10:23 CEST" name="testNextPoint" data-provider="generator" finished-at="2024-04-22T10:10:23 CEST" duration-ms="0" status="PASS">
          <params>
            <param index="0">
              <value>
                <![CDATA[[Point(y=0, x=0), Point(y=0, x=1), Point(y=0, x=2), Point(y=0, x=3), Point(y=0, x=4), Point(y=0, x=5), Point(y=0, x=6), Point(y=0, x=7), Point(y=0, x=8), Point(y=0, x=9), Point(y=1, x=0), Point(y=1, x=1), Point(y=1, x=2), Point(y=1, x=3), Point(y=1, x=4), Point(y=1, x=5), Point(y=1, x=6), Point(y=1, x=7), Point(y=1, x=8), Point(y=1, x=9), Point(y=2, x=0), Point(y=2, x=1), Point(y=2, x=2), Point(y=2, x=3), Point(y=2, x=4), Point(y=2, x=5), Point(y=2, x=6), Point(y=2, x=7), Point(y=2, x=8), Point(y=2, x=9), Point(y=3, x=0), Point(y=3, x=1), Point(y=3, x=2), Point(y=3, x=3), Point(y=3, x=4), Point(y=3, x=5), Point(y=3, x=6), Point(y=3, x=8), Point(y=3, x=9), Point(y=4, x=0), Point(y=4, x=1), Point(y=4, x=2), Point(y=4, x=3), Point(y=4, x=4), Point(y=4, x=5), Point(y=4, x=6), Point(y=4, x=7), Point(y=4, x=8), Point(y=4, x=9), Point(y=5, x=0), Point(y=5, x=1), Point(y=5, x=2), Point(y=5, x=3), Point(y=5, x=4), Point(y=5, x=5), Point(y=5, x=6), Point(y=5, x=7), Point(y=5, x=8), Point(y=5, x=9), Point(y=6, x=0), Point(y=6, x=1), Point(y=6, x=2), Point(y=6, x=3), Point(y=6, x=4), Point(y=6, x=5), Point(y=6, x=6), Point(y=6, x=7), Point(y=6, x=8), Point(y=6, x=9), Point(y=7, x=0), Point(y=7, x=1), Point(y=7, x=2), Point(y=7, x=3), Point(y=7, x=4), Point(y=7, x=5), Point(y=7, x=6), Point(y=7, x=7), Point(y=7, x=8), Point(y=7, x=9), Point(y=8, x=0), Point(y=8, x=1), Point(y=8, x=2), Point(y=8, x=3), Point(y=8, x=4), Point(y=8, x=5), Point(y=8, x=6), Point(y=8, x=7), Point(y=8, x=8), Point(y=8, x=9), Point(y=9, x=0), Point(y=9, x=1), Point(y=9, x=2), Point(y=9, x=3), Point(y=9, x=4), Point(y=9, x=5), Point(y=9, x=6), Point(y=9, x=7), Point(y=9, x=8), Point(y=9, x=9), Point(y=10, x=0), Point(y=10, x=1), Point(y=10, x=2), Point(y=10, x=3), Point(y=10, x=4), Point(y=10, x=5), Point(y=10, x=6), Point(y=10, x=7), Point(y=10, x=8), Point(y=10, x=9), Point(y=11, x=0), Point(y=11, x=1), Point(y=11, x=2), Point(y=11, x=3), Point(y=11, x=4), Point(y=11, x=5), Point(y=11, x=6), Point(y=11, x=7), Point(y=11, x=8), Point(y=11, x=9), Point(y=12, x=0), Point(y=12, x=1), Point(y=12, x=2), Point(y=12, x=3), Point(y=12, x=4), Point(y=12, x=5), Point(y=12, x=6), Point(y=12, x=7), Point(y=12, x=8), Point(y=12, x=9), Point(y=13, x=0), Point(y=13, x=1), Point(y=13, x=2), Point(y=13, x=3), Point(y=13, x=4), Point(y=13, x=5), Point(y=13, x=6), Point(y=13, x=7), Point(y=13, x=8), Point(y=13, x=9), Point(y=14, x=0), Point(y=14, x=1), Point(y=14, x=2), Point(y=14, x=3), Point(y=14, x=4), Point(y=14, x=5), Point(y=14, x=6), Point(y=14, x=7), Point(y=14, x=8), Point(y=14, x=9), Point(y=15, x=0), Point(y=15, x=1), Point(y=15, x=2), Point(y=15, x=3), Point(y=15, x=4), Point(y=15, x=5), Point(y=15, x=6), Point(y=15, x=7), Point(y=15, x=8), Point(y=15, x=9), Point(y=16, x=0), Point(y=16, x=1), Point(y=16, x=2), Point(y=16, x=3), Point(y=16, x=4), Point(y=16, x=5), Point(y=16, x=6), Point(y=16, x=7), Point(y=16, x=8), Point(y=16, x=9), Point(y=17, x=0), Point(y=17, x=1), Point(y=17, x=2), Point(y=17, x=3), Point(y=17, x=4), Point(y=17, x=5), Point(y=17, x=6), Point(y=17, x=7), Point(y=17, x=8), Point(y=17, x=9), Point(y=18, x=0), Point(y=18, x=1), Point(y=18, x=2), Point(y=18, x=3), Point(y=18, x=4), Point(y=18, x=5), Point(y=18, x=6), Point(y=18, x=7), Point(y=18, x=8), Point(y=18, x=9), Point(y=19, x=0), Point(y=19, x=1), Point(y=19, x=2), Point(y=19, x=3), Point(y=19, x=4), Point(y=19, x=5), Point(y=19, x=6), Point(y=19, x=7), Point(y=19, x=8), Point(y=19, x=9)]]]>
              </value>
            </param>
            <param index="1">
              <value>
                <![CDATA[Point(y=3, x=7)]]>
              </value>
            </param>
          </params>
          <reporter-output>
          </reporter-output>
        </test-method> <!-- testNextPoint -->
        <test-method signature="testNextPoint(java.util.List,com.github.vitalibo.brickgame.game.Point)[pri:0, instance:com.github.vitalibo.brickgame.game.snake.MouseTest@64cd705f]" started-at="2024-04-22T10:10:23 CEST" name="testNextPoint" data-provider="generator" finished-at="2024-04-22T10:10:23 CEST" duration-ms="6" status="PASS">
          <params>
            <param index="0">
              <value>
                <![CDATA[[Point(y=0, x=0), Point(y=0, x=1), Point(y=0, x=2), Point(y=0, x=3), Point(y=0, x=4), Point(y=0, x=5), Point(y=0, x=6), Point(y=0, x=7), Point(y=0, x=8), Point(y=0, x=9), Point(y=1, x=0), Point(y=1, x=1), Point(y=1, x=2), Point(y=1, x=3), Point(y=1, x=4), Point(y=1, x=5), Point(y=1, x=6), Point(y=1, x=7), Point(y=1, x=8), Point(y=1, x=9), Point(y=2, x=0), Point(y=2, x=1), Point(y=2, x=2), Point(y=2, x=3), Point(y=2, x=4), Point(y=2, x=5), Point(y=2, x=6), Point(y=2, x=7), Point(y=2, x=8), Point(y=2, x=9), Point(y=3, x=0), Point(y=3, x=1), Point(y=3, x=2), Point(y=3, x=3), Point(y=3, x=4), Point(y=3, x=5), Point(y=3, x=6), Point(y=3, x=7), Point(y=3, x=8), Point(y=3, x=9), Point(y=4, x=0), Point(y=4, x=1), Point(y=4, x=2), Point(y=4, x=3), Point(y=4, x=4), Point(y=4, x=5), Point(y=4, x=6), Point(y=4, x=7), Point(y=4, x=8), Point(y=4, x=9), Point(y=5, x=0), Point(y=5, x=1), Point(y=5, x=2), Point(y=5, x=3), Point(y=5, x=4), Point(y=5, x=5), Point(y=5, x=6), Point(y=5, x=7), Point(y=5, x=8), Point(y=5, x=9), Point(y=6, x=0), Point(y=6, x=1), Point(y=6, x=2), Point(y=6, x=3), Point(y=6, x=4), Point(y=6, x=5), Point(y=6, x=6), Point(y=6, x=7), Point(y=6, x=8), Point(y=6, x=9), Point(y=7, x=0), Point(y=7, x=1), Point(y=7, x=2), Point(y=7, x=3), Point(y=7, x=4), Point(y=7, x=5), Point(y=7, x=6), Point(y=7, x=7), Point(y=7, x=8), Point(y=7, x=9), Point(y=8, x=0), Point(y=8, x=1), Point(y=8, x=2), Point(y=8, x=3), Point(y=8, x=4), Point(y=8, x=5), Point(y=8, x=6), Point(y=8, x=7), Point(y=8, x=8), Point(y=8, x=9), Point(y=9, x=0), Point(y=9, x=1), Point(y=9, x=2), Point(y=9, x=3), Point(y=9, x=4), Point(y=9, x=5), Point(y=9, x=6), Point(y=9, x=7), Point(y=9, x=8), Point(y=9, x=9), Point(y=10, x=0), Point(y=10, x=1), Point(y=10, x=2), Point(y=10, x=3), Point(y=10, x=4), Point(y=10, x=5), Point(y=10, x=6), Point(y=10, x=7), Point(y=10, x=8), Point(y=10, x=9), Point(y=11, x=0), Point(y=11, x=1), Point(y=11, x=2), Point(y=11, x=3), Point(y=11, x=4), Point(y=11, x=5), Point(y=11, x=6), Point(y=11, x=7), Point(y=11, x=8), Point(y=11, x=9), Point(y=12, x=0), Point(y=12, x=1), Point(y=12, x=2), Point(y=12, x=3), Point(y=12, x=4), Point(y=12, x=5), Point(y=12, x=6), Point(y=12, x=7), Point(y=12, x=8), Point(y=12, x=9), Point(y=13, x=0), Point(y=13, x=1), Point(y=13, x=2), Point(y=13, x=3), Point(y=13, x=4), Point(y=13, x=5), Point(y=13, x=6), Point(y=13, x=7), Point(y=13, x=8), Point(y=13, x=9), Point(y=14, x=0), Point(y=14, x=1), Point(y=14, x=2), Point(y=14, x=3), Point(y=14, x=4), Point(y=14, x=5), Point(y=14, x=6), Point(y=14, x=7), Point(y=14, x=8), Point(y=14, x=9), Point(y=15, x=0), Point(y=15, x=1), Point(y=15, x=2), Point(y=15, x=3), Point(y=15, x=4), Point(y=15, x=5), Point(y=15, x=6), Point(y=15, x=8), Point(y=15, x=9), Point(y=16, x=0), Point(y=16, x=1), Point(y=16, x=2), Point(y=16, x=3), Point(y=16, x=4), Point(y=16, x=5), Point(y=16, x=6), Point(y=16, x=7), Point(y=16, x=8), Point(y=16, x=9), Point(y=17, x=0), Point(y=17, x=1), Point(y=17, x=2), Point(y=17, x=3), Point(y=17, x=4), Point(y=17, x=5), Point(y=17, x=6), Point(y=17, x=7), Point(y=17, x=8), Point(y=17, x=9), Point(y=18, x=0), Point(y=18, x=1), Point(y=18, x=2), Point(y=18, x=3), Point(y=18, x=4), Point(y=18, x=5), Point(y=18, x=6), Point(y=18, x=7), Point(y=18, x=8), Point(y=18, x=9), Point(y=19, x=0), Point(y=19, x=1), Point(y=19, x=2), Point(y=19, x=3), Point(y=19, x=4), Point(y=19, x=5), Point(y=19, x=6), Point(y=19, x=7), Point(y=19, x=8), Point(y=19, x=9)]]]>
              </value>
            </param>
            <param index="1">
              <value>
                <![CDATA[Point(y=15, x=7)]]>
              </value>
            </param>
          </params>
          <reporter-output>
          </reporter-output>
        </test-method> <!-- testNextPoint -->
        <test-method is-config="true" signature="setUp()[pri:0, instance:com.github.vitalibo.brickgame.game.snake.MouseTest@64cd705f]" started-at="2024-04-22T10:10:23 CEST" name="setUp" finished-at="2024-04-22T10:10:23 CEST" duration-ms="0" status="PASS">
          <reporter-output>
          </reporter-output>
        </test-method> <!-- setUp -->
        <test-method signature="testNextPoint(java.util.List,com.github.vitalibo.brickgame.game.Point)[pri:0, instance:com.github.vitalibo.brickgame.game.snake.MouseTest@64cd705f]" started-at="2024-04-22T10:10:23 CEST" name="testNextPoint" data-provider="generator" finished-at="2024-04-22T10:10:23 CEST" duration-ms="1" status="PASS">
          <params>
            <param index="0">
              <value>
                <![CDATA[[Point(y=0, x=0), Point(y=0, x=1), Point(y=0, x=2), Point(y=0, x=3), Point(y=0, x=4), Point(y=0, x=5), Point(y=0, x=6), Point(y=0, x=7), Point(y=0, x=8), Point(y=0, x=9), Point(y=1, x=0), Point(y=1, x=1), Point(y=1, x=2), Point(y=1, x=3), Point(y=1, x=4), Point(y=1, x=5), Point(y=1, x=6), Point(y=1, x=7), Point(y=1, x=8), Point(y=1, x=9), Point(y=2, x=0), Point(y=2, x=1), Point(y=2, x=2), Point(y=2, x=3), Point(y=2, x=4), Point(y=2, x=5), Point(y=2, x=6), Point(y=2, x=7), Point(y=2, x=8), Point(y=2, x=9), Point(y=3, x=0), Point(y=3, x=1), Point(y=3, x=2), Point(y=3, x=3), Point(y=3, x=4), Point(y=3, x=5), Point(y=3, x=6), Point(y=3, x=7), Point(y=3, x=8), Point(y=3, x=9), Point(y=4, x=0), Point(y=4, x=1), Point(y=4, x=2), Point(y=4, x=3), Point(y=4, x=4), Point(y=4, x=5), Point(y=4, x=6), Point(y=4, x=7), Point(y=4, x=8), Point(y=4, x=9), Point(y=5, x=0), Point(y=5, x=1), Point(y=5, x=2), Point(y=5, x=3), Point(y=5, x=4), Point(y=5, x=5), Point(y=5, x=6), Point(y=5, x=7), Point(y=5, x=8), Point(y=5, x=9), Point(y=6, x=0), Point(y=6, x=1), Point(y=6, x=2), Point(y=6, x=3), Point(y=6, x=4), Point(y=6, x=5), Point(y=6, x=6), Point(y=6, x=7), Point(y=6, x=8), Point(y=6, x=9), Point(y=7, x=0), Point(y=7, x=1), Point(y=7, x=2), Point(y=7, x=3), Point(y=7, x=4), Point(y=7, x=5), Point(y=7, x=6), Point(y=7, x=7), Point(y=7, x=8), Point(y=7, x=9), Point(y=8, x=0), Point(y=8, x=1), Point(y=8, x=2), Point(y=8, x=3), Point(y=8, x=4), Point(y=8, x=5), Point(y=8, x=6), Point(y=8, x=7), Point(y=8, x=8), Point(y=8, x=9), Point(y=9, x=0), Point(y=9, x=1), Point(y=9, x=2), Point(y=9, x=3), Point(y=9, x=4), Point(y=9, x=5), Point(y=9, x=6), Point(y=9, x=7), Point(y=9, x=8), Point(y=9, x=9), Point(y=10, x=0), Point(y=10, x=1), Point(y=10, x=2), Point(y=10, x=3), Point(y=10, x=4), Point(y=10, x=5), Point(y=10, x=6), Point(y=10, x=7), Point(y=10, x=8), Point(y=10, x=9), Point(y=11, x=1), Point(y=11, x=2), Point(y=11, x=3), Point(y=11, x=4), Point(y=11, x=5), Point(y=11, x=6), Point(y=11, x=7), Point(y=11, x=8), Point(y=11, x=9), Point(y=12, x=0), Point(y=12, x=1), Point(y=12, x=2), Point(y=12, x=3), Point(y=12, x=4), Point(y=12, x=5), Point(y=12, x=6), Point(y=12, x=7), Point(y=12, x=8), Point(y=12, x=9), Point(y=13, x=0), Point(y=13, x=1), Point(y=13, x=2), Point(y=13, x=3), Point(y=13, x=4), Point(y=13, x=5), Point(y=13, x=6), Point(y=13, x=7), Point(y=13, x=8), Point(y=13, x=9), Point(y=14, x=0), Point(y=14, x=1), Point(y=14, x=2), Point(y=14, x=3), Point(y=14, x=4), Point(y=14, x=5), Point(y=14, x=6), Point(y=14, x=7), Point(y=14, x=8), Point(y=14, x=9), Point(y=15, x=0), Point(y=15, x=1), Point(y=15, x=2), Point(y=15, x=3), Point(y=15, x=4), Point(y=15, x=5), Point(y=15, x=6), Point(y=15, x=7), Point(y=15, x=8), Point(y=15, x=9), Point(y=16, x=0), Point(y=16, x=1), Point(y=16, x=2), Point(y=16, x=3), Point(y=16, x=4), Point(y=16, x=5), Point(y=16, x=6), Point(y=16, x=7), Point(y=16, x=8), Point(y=16, x=9), Point(y=17, x=0), Point(y=17, x=1), Point(y=17, x=2), Point(y=17, x=3), Point(y=17, x=4), Point(y=17, x=5), Point(y=17, x=6), Point(y=17, x=7), Point(y=17, x=8), Point(y=17, x=9), Point(y=18, x=0), Point(y=18, x=1), Point(y=18, x=2), Point(y=18, x=3), Point(y=18, x=4), Point(y=18, x=5), Point(y=18, x=6), Point(y=18, x=7), Point(y=18, x=8), Point(y=18, x=9), Point(y=19, x=0), Point(y=19, x=1), Point(y=19, x=2), Point(y=19, x=3), Point(y=19, x=4), Point(y=19, x=5), Point(y=19, x=6), Point(y=19, x=7), Point(y=19, x=8), Point(y=19, x=9)]]]>
              </value>
            </param>
            <param index="1">
              <value>
                <![CDATA[Point(y=11, x=0)]]>
              </value>
            </param>
          </params>
          <reporter-output>
          </reporter-output>
        </test-method> <!-- testNextPoint -->
        <test-method is-config="true" signature="setUp()[pri:0, instance:com.github.vitalibo.brickgame.game.snake.MouseTest@64cd705f]" started-at="2024-04-22T10:10:23 CEST" name="setUp" finished-at="2024-04-22T10:10:23 CEST" duration-ms="0" status="PASS">
          <reporter-output>
          </reporter-output>
        </test-method> <!-- setUp -->
        <test-method signature="testNextPoint(java.util.List,com.github.vitalibo.brickgame.game.Point)[pri:0, instance:com.github.vitalibo.brickgame.game.snake.MouseTest@64cd705f]" started-at="2024-04-22T10:10:23 CEST" name="testNextPoint" data-provider="generator" finished-at="2024-04-22T10:10:23 CEST" duration-ms="1" status="PASS">
          <params>
            <param index="0">
              <value>
                <![CDATA[[Point(y=0, x=0), Point(y=0, x=1), Point(y=0, x=2), Point(y=0, x=3), Point(y=0, x=4), Point(y=0, x=5), Point(y=0, x=6), Point(y=0, x=7), Point(y=0, x=8), Point(y=0, x=9), Point(y=1, x=0), Point(y=1, x=1), Point(y=1, x=2), Point(y=1, x=3), Point(y=1, x=4), Point(y=1, x=5), Point(y=1, x=6), Point(y=1, x=7), Point(y=1, x=8), Point(y=1, x=9), Point(y=2, x=0), Point(y=2, x=1), Point(y=2, x=2), Point(y=2, x=3), Point(y=2, x=4), Point(y=2, x=5), Point(y=2, x=6), Point(y=2, x=7), Point(y=2, x=8), Point(y=2, x=9), Point(y=3, x=0), Point(y=3, x=1), Point(y=3, x=2), Point(y=3, x=3), Point(y=3, x=4), Point(y=3, x=5), Point(y=3, x=6), Point(y=3, x=7), Point(y=3, x=8), Point(y=3, x=9), Point(y=4, x=0), Point(y=4, x=1), Point(y=4, x=2), Point(y=4, x=3), Point(y=4, x=4), Point(y=4, x=5), Point(y=4, x=6), Point(y=4, x=7), Point(y=4, x=8), Point(y=4, x=9), Point(y=5, x=0), Point(y=5, x=1), Point(y=5, x=2), Point(y=5, x=4), Point(y=5, x=5), Point(y=5, x=6), Point(y=5, x=7), Point(y=5, x=8), Point(y=5, x=9), Point(y=6, x=0), Point(y=6, x=1), Point(y=6, x=2), Point(y=6, x=3), Point(y=6, x=4), Point(y=6, x=5), Point(y=6, x=6), Point(y=6, x=7), Point(y=6, x=8), Point(y=6, x=9), Point(y=7, x=0), Point(y=7, x=1), Point(y=7, x=2), Point(y=7, x=3), Point(y=7, x=4), Point(y=7, x=5), Point(y=7, x=6), Point(y=7, x=7), Point(y=7, x=8), Point(y=7, x=9), Point(y=8, x=0), Point(y=8, x=1), Point(y=8, x=2), Point(y=8, x=3), Point(y=8, x=4), Point(y=8, x=5), Point(y=8, x=6), Point(y=8, x=7), Point(y=8, x=8), Point(y=8, x=9), Point(y=9, x=0), Point(y=9, x=1), Point(y=9, x=2), Point(y=9, x=3), Point(y=9, x=4), Point(y=9, x=5), Point(y=9, x=6), Point(y=9, x=7), Point(y=9, x=8), Point(y=9, x=9), Point(y=10, x=0), Point(y=10, x=1), Point(y=10, x=2), Point(y=10, x=3), Point(y=10, x=4), Point(y=10, x=5), Point(y=10, x=6), Point(y=10, x=7), Point(y=10, x=8), Point(y=10, x=9), Point(y=11, x=0), Point(y=11, x=1), Point(y=11, x=2), Point(y=11, x=3), Point(y=11, x=4), Point(y=11, x=5), Point(y=11, x=6), Point(y=11, x=7), Point(y=11, x=8), Point(y=11, x=9), Point(y=12, x=0), Point(y=12, x=1), Point(y=12, x=2), Point(y=12, x=3), Point(y=12, x=4), Point(y=12, x=5), Point(y=12, x=6), Point(y=12, x=7), Point(y=12, x=8), Point(y=12, x=9), Point(y=13, x=0), Point(y=13, x=1), Point(y=13, x=2), Point(y=13, x=3), Point(y=13, x=4), Point(y=13, x=5), Point(y=13, x=6), Point(y=13, x=7), Point(y=13, x=8), Point(y=13, x=9), Point(y=14, x=0), Point(y=14, x=1), Point(y=14, x=2), Point(y=14, x=3)
[...]
          <params>
            <param index="0">
              <value>
                <![CDATA[6]]>
              </value>
            </param>
          </params>
          <reporter-output>
          </reporter-output>
        </test-method> <!-- testPaintDigit -->
        <test-method is-config="true" signature="setUp()[pri:0, instance:com.github.vitalibo.brickgame.core.ui.DigitTest@6fe7aac8]" started-at="2024-04-22T10:10:13 CEST" name="setUp" finished-at="2024-04-22T10:10:13 CEST" duration-ms="1" status="PASS">
          <reporter-output>
          </reporter-output>
        </test-method> <!-- setUp -->
        <test-method signature="testPaintDigit(int)[pri:0, instance:com.github.vitalibo.brickgame.core.ui.DigitTest@6fe7aac8]" started-at="2024-04-22T10:10:13 CEST" name="testPaintDigit" data-provider="samples" finished-at="2024-04-22T10:10:13 CEST" duration-ms="4" status="PASS">
          <params>
            <param index="0">
              <value>
                <![CDATA[7]]>
              </value>
            </param>
          </params>
          <reporter-output>
          </reporter-output>
        </test-method> <!-- testPaintDigit -->
        <test-method is-config="true" signature="setUp()[pri:0, instance:com.github.vitalibo.brickgame.core.ui.DigitTest@6fe7aac8]" started-at="2024-04-22T10:10:13 CEST" name="setUp" finished-at="2024-04-22T10:10:13 CEST" duration-ms="6" status="PASS">
          <reporter-output>
          </reporter-output>
        </test-method> <!-- setUp -->
        <test-method signature="testPaintDigit(int)[pri:0, instance:com.github.vitalibo.brickgame.core.ui.DigitTest@6fe7aac8]" started-at="2024-04-22T10:10:13 CEST" name="testPaintDigit" data-provider="samples" finished-at="2024-04-22T10:10:13 CEST" duration-ms="8" status="PASS">
          <params>
            <param index="0">
              <value>
                <![CDATA[8]]>
              </value>
            </param>
          </params>
          <reporter-output>
          </reporter-output>
        </test-method> <!-- testPaintDigit -->
        <test-method is-config="true" signature="setUp()[pri:0, instance:com.github.vitalibo.brickgame.core.ui.DigitTest@6fe7aac8]" started-at="2024-04-22T10:10:13 CEST" name="setUp" finished-at="2024-04-22T10:10:13 CEST" duration-ms="1" status="PASS">
          <reporter-output>
          </reporter-output>
        </test-method> <!-- setUp -->
        <test-method signature="testPaintDigit(int)[pri:0, instance:com.github.vitalibo.brickgame.core.ui.DigitTest@6fe7aac8]" started-at="2024-04-22T10:10:13 CEST" name="testPaintDigit" data-provider="samples" finished-at="2024-04-22T10:10:13 CEST" duration-ms="3" status="PASS">
          <params>
            <param index="0">
              <value>
                <![CDATA[9]]>
              </value>
            </param>
          </params>
          <reporter-output>
          </reporter-output>
        </test-method> <!-- testPaintDigit -->
        <test-method is-config="true" signature="setUp()[pri:0, instance:com.github.vitalibo.brickgame.core.ui.DigitTest@6fe7aac8]" started-at="2024-04-22T10:10:13 CEST" name="setUp" finished-at="2024-04-22T10:10:13 CEST" duration-ms="3" status="PASS">
          <reporter-output>
          </reporter-output>
        </test-method> <!-- setUp -->
        <test-method signature="testRepaint(int)[pri:0, instance:com.github.vitalibo.brickgame.core.ui.DigitTest@6fe7aac8]" started-at="2024-04-22T10:10:13 CEST" name="testRepaint" data-provider="samples" finished-at="2024-04-22T10:10:13 CEST" duration-ms="178" status="PASS">
          <params>
            <param index="0">
              <value>
                <![CDATA[0]]>
              </value>
            </param>
          </params>
          <reporter-output>
          </reporter-output>
        </test-method> <!-- testRepaint -->
        <test-method is-config="true" signature="setUp()[pri:0, instance:com.github.vitalibo.brickgame.core.ui.DigitTest@6fe7aac8]" started-at="2024-04-22T10:10:13 CEST" name="setUp" finished-at="2024-04-22T10:10:13 CEST" duration-ms="4" status="PASS">
          <reporter-output>
          </reporter-output>
        </test-method> <!-- setUp -->
        <test-method signature="testRepaint(int)[pri:0, instance:com.github.vitalibo.brickgame.core.ui.DigitTest@6fe7aac8]" started-at="2024-04-22T10:10:13 CEST" name="testRepaint" data-provider="samples" finished-at="2024-04-22T10:10:13 CEST" duration-ms="9" status="PASS">
          <params>
            <param index="0">
              <value>
                <![CDATA[1]]>
              </value>
            </param>
          </params>
          <reporter-output>
          </reporter-output>
        </test-method> <!-- testRepaint -->
        <test-method is-config="true" signature="setUp()[pri:0, instance:com.github.vitalibo.brickgame.core.ui.DigitTest@6fe7aac8]" started-at="2024-04-22T10:10:13 CEST" name="setUp" finished-at="2024-04-22T10:10:13 CEST" duration-ms="1" status="PASS">
          <reporter-output>
          </reporter-output>
        </test-method> <!-- setUp -->
        <test-method signature="testRepaint(int)[pri:0, instance:com.github.vitalibo.brickgame.core.ui.DigitTest@6fe7aac8]" started-at="2024-04-22T10:10:13 CEST" name="testRepaint" data-provider="samples" finished-at="2024-04-22T10:10:13 CEST" duration-ms="23" status="PASS">
          <params>
            <param index="0">
              <value>
                <![CDATA[2]]>
              </value>
            </param>
          </params>
          <reporter-output>
          </reporter-output>
        </test-method> <!-- testRepaint -->
        <test-method is-config="true" signature="setUp()[pri:0, instance:com.github.vitalibo.brickgame.core.ui.DigitTest@6fe7aac8]" started-at="2024-04-22T10:10:13 CEST" name="setUp" finished-at="2024-04-22T10:10:13 CEST" duration-ms="1" status="PASS">
          <reporter-output>
          </reporter-output>
        </test-method> <!-- setUp -->
        <test-method signature="testRepaint(int)[pri:0, instance:com.github.vitalibo.brickgame.core.ui.DigitTest@6fe7aac8]" started-at="2024-04-22T10:10:13 CEST" name="testRepaint" data-provider="samples" finished-at="2024-04-22T10:10:13 CEST" duration-ms="10" status="PASS">
          <params>
            <param index="0">
              <value>
                <![CDATA[3]]>
              </value>
            </param>
          </params>
          <reporter-output>
          </reporter-output>
        </test-method> <!-- testRepaint -->
        <test-method is-config="true" signature="setUp()[pri:0, instance:com.github.vitalibo.brickgame.core.ui.DigitTest@6fe7aac8]" started-at="2024-04-22T10:10:13 CEST" name="setUp" finished-at="2024-04-22T10:10:13 CEST" duration-ms="0" status="PASS">
          <reporter-output>
          </reporter-output>
        </test-method> <!-- setUp -->
        <test-method signature="testRepaint(int)[pri:0, instance:com.github.vitalibo.brickgame.core.ui.DigitTest@6fe7aac8]" started-at="2024-04-22T10:10:13 CEST" name="testRepaint" data-provider="samples" finished-at="2024-04-22T10:10:13 CEST" duration-ms="3" status="PASS">
          <params>
            <param index="0">
              <value>
                <![CDATA[4]]>
              </value>
            </param>
          </params>
          <reporter-output>
          </reporter-output>
        </test-method> <!-- testRepaint -->
        <test-method signature="testRepaint(int)[pri:0, instance:com.github.vitalibo.brickgame.core.ui.DigitTest@6fe7aac8]" started-at="2024-04-22T10:10:13 CEST" name="testRepaint" data-provider="samples" finished-at="2024-04-22T10:10:13 CEST" duration-ms="1" status="PASS">
          <params>
            <param index="0">
              <value>
                <![CDATA[5]]>
              </value>
            </param>
          </params>
          <reporter-output>
          </reporter-output>
        </test-method> <!-- testRepaint -->
        <test-method is-config="true" signature="setUp()[pri:0, instance:com.github.vitalibo.brickgame.core.ui.DigitTest@6fe7aac8]" started-at="2024-04-22T10:10:13 CEST" name="setUp" finished-at="2024-04-22T10:10:13 CEST" duration-ms="0" status="PASS">
          <reporter-output>
          </reporter-output>
        </test-method> <!-- setUp -->
        <test-method is-config="true" signature="setUp()[pri:0, instance:com.github.vitalibo.brickgame.core.ui.DigitTest@6fe7aac8]" started-at="2024-04-22T10:10:13 CEST" name="setUp" finished-at="2024-04-22T10:10:13 CEST" duration-ms="4" status="PASS">
          <reporter-output>
          </reporter-output>
        </test-method> <!-- setUp -->
        <test-method signature="testRepaint(int)[pri:0, instance:com.github.vitalibo.brickgame.core.ui.DigitTest@6fe7aac8]" started-at="2024-04-22T10:10:13 CEST" name="testRepaint" data-provider="samples" finished-at="2024-04-22T10:10:13 CEST" duration-ms="10" status="PASS">
          <params>
            <param index="0">
              <value>
                <![CDATA[6]]>
              </value>
            </param>
          </params>
          <reporter-output>
          </reporter-output>
        </test-method> <!-- testRepaint -->
        <test-method is-config="true" signature="setUp()[pri:0, instance:com.github.vitalibo.brickgame.core.ui.DigitTest@6fe7aac8]" started-at="2024-04-22T10:10:13 CEST" name="setUp" finished-at="2024-04-22T10:10:13 CEST" duration-ms="1" status="PASS">
          <reporter-output>
          </reporter-output>
        </test-method> <!-- setUp -->
        <test-method signature="testRepaint(int)[pri:0, instance:com.github.vitalibo.brickgame.core.ui.DigitTest@6fe7aac8]" started-at="2024-04-22T10:10:13 CEST" name="testRepaint" data-provider="samples" finished-at="2024-04-22T10:10:13 CEST" duration-ms="4" status="PASS">
          <params>
            <param index="0">
              <value>
                <![CDATA[7]]>
              </value>
            </param>
          </params>
          <reporter-output>
          </reporter-output>
        </test-method> <!-- testRepaint -->
        <test-method is-config="true" signature="setUp()[pri:0, instance:com.github.vitalibo.brickgame.core.ui.DigitTest@6fe7aac8]" started-at="2024-04-22T10:10:13 CEST" name="setUp" finished-at="2024-04-22T10:10:13 CEST" duration-ms="2" status="PASS">
          <reporter-output>
          </reporter-output>
        </test-method> <!-- setUp -->
        <test-method signature="testRepaint(int)[pri:0, instance:com.github.vitalibo.brickgame.core.ui.DigitTest@6fe7aac8]" started-at="2024-04-22T10:10:13 CEST" name="testRepaint" data-provider="samples" finished-at="2024-04-22T10:10:13 CEST" duration-ms="104" status="PASS">
          <params>
            <param index="0">
              <value>
                <![CDATA[8]]>
              </value>
            </param>
          </params>
          <reporter-output>
          </reporter-output>
        </test-method> <!-- testRepaint -->
        <test-method is-config="true" signature="setUp()[pri:0, instance:com.github.vitalibo.brickgame.core.ui.DigitTest@6fe7aac8]" started-at="2024-04-22T10:10:13 CEST" name="setUp" finished-at="2024-04-22T10:10:13 CEST" duration-ms="2" status="PASS">
          <reporter-output>
          </reporter-output>
        </test-method> <!-- setUp -->
        <test-method signature="testRepaint(int)[pri:0, instance:com.github.vitalibo.brickgame.core.ui.DigitTest@6fe7aac8]" started-at="2024-04-22T10:10:13 CEST" name="testRepaint" data-provider="samples" finished-at="2024-04-22T10:10:13 CEST" duration-ms="8" status="PASS">
          <params>
            <param index="0">
              <value>
                <![CDATA[9]]>
              </value>
            </param>
          </params>
          <reporter-output>
          </reporter-output>
        </test-method> <!-- testRepaint -->
        <test-method is-config="true" signature="setUp()[pri:0, instance:com.github.vitalibo.brickgame.core.ui.DigitTest@6fe7aac8]" started-at="2024-04-22T10:10:13 CEST" name="setUp" finished-at="2024-04-22T10:10:13 CEST" duration-ms="1" status="PASS">
          <reporter-output>
          </reporter-output>
        </test-method> <!-- setUp -->
        <test-method signature="testSetIllegalValue(int)[pri:0, instance:com.github.vitalibo.brickgame.core.ui.DigitTest@6fe7aac8]" started-at="2024-04-22T10:10:13 CEST" name="testSetIllegalValue" data-provider="samplesIllegalValue" finished-at="2024-04-22T10:10:13 CEST" duration-ms="12" status="PASS">
          <params>
            <param index="0">
              <value>
                <![CDATA[-1]]>
              </value>
            </param>
          </params>
          <exception class="java.lang.IllegalArgumentException">
            <message>
              <![CDATA[The value must be in the range 0 - 9.]]>
            </message>
            <full-stacktrace>
              <![CDATA[java.lang.IllegalArgumentException: The value must be in the range 0 - 9.
at com.github.vitalibo.brickgame.core.ui.NumberPanel$Digit.set(NumberPanel.java:83)
at com.github.vitalibo.brickgame.core.ui.NumberPanel$Digit.set(NumberPanel.java:82)
at com.github.vitalibo.brickgame.core.ui.DigitTest.testSetIllegalValue(DigitTest.java:72)
at java.base/jdk.internal.reflect.DirectMethodHandleAccessor.invoke(DirectMethodHandleAccessor.java:103)
at java.base/java.lang.reflect.Method.invoke(Method.java:580)
at org.testng.internal.invokers.MethodInvocationHelper.invokeMethod(MethodInvocationHelper.java:141)
at org.testng.internal.invokers.TestInvoker.invokeMethod(TestInvoker.java:686)
at org.testng.internal.invokers.TestInvoker.invokeTestMethod(TestInvoker.java:230)
at org.testng.internal.invokers.MethodRunner.runInSequence(MethodRunner.java:63)
at org.testng.internal.invokers.TestInvoker$MethodInvocationAgent.invoke(TestInvoker.java:992)
at org.testng.internal.invokers.TestInvoker.invokeTestMethods(TestInvoker.java:203)
at org.testng.internal.invokers.TestMethodWorker.invokeTestMethods(TestMethodWorker.java:154)
at org.testng.internal.invokers.TestMethodWorker.run(TestMethodWorker.java:134)
at java.base/java.util.ArrayList.forEach(ArrayList.java:1596)
at org.testng.TestRunner.privateRun(TestRunner.java:739)
at org.testng.TestRunner.run(TestRunner.java:614)
at org.testng.SuiteRunner.runTest(SuiteRunner.java:421)
at org.testng.SuiteRunner.runSequentially(SuiteRunner.java:413)
at org.testng.SuiteRunner.privateRun(SuiteRunner.java:373)
at org.testng.SuiteRunner.run(SuiteRunner.java:312)
at org.testng.SuiteRunnerWorker.runSuite(SuiteRunnerWorker.java:52)
at org.testng.SuiteRunnerWorker.run(SuiteRunnerWorker.java:95)
at org.testng.TestNG.runSuitesSequentially(TestNG.java:1274)
at org.testng.TestNG.runSuitesLocally(TestNG.java:1208)
at org.testng.TestNG.runSuites(TestNG.java:1112)
at org.testng.TestNG.run(TestNG.java:1079)
at org.apache.maven.surefire.testng.TestNGExecutor.run(TestNGExecutor.java:155)
at org.apache.maven.surefire.testng.TestNGDirectoryTestSuite.executeMulti(TestNGDirectoryTestSuite.java:169)
at org.apache.maven.surefire.testng.TestNGDirectoryTestSuite.execute(TestNGDirectoryTestSuite.java:88)
at org.apache.maven.surefire.testng.TestNGProvider.invoke(TestNGProvider.java:137)
at org.apache.maven.surefire.booter.ForkedBooter.runSuitesInProcess(ForkedBooter.java:385)
at org.apache.maven.surefire.booter.ForkedBooter.execute(ForkedBooter.java:162)
at org.apache.maven.surefire.booter.ForkedBooter.run(ForkedBooter.java:507)
at org.apache.maven.surefire.booter.ForkedBooter.main(ForkedBooter.java:495)
]]>
            </full-stacktrace>
          </exception> <!-- java.lang.IllegalArgumentException -->
          <reporter-output>
          </reporter-output>
        </test-method> <!-- testSetIllegalValue -->
        <test-method is-config="true" signature="setUp()[pri:0, instance:com.github.vitalibo.brickgame.core.ui.DigitTest@6fe7aac8]" started-at="2024-04-22T10:10:13 CEST" name="setUp" finished-at="2024-04-22T10:10:13 CEST" duration-ms="1" status="PASS">
          <reporter-output>
          </reporter-output>
        </test-method> <!-- setUp -->
        <test-method signature="testSetIllegalValue(int)[pri:0, instance:com.github.vitalibo.brickgame.core.ui.DigitTest@6fe7aac8]" started-at="2024-04-22T10:10:13 CEST" name="testSetIllegalValue" data-provider="samplesIllegalValue" finished-at="2024-04-22T10:10:13 CEST" duration-ms="0" status="PASS">
          <params>
            <param index="0">
              <value>
                <![CDATA[10]]>
              </value>
            </param>
          </params>
          <exception class="java.lang.IllegalArgumentException">
            <message>
              <![CDATA[The value must be in the range 0 - 9.]]>
            </message>
            <full-stacktrace>
              <![CDATA[java.lang.IllegalArgumentException: The value must be in the range 0 - 9.
at com.github.vitalibo.brickgame.core.ui.NumberPanel$Digit.set(NumberPanel.java:83)
at com.github.vitalibo.brickgame.core.ui.NumberPanel$Digit.set(NumberPanel.java:82)
at com.github.vitalibo.brickgame.core.ui.DigitTest.testSetIllegalValue(DigitTest.java:72)
at java.base/jdk.internal.reflect.DirectMethodHandleAccessor.invoke(DirectMethodHandleAccessor.java:103)
at java.base/java.lang.reflect.Method.invoke(Method.java:580)
at org.testng.internal.invokers.MethodInvocationHelper.invokeMethod(MethodInvocationHelper.java:141)
at org.testng.internal.invokers.TestInvoker.invokeMethod(TestInvoker.java:686)
at org.testng.internal.invokers.TestInvoker.invokeTestMethod(TestInvoker.java:230)
at org.testng.internal.invokers.MethodRunner.runInSequence(MethodRunner.java:63)
at org.testng.internal.invokers.TestInvoker$MethodInvocationAgent.invoke(TestInvoker.java:992)
at org.testng.internal.invokers.TestInvoker.invokeTestMethods(TestInvoker.java:203)
at org.testng.internal.invokers.TestMethodWorker.invokeTestMethods(TestMethodWorker.java:154)
at org.testng.internal.invokers.TestMethodWorker.run(TestMethodWorker.java:134)
at java.base/java.util.ArrayList.forEach(ArrayList.java:1596)
at org.testng.TestRunner.privateRun(TestRunner.java:739)
at org.testng.TestRunner.run(TestRunner.java:614)
at org.testng.SuiteRunner.runTest(SuiteRunner.java:421)
at org.testng.SuiteRunner.runSequentially(SuiteRunner.java:413)
at org.testng.SuiteRunner.privateRun(SuiteRunner.java:373)
at org.testng.SuiteRunner.run(SuiteRunner.java:312)
at org.testng.SuiteRunnerWorker.runSuite(SuiteRunnerWorker.java:52)
at org.testng.SuiteRunnerWorker.run(SuiteRunnerWorker.java:95)
at org.testng.TestNG.runSuitesSequentially(TestNG.java:1274)
at org.testng.TestNG.runSuitesLocally(TestNG.java:1208)
at org.testng.TestNG.runSuites(TestNG.java:1112)
at org.testng.TestNG.run(TestNG.java:1079)
at org.apache.maven.surefire.testng.TestNGExecutor.run(TestNGExecutor.java:155)
at org.apache.maven.surefire.testng.TestNGDirectoryTestSuite.executeMulti(TestNGDirectoryTestSuite.java:169)
at org.apache.maven.surefire.testng.TestNGDirectoryTestSuite.execute(TestNGDirectoryTestSuite.java:88)
at org.apache.maven.surefire.testng.TestNGProvider.invoke(TestNGProvider.java:137)
at org.apache.maven.surefire.booter.ForkedBooter.runSuitesInProcess(ForkedBooter.java:385)
at org.apache.maven.surefire.booter.ForkedBooter.execute(ForkedBooter.java:162)
at org.apache.maven.surefire.booter.ForkedBooter.run(ForkedBooter.java:507)
at org.apache.maven.surefire.booter.ForkedBooter.main(ForkedBooter.java:495)
]]>
            </full-stacktrace>
          </exception> <!-- java.lang.IllegalArgumentException -->
          <reporter-output>
          </reporter-output>
        </test-method> <!-- testSetIllegalValue -->
      </class> <!-- com.github.vitalibo.brickgame.core.ui.DigitTest -->
    </test> <!-- Surefire test -->
  </suite> <!-- Surefire suite -->
</testng-results>
