<?xml version="1.0" encoding="UTF-8"?>
<testsuite xmlns:xsi="http://www.w3.org/2001/XMLSchema-instance" xsi:noNamespaceSchemaLocation="https://maven.apache.org/surefire/maven-surefire-plugin/xsd/surefire-test-report-3.0.xsd" version="3.0" name="TestSuite" time="74.494" tests="240" errors="0" skipped="0" failures="2">
  <properties>
[...]
</properties>
  <testcase name="testChangePause" classname="com.github.vitalibo.brickgame.core.ControllerTest" time="0.606">
    <system-err><![CDATA[SLF4J: Failed to load class "org.slf4j.impl.StaticLoggerBinder".
SLF4J: Defaulting to no-operation (NOP) logger implementation
SLF4J: See http://www.slf4j.org/codes.html#StaticLoggerBinder for further details.
WARNING: A Java agent has been loaded dynamically (C:\Users\medko\.m2\repository\net\bytebuddy\byte-buddy-agent\1.14.12\byte-buddy-agent-1.14.12.jar)
WARNING: If a serviceability tool is in use, please run with -XX:+EnableDynamicAgentLoading to hide this warning
WARNING: If a serviceability tool is not in use, please run with -Djdk.instrument.traceUsage for more information
WARNING: Dynamic loading of agents will be disallowed by default in a future release
]]></system-err>
  </testcase>
  <testcase name="testChangeSound" classname="com.github.vitalibo.brickgame.core.ControllerTest" time="0.03"/>
  <testcase name="testDelegateKeyPressed[38, com.github.vitalibo.brickgame.core.ControllerTest$$Lambda/0x0000013bce2befa0@40a8a26f](1)" classname="com.github.vitalibo.brickgame.core.ControllerTest" time="0.037"/>
  <testcase name="testDelegateKeyPressed[40, com.github.vitalibo.brickgame.core.ControllerTest$$Lambda/0x0000013bce2bf1c8@11228bee](2)" classname="com.github.vitalibo.brickgame.core.ControllerTest" time="0.007"/>
  <testcase name="testDelegateKeyPressed[37, com.github.vitalibo.brickgame.core.ControllerTest$$Lambda/0x0000013bce2bf3f0@d8e4250](3)" classname="com.github.vitalibo.brickgame.core.ControllerTest" time="0.011"/>
  <testcase name="testDelegateKeyPressed[39, com.github.vitalibo.brickgame.core.ControllerTest$$Lambda/0x0000013bce2bf618@6f240187](4)" classname="com.github.vitalibo.brickgame.core.ControllerTest" time="0.013"/>
  <testcase name="testDelegateKeyPressed[32, com.github.vitalibo.brickgame.core.ControllerTest$$Lambda/0x0000013bce2bf840@704c3bdf](5)" classname="com.github.vitalibo.brickgame.core.ControllerTest" time="0.008"/>
  <testcase name="testNotDelegateKeyPressed[38, com.github.vitalibo.brickgame.core.ControllerTest$$Lambda/0x0000013bce2befa0@40a8a26f](1)" classname="com.github.vitalibo.brickgame.core.ControllerTest" time="0.004"/>
  <testcase name="testNotDelegateKeyPressed[40, com.github.vitalibo.brickgame.core.ControllerTest$$Lambda/0x0000013bce2bf1c8@11228bee](2)" classname="com.github.vitalibo.brickgame.core.ControllerTest" time="0.014"/>
  <testcase name="testNotDelegateKeyPressed[37, com.github.vitalibo.brickgame.core.ControllerTest$$Lambda/0x0000013bce2bf3f0@d8e4250](3)" classname="com.github.vitalibo.brickgame.core.ControllerTest" time="0.003"/>
  <testcase name="testNotDelegateKeyPressed[39, com.github.vitalibo.brickgame.core.ControllerTest$$Lambda/0x0000013bce2bf618@6f240187](4)" classname="com.github.vitalibo.brickgame.core.ControllerTest" time="0.004"/>
  <testcase name="testNotDelegateKeyPressed[32, com.github.vitalibo.brickgame.core.ControllerTest$$Lambda/0x0000013bce2bf840@704c3bdf](5)" classname="com.github.vitalibo.brickgame.core.ControllerTest" time="0.003"/>
  <testcase name="testReset" classname="com.github.vitalibo.brickgame.core.ControllerTest" time="0.126"/>
  <testcase name="testCountdown" classname="com.github.vitalibo.brickgame.core.CountdownJobTest" time="0.337">
    <failure message="expected [true] but found [false]" type="java.lang.AssertionError"><![CDATA[java.lang.AssertionError: expected [true] but found [false]
	at org.testng.Assert.fail(Assert.java:111)
	at org.testng.Assert.failNotEquals(Assert.java:1578)
	at org.testng.Assert.assertTrue(Assert.java:57)
	at org.testng.Assert.assertTrue(Assert.java:67)
	at com.github.vitalibo.brickgame.core.CountdownJobTest.testCountdown(CountdownJobTest.java:28)
	at java.base/jdk.internal.reflect.DirectMethodHandleAccessor.invoke(DirectMethodHandleAccessor.java:103)
	at java.base/java.lang.reflect.Method.invoke(Method.java:580)
	at org.testng.internal.invokers.MethodInvocationHelper.invokeMethod(MethodInvocationHelper.java:141)
	at org.testng.internal.invokers.TestInvoker.invokeMethod(TestInvoker.java:686)
	at org.testng.internal.invokers.TestInvoker.invokeTestMethod(TestInvoker.java:230)
	at org.testng.internal.invokers.MethodRunner.runInSequence(MethodRunner.java:63)
	at org.testng.internal.invokers.TestInvoker$MethodInvocationAgent.invoke(TestInvoker.java:992)
	at org.testng.internal.invokers.TestInvoker.invokeTestMethods(TestInvoker.java:203)
	at org.testng.internal.invokers.TestMethodWorker.invokeTestMethods(TestMethodWorker.java:154)
	at org.testng.internal.invokers.TestMethodWorker.run(TestMethodWorker.java:134)
	at java.base/java.util.ArrayList.forEach(ArrayList.java:1596)
	at org.testng.TestRunner.privateRun(TestRunner.java:739)
	at org.testng.TestRunner.run(TestRunner.java:614)
	at org.testng.SuiteRunner.runTest(SuiteRunner.java:421)
	at org.testng.SuiteRunner.runSequentially(SuiteRunner.java:413)
	at org.testng.SuiteRunner.privateRun(SuiteRunner.java:373)
	at org.testng.SuiteRunner.run(SuiteRunner.java:312)
	at org.testng.SuiteRunnerWorker.runSuite(SuiteRunnerWorker.java:52)
	at org.testng.SuiteRunnerWorker.run(SuiteRunnerWorker.java:95)
	at org.testng.TestNG.runSuitesSequentially(TestNG.java:1274)
	at org.testng.TestNG.runSuitesLocally(TestNG.java:1208)
	at org.testng.TestNG.runSuites(TestNG.java:1112)
	at org.testng.TestNG.run(TestNG.java:1079)
	at org.apache.maven.surefire.testng.TestNGExecutor.run(TestNGExecutor.java:155)
	at org.apache.maven.surefire.testng.TestNGDirectoryTestSuite.executeMulti(TestNGDirectoryTestSuite.java:169)
	at org.apache.maven.surefire.testng.TestNGDirectoryTestSuite.execute(TestNGDirectoryTestSuite.java:88)
	at org.apache.maven.surefire.testng.TestNGProvider.invoke(TestNGProvider.java:137)
	at org.apache.maven.surefire.booter.ForkedBooter.runSuitesInProcess(ForkedBooter.java:385)
	at org.apache.maven.surefire.booter.ForkedBooter.execute(ForkedBooter.java:162)
	at org.apache.maven.surefire.booter.ForkedBooter.run(ForkedBooter.java:507)
	at org.apache.maven.surefire.booter.ForkedBooter.main(ForkedBooter.java:495)
]]></failure>
  </testcase>
  <testcase name="testKill" classname="com.github.vitalibo.brickgame.core.JobTest" time="0.281"/>
  <testcase name="testPause" classname="com.github.vitalibo.brickgame.core.JobTest" time="0.481"/>
  <testcase name="testJob" classname="com.github.vitalibo.brickgame.core.KernelTest" time="0.297">
    <failure message="&#10;Wanted but not invoked:&#10;mockConsumer.accept(&#10;    com.github.vitalibo.brickgame.core.Kernel$Job@1530d0f2&#10;);&#10;-&gt; at com.github.vitalibo.brickgame.core.KernelTest.testJob(KernelTest.java:37)&#10;Actually, there were zero interactions with this mock.&#10;" type="Wanted but not invoked"><![CDATA[Wanted but not invoked:
mockConsumer.accept(
    com.github.vitalibo.brickgame.core.Kernel$Job@1530d0f2
);
-> at com.github.vitalibo.brickgame.core.KernelTest.testJob(KernelTest.java:37)
Actually, there were zero interactions with this mock.

	at com.github.vitalibo.brickgame.core.KernelTest.testJob(KernelTest.java:37)
	at java.base/jdk.internal.reflect.DirectMethodHandleAccessor.invoke(DirectMethodHandleAccessor.java:103)
	at java.base/java.lang.reflect.Method.invoke(Method.java:580)
	at org.testng.internal.invokers.MethodInvocationHelper.invokeMethod(MethodInvocationHelper.java:141)
	at org.testng.internal.invokers.TestInvoker.invokeMethod(TestInvoker.java:686)
	at org.testng.internal.invokers.TestInvoker.invokeTestMethod(TestInvoker.java:230)
	at org.testng.internal.invokers.MethodRunner.runInSequence(MethodRunner.java:63)
	at org.testng.internal.invokers.TestInvoker$MethodInvocationAgent.invoke(TestInvoker.java:992)
	at org.testng.internal.invokers.TestInvoker.invokeTestMethods(TestInvoker.java:203)
	at org.testng.internal.invokers.TestMethodWorker.invokeTestMethods(TestMethodWorker.java:154)
	at org.testng.internal.invokers.TestMethodWorker.run(TestMethodWorker.java:134)
	at java.base/java.util.ArrayList.forEach(ArrayList.java:1596)
	at org.testng.TestRunner.privateRun(TestRunner.java:739)
	at org.testng.TestRunner.run(TestRunner.java:614)
	at org.testng.SuiteRunner.runTest(SuiteRunner.java:421)
	at org.testng.SuiteRunner.runSequentially(SuiteRunner.java:413)
	at org.testng.SuiteRunner.privateRun(SuiteRunner.java:373)
	at org.testng.SuiteRunner.run(SuiteRunner.java:312)
	at org.testng.SuiteRunnerWorker.runSuite(SuiteRunnerWorker.java:52)
	at org.testng.SuiteRunnerWorker.run(SuiteRunnerWorker.java:95)
	at org.testng.TestNG.runSuitesSequentially(TestNG.java:1274)
	at org.testng.TestNG.runSuitesLocally(TestNG.java:1208)
	at org.testng.TestNG.runSuites(TestNG.java:1112)
	at org.testng.TestNG.run(TestNG.java:1079)
	at org.apache.maven.surefire.testng.TestNGExecutor.run(TestNGExecutor.java:155)
	at org.apache.maven.surefire.testng.TestNGDirectoryTestSuite.executeMulti(TestNGDirectoryTestSuite.java:169)
	at org.apache.maven.surefire.testng.TestNGDirectoryTestSuite.execute(TestNGDirectoryTestSuite.java:88)
	at org.apache.maven.surefire.testng.TestNGProvider.invoke(TestNGProvider.java:137)
	at org.apache.maven.surefire.booter.ForkedBooter.runSuitesInProcess(ForkedBooter.java:385)
	at org.apache.maven.surefire.booter.ForkedBooter.execute(ForkedBooter.java:162)
	at org.apache.maven.surefire.booter.ForkedBooter.run(ForkedBooter.java:507)
	at org.apache.maven.surefire.booter.ForkedBooter.main(ForkedBooter.java:495)
]]></failure>
  </testcase>
  <testcase name="testDec[0, 1](1)" classname="com.github.vitalibo.brickgame.core.NumberTest" time="0.012"/>
  <testcase name="testDec[100, 101](2)" classname="com.github.vitalibo.brickgame.core.NumberTest" time="0.001"/>
  <testcase name="testDec[12345, 12346](3)" classname="com.github.vitalibo.brickgame.core.NumberTest" time="0.006"/>
  <testcase name="testDecStep[5, 1, 6](1)" classname="com.github.vitalibo.brickgame.core.NumberTest" time="0.007"/>
  <testcase name="testDecStep[100, 12345, 12445](2)" classname="com.github.vitalibo.brickgame.core.NumberTest" time="0.0"/>
  <testcase name="testDecStep[12345, 12345, 24690](3)" classname="com.github.vitalibo.brickgame.core.NumberTest" time="0.001"/>
  <testcase name="testDecStep[54321, 12345, 66666](4)" classname="com.github.vitalibo.brickgame.core.NumberTest" time="0.001"/>
  <testcase name="testInc[0, 1](1)" classname="com.github.vitalibo.brickgame.core.NumberTest" time="0.002"/>
  <testcase name="testInc[100, 101](2)" classname="com.github.vitalibo.brickgame.core.NumberTest" time="0.0"/>
  <testcase name="testInc[12345, 12346](3)" classname="com.github.vitalibo.brickgame.core.NumberTest" time="0.0"/>
  <testcase name="testIncStep[5, 1, 6](1)" classname="com.github.vitalibo.brickgame.core.NumberTest" time="0.0"/>
  <testcase name="testIncStep[100, 12345, 12445](2)" classname="com.github.vitalibo.brickgame.core.NumberTest" time="0.0"/>
  <testcase name="testIncStep[12345, 12345, 24690](3)" classname="com.github.vitalibo.brickgame.core.NumberTest" time="0.001"/>
  <testcase name="testIncStep[54321, 12345, 66666](4)" classname="com.github.vitalibo.brickgame.core.NumberTest" time="0.0"/>
  <testcase name="testChangeState[true](1)" classname="com.github.vitalibo.brickgame.core.StateTest" time="0.12"/>
  <testcase name="testChangeState[false](2)" classname="com.github.vitalibo.brickgame.core.StateTest" time="0.001"/>
  <testcase name="testBrickSize" classname="com.github.vitalibo.brickgame.core.ui.BrickPanelTest" time="0.003"/>
  <testcase name="testDraw[0, 0](1)" classname="com.github.vitalibo.brickgame.core.ui.BrickPanelTest" time="0.01"/>
  <testcase name="testDraw[0, 1](2)" classname="com.github.vitalibo.brickgame.core.ui.BrickPanelTest" time="0.002"/>
  <testcase name="testDraw[0, 2](3)" classname="com.github.vitalibo.brickgame.core.ui.BrickPanelTest" time="0.0"/>
  <testcase name="testDraw[0, 3](4)" classname="com.github.vitalibo.brickgame.core.ui.BrickPanelTest" time="0.051"/>
  <testcase name="testDraw[0, 4](5)" classname="com.github.vitalibo.brickgame.core.ui.BrickPanelTest" time="0.113"/>
  <testcase name="testDraw[1, 0](6)" classname="com.github.vitalibo.brickgame.core.ui.BrickPanelTest" time="0.004"/>
  <testcase name="testDraw[1, 1](7)" classname="com.github.vitalibo.brickgame.core.ui.BrickPanelTest" time="0.0"/>
  <testcase name="testDraw[1, 2](8)" classname="com.github.vitalibo.brickgame.core.ui.BrickPanelTest" time="0.0"/>
  <testcase name="testDraw[1, 3](9)" classname="com.github.vitalibo.brickgame.core.ui.BrickPanelTest" time="0.0"/>
  <testcase name="testDraw[1, 4](10)" classname="com.github.vitalibo.brickgame.core.ui.BrickPanelTest" time="0.0"/>
  <testcase name="testDraw[2, 0](11)" classname="com.github.vitalibo.brickgame.core.ui.BrickPanelTest" time="0.002"/>
  <testcase name="testDraw[2, 1](12)" classname="com.github.vitalibo.brickgame.core.ui.BrickPanelTest" time="0.0"/>
  <testcase name="testDraw[2, 2](13)" classname="com.github.vitalibo.brickgame.core.ui.BrickPanelTest" time="0.0"/>
  <testcase name="testDraw[2, 3](14)" classname="com.github.vitalibo.brickgame.core.ui.BrickPanelTest" time="0.0"/>
  <testcase name="testDraw[2, 4](15)" classname="com.github.vitalibo.brickgame.core.ui.BrickPanelTest" time="0.0"/>
  <testcase name="testDraw[3, 0](16)" classname="com.github.vitalibo.brickgame.core.ui.BrickPanelTest" time="0.002"/>
  <testcase name="testDraw[3, 1](17)" classname="com.github.vitalibo.brickgame.core.ui.BrickPanelTest" time="0.0"/>
  <testcase name="testDraw[3, 2](18)" classname="com.github.vitalibo.brickgame.core.ui.BrickPanelTest" time="0.002"/>
  <testcase name="testDraw[3, 3](19)" classname="com.github.vitalibo.brickgame.core.ui.BrickPanelTest" time="0.002"/>
  <testcase name="testDraw[3, 4](20)" classname="com.github.vitalibo.brickgame.core.ui.BrickPanelTest" time="0.002"/>
  <testcase name="testDraw[4, 0](21)" classname="com.github.vitalibo.brickgame.core.ui.BrickPanelTest" time="0.002"/>
  <testcase name="testDraw[4, 1](22)" classname="com.github.vitalibo.brickgame.core.ui.BrickPanelTest" time="0.004"/>
  <testcase name="testDraw[4, 2](23)" classname="com.github.vitalibo.brickgame.core.ui.BrickPanelTest" time="0.002"/>
  <testcase name="testDraw[4, 3](24)" classname="com.github.vitalibo.brickgame.core.ui.BrickPanelTest" time="0.001"/>
  <testcase name="testDraw[4, 4](25)" classname="com.github.vitalibo.brickgame.core.ui.BrickPanelTest" time="0.001"/>
  <testcase name="testDraw[5, 0](26)" classname="com.github.vitalibo.brickgame.core.ui.BrickPanelTest" time="0.007"/>
  <testcase name="testDraw[5, 1](27)" classname="com.github.vitalibo.brickgame.core.ui.BrickPanelTest" time="0.007"/>
  <testcase name="testDraw[5, 2](28)" classname="com.github.vitalibo.brickgame.core.ui.BrickPanelTest" time="0.002"/>
  <testcase name="testDraw[5, 3](29)" classname="com.github.vitalibo.brickgame.core.ui.BrickPanelTest" time="0.006"/>
  <testcase name="testDraw[5, 4](30)" classname="com.github.vitalibo.brickgame.core.ui.BrickPanelTest" time="0.0"/>
  <testcase name="testDraw[6, 0](31)" classname="com.github.vitalibo.brickgame.core.ui.BrickPanelTest" time="0.0"/>
  <testcase name="testDraw[6, 1](32)" classname="com.github.vitalibo.brickgame.core.ui.BrickPanelTest" time="0.0"/>
  <testcase name="testDraw[6, 2](33)" classname="com.github.vitalibo.brickgame.core.ui.BrickPanelTest" time="0.001"/>
  <testcase name="testDraw[6, 3](34)" classname="com.github.vitalibo.brickgame.core.ui.BrickPanelTest" time="0.0"/>
  <testcase name="testDraw[6, 4](35)" classname="com.github.vitalibo.brickgame.core.ui.BrickPanelTest" time="0.001"/>
  <testcase name="testDraw[7, 0](36)" classname="com.github.vitalibo.brickgame.core.ui.BrickPanelTest" time="0.001"/>
  <testcase name="testDraw[7, 1](37)" classname="com.github.vitalibo.brickgame.core.ui.BrickPanelTest" time="0.004"/>
  <testcase name="testDraw[7, 2](38)" classname="com.github.vitalibo.brickgame.core.ui.BrickPanelTest" time="0.001"/>
  <testcase name="testDraw[7, 3](39)" classname="com.github.vitalibo.brickgame.core.ui.BrickPanelTest" time="0.001"/>
  <testcase name="testDraw[7, 4](40)" classname="com.github.vitalibo.brickgame.core.ui.BrickPanelTest" time="0.001"/>
  <testcase name="testDraw[8, 0](41)" classname="com.github.vitalibo.brickgame.core.ui.BrickPanelTest" time="0.0"/>
  <testcase name="testDraw[8, 1](42)" classname="com.github.vitalibo.brickgame.core.ui.BrickPanelTest" time="0.0"/>
  <testcase name="testDraw[8, 2](43)" classname="com.github.vitalibo.brickgame.core.ui.BrickPanelTest" time="0.0"/>
  <testcase name="testDraw[8, 3](44)" classname="com.github.vitalibo.brickgame.core.ui.BrickPanelTest" time="0.001"/>
  <testcase name="testDraw[8, 4](45)" classname="com.github.vitalibo.brickgame.core.ui.BrickPanelTest" time="0.007"/>
  <testcase name="testDraw[9, 0](46)" classname="com.github.vitalibo.brickgame.core.ui.BrickPanelTest" time="0.0"/>
  <testcase name="testDraw[9, 1](47)" classname="com.github.vitalibo.brickgame.core.ui.BrickPanelTest" time="0.001"/>
  <testcase name="testDraw[9, 2](48)" classname="com.github.vitalibo.brickgame.core.ui.BrickPanelTest" time="0.002"/>
  <testcase name="testDraw[9, 3](49)" classname="com.github.vitalibo.brickgame.core.ui.BrickPanelTest" time="0.004"/>
  <testcase name="testDraw[9, 4](50)" classname="com.github.vitalibo.brickgame.core.ui.BrickPanelTest" time="0.002"/>
  <testcase name="testNotRepaint" classname="com.github.vitalibo.brickgame.core.ui.BrickTest" time="0.027"/>
  <testcase name="testPaintState[false, java.awt.Color[r=97,g=112,b=91]](1)" classname="com.github.vitalibo.brickgame.core.ui.BrickTest" time="0.958"/>
  <testcase name="testPaintState[true, java.awt.Color[r=0,g=0,b=0]](2)" classname="com.github.vitalibo.brickgame.core.ui.BrickTest" time="0.012"/>
  <testcase name="testRepaint" classname="com.github.vitalibo.brickgame.core.ui.BrickTest" time="0.001"/>
  <testcase name="testNotRepaint" classname="com.github.vitalibo.brickgame.core.ui.DigitTest" time="0.015"/>
  <testcase name="testPaintDigit[0](1)" classname="com.github.vitalibo.brickgame.core.ui.DigitTest" time="1.209"/>
  <testcase name="testPaintDigit[1](2)" classname="com.github.vitalibo.brickgame.core.ui.DigitTest" time="0.01"/>
  <testcase name="testPaintDigit[2](3)" classname="com.github.vitalibo.brickgame.core.ui.DigitTest" time="0.016"/>
  <testcase name="testPaintDigit[3](4)" classname="com.github.vitalibo.brickgame.core.ui.DigitTest" time="0.039"/>
  <testcase name="testPaintDigit[4](5)" classname="com.github.vitalibo.brickgame.core.ui.DigitTest" time="0.025"/>
  <testcase name="testPaintDigit[5](6)" classname="com.github.vitalibo.brickgame.core.ui.DigitTest" time="0.257"/>
  <testcase name="testPaintDigit[6](7)" classname="com.github.vitalibo.brickgame.core.ui.DigitTest" time="0.02"/>
  <testcase name="testPaintDigit[7](8)" classname="com.github.vitalibo.brickgame.core.ui.DigitTest" time="0.012"/>
  <testcase name="testPaintDigit[8](9)" classname="com.github.vitalibo.brickgame.core.ui.DigitTest" time="0.008"/>
  <testcase name="testPaintDigit[9](10)" classname="com.github.vitalibo.brickgame.core.ui.DigitTest" time="0.0"/>
  <testcase name="testRepaint[0](1)" classname="com.github.vitalibo.brickgame.core.ui.DigitTest" time="0.177"/>
  <testcase name="testRepaint[1](2)" classname="com.github.vitalibo.brickgame.core.ui.DigitTest" time="0.009"/>
  <testcase name="testRepaint[2](3)" classname="com.github.vitalibo.brickgame.core.ui.DigitTest" time="0.034"/>
  <testcase name="testRepaint[3](4)" classname="com.github.vitalibo.brickgame.core.ui.DigitTest" time="0.011"/>
  <testcase name="testRepaint[4](5)" classname="com.github.vitalibo.brickgame.core.ui.DigitTest" time="0.003"/>
  <testcase name="testRepaint[5](6)" classname="com.github.vitalibo.brickgame.core.ui.DigitTest" time="0.0"/>
  <testcase name="testRepaint[6](7)" classname="com.github.vitalibo.brickgame.core.ui.DigitTest" time="0.0"/>
  <testcase name="testRepaint[7](8)" classname="com.github.vitalibo.brickgame.core.ui.DigitTest" time="0.001"/>
  <testcase name="testRepaint[8](9)" classname="com.github.vitalibo.brickgame.core.ui.DigitTest" time="0.115"/>
  <testcase name="testRepaint[9](10)" classname="com.github.vitalibo.brickgame.core.ui.DigitTest" time="0.011"/>
  <testcase name="testSetIllegalValue[-1](1)" classname="com.github.vitalibo.brickgame.core.ui.DigitTest" time="0.026"/>
  <testcase name="testSetIllegalValue[10](2)" classname="com.github.vitalibo.brickgame.core.ui.DigitTest" time="0.0"/>
  <testcase name="testNotRepaint[true](1)" classname="com.github.vitalibo.brickgame.core.ui.IconPanelTest" time="0.013"/>
  <testcase name="testNotRepaint[false](2)" classname="com.github.vitalibo.brickgame.core.ui.IconPanelTest" time="0.03"/>
  <testcase name="testRepaint[true](1)" classname="com.github.vitalibo.brickgame.core.ui.IconPanelTest" time="0.009"/>
  <testcase name="testRepaint[false](2)" classname="com.github.vitalibo.brickgame.core.ui.IconPanelTest" time="0.006"/>
  <testcase name="testDigitSequence[10, 0, [0, 0, 0, 0, 0, 0, 0, 0, 0, 0]](1)" classname="com.github.vitalibo.brickgame.core.ui.NumberPanelTest" time="0.186"/>
  <testcase name="testDigitSequence[10, 1, [0, 0, 0, 0, 0, 0, 0, 0, 0, 1]](2)" classname="com.github.vitalibo.brickgame.core.ui.NumberPanelTest" time="0.002"/>
  <testcase name="testDigitSequence[10, 1234567890, [1, 2, 3, 4, 5, 6, 7, 8, 9, 0]](3)" classname="com.github.vitalibo.brickgame.core.ui.NumberPanelTest" time="0.004"/>
  <testcase name="testOverflowValue[10](1)" classname="com.github.vitalibo.brickgame.core.ui.NumberPanelTest" time="0.0"/>
  <testcase name="testOverflowValue[99](2)" classname="com.github.vitalibo.brickgame.core.ui.NumberPanelTest" time="0.003"/>
  <testcase name="testOverflowValue[100](3)" classname="com.github.vitalibo.brickgame.core.ui.NumberPanelTest" time="0.006"/>
  <testcase name="testOverflowValue[999](4)" classname="com.github.vitalibo.brickgame.core.ui.NumberPanelTest" time="0.0"/>
  <testcase name="testSetIllegalValue" classname="com.github.vitalibo.brickgame.core.ui.NumberPanelTest" time="0.0"/>
  <testcase name="cleanUp" classname="com.github.vitalibo.brickgame.game.LifeTest" time="0.001"/>
  <testcase name="testNotRepaint" classname="com.github.vitalibo.brickgame.game.LifeTest" time="0.0"/>
  <testcase name="testRepaint[0, [[Z@5606d537](1)" classname="com.github.vitalibo.brickgame.game.LifeTest" time="0.002"/>
  <testcase name="testRepaint[1, [[Z@e3692ca](2)" classname="com.github.vitalibo.brickgame.game.LifeTest" time="0.007"/>
  <testcase name="testRepaint[3, [[Z@1983a4e4](3)" classname="com.github.vitalibo.brickgame.game.LifeTest" time="0.001"/>
  <testcase name="testRepaint[7, [[Z@45b6c666](4)" classname="com.github.vitalibo.brickgame.game.LifeTest" time="0.062"/>
  <testcase name="testRepaint[16, [[Z@74d53d63](5)" classname="com.github.vitalibo.brickgame.game.LifeTest" time="0.001"/>
  <testcase name="testMoveDown[1, 0](1)" classname="com.github.vitalibo.brickgame.game.PointTest" time="0.002"/>
  <testcase name="testMoveDown[19, 18](2)" classname="com.github.vitalibo.brickgame.game.PointTest" time="0.0"/>
  <testcase name="testMoveLeft[1, 0](1)" classname="com.github.vitalibo.brickgame.game.PointTest" time="0.0"/>
  <testcase name="testMoveLeft[9, 8](2)" classname="com.github.vitalibo.brickgame.game.PointTest" time="0.001"/>
  <testcase name="testMoveRight[1, 0](1)" classname="com.github.vitalibo.brickgame.game.PointTest" time="0.001"/>
  <testcase name="testMoveRight[9, 8](2)" classname="com.github.vitalibo.brickgame.game.PointTest" time="0.0"/>
  <testcase name="testMoveUp[1, 0](1)" classname="com.github.vitalibo.brickgame.game.PointTest" time="0.001"/>
  <testcase name="testMoveUp[19, 18](2)" classname="com.github.vitalibo.brickgame.game.PointTest" time="0.001"/>
  <testcase name="testVerifyFailed[-1, 0](1)" classname="com.github.vitalibo.brickgame.game.PointTest" time="0.0"/>
  <testcase name="testVerifyFailed[0, -1](2)" classname="com.github.vitalibo.brickgame.game.PointTest" time="0.002"/>
  <testcase name="testVerifyFailed[20, 0](3)" classname="com.github.vitalibo.brickgame.game.PointTest" time="0.0"/>
  <testcase name="testVerifyFailed[0, 10](4)" classname="com.github.vitalibo.brickgame.game.PointTest" time="0.001"/>
  <testcase name="testVerifyPassed[0, 0](1)" classname="com.github.vitalibo.brickgame.game.PointTest" time="0.001"/>
  <testcase name="testVerifyPassed[19, 9](2)" classname="com.github.vitalibo.brickgame.game.PointTest" time="0.001"/>
  <testcase name="testCarCrashed" classname="com.github.vitalibo.brickgame.game.race.CarTest" time="0.008"/>
  <testcase name="testDown" classname="com.github.vitalibo.brickgame.game.race.CarTest" time="0.078"/>
  <testcase name="testLeft" classname="com.github.vitalibo.brickgame.game.race.CarTest" time="0.004"/>
  <testcase name="testRight" classname="com.github.vitalibo.brickgame.game.race.CarTest" time="0.001"/>
  <testcase name="testVerifyPassed" classname="com.github.vitalibo.brickgame.game.race.CarTest" time="0.01"/>
  <testcase name="testDown" classname="com.github.vitalibo.brickgame.game.race.RoadTest" time="0.0"/>
  <testcase name="testShapeEquals[com.github.vitalibo.brickgame.game.Shape@3aa1c45, com.github.vitalibo.brickgame.game.Shape@6d45dd4](1)" classname="com.github.vitalibo.brickgame.game.ShapeTest" time="0.002"/>
  <testcase name="testShapeEquals[com.github.vitalibo.brickgame.game.Shape@5f65e0c0, com.github.vitalibo.brickgame.game.Shape@566cc6af](2)" classname="com.github.vitalibo.brickgame.game.ShapeTest" time="0.0"/>
  <testcase name="testReverse[DOWN, UP](1)" classname="com.github.vitalibo.brickgame.game.snake.DirectionTest" time="0.0"/>
  <testcase name="testReverse[UP, DOWN](2)" classname="com.github.vitalibo.brickgame.game.snake.DirectionTest" time="0.0"/>
  <testcase name="testReverse[LEFT, RIGHT](3)" classname="com.github.vitalibo.brickgame.game.snake.DirectionTest" time="0.0"/>
  <testcase name="testReverse[RIGHT, LEFT](4)" classname="com.github.vitalibo.brickgame.game.snake.DirectionTest" time="0.0"/>
  <testcase name="testReverse[NOT_DEFINED, NOT_DEFINED](5)" classname="com.github.vitalibo.brickgame.game.snake.DirectionTest" time="0.0"/>
  <testcase name="testCrashOnBorder[0, 0](1)" classname="com.github.vitalibo.brickgame.game.snake.MapTest" time="0.008"/>
  <testcase name="testCrashOnBorder[1, 1](2)" classname="com.github.vitalibo.brickgame.game.snake.MapTest" time="0.002"/>
  <testcase name="testCrashOnBorder[0, 2](3)" classname="com.github.vitalibo.brickgame.game.snake.MapTest" time="0.0"/>
  <testcase name="testCrashOnBorder[2, 0](4)" classname="com.github.vitalibo.brickgame.game.snake.MapTest" time="0.0"/>
  <testcase name="testLoadingMap[0](1)" classname="com.github.vitalibo.brickgame.game.snake.MapTest" time="0.002"/>
  <testcase name="testLoadingMap[1](2)" classname="com.github.vitalibo.brickgame.game.snake.MapTest" time="0.003"/>
  <testcase name="testLoadingMap[2](3)" classname="com.github.vitalibo.brickgame.game.snake.MapTest" time="0.006"/>
  <testcase name="testLoadingMap[3](4)" classname="com.github.vitalibo.brickgame.game.snake.MapTest" time="0.185"/>
  <testcase name="testLoadingMap[4](5)" classname="com.github.vitalibo.brickgame.game.snake.MapTest" time="0.002"/>
  <testcase name="testLoadingMap[5](6)" classname="com.github.vitalibo.brickgame.game.snake.MapTest" time="0.004"/>
  <testcase name="testLoadingMap[6](7)" classname="com.github.vitalibo.brickgame.game.snake.MapTest" time="0.002"/>
  <testcase name="testLoadingMap[7](8)" classname="com.github.vitalibo.brickgame.game.snake.MapTest" time="0.003"/>
  <testcase name="testLoadingMap[8](9)" classname="com.github.vitalibo.brickgame.game.snake.MapTest" time="0.002"/>
  <testcase name="testLoadingMap[9](10)" classname="com.github.vitalibo.brickgame.game.snake.MapTest" time="0.009"/>
  <testcase name="testLoadingMap[10](11)" classname="com.github.vitalibo.brickgame.game.snake.MapTest" time="0.096"/>
  <testcase name="testLoadingMap[11](12)" classname="com.github.vitalibo.brickgame.game.snake.MapTest" time="0.909"/>
  <testcase name="testLoadingMap[12](13)" classname="com.github.vitalibo.brickgame.game.snake.MapTest" time="0.238"/>
  <testcase name="testLoadingMap[13](14)" classname="com.github.vitalibo.brickgame.game.snake.MapTest" time="0.104"/>
  <testcase name="testLoadingMap[14](15)" classname="com.github.vitalibo.brickgame.game.snake.MapTest" time="0.69"/>
  <testcase name="testLoadingMap[15](16)" classname="com.github.vitalibo.brickgame.game.snake.MapTest" time="0.499"/>
  <testcase name="testUnmodifiableList" classname="com.github.vitalibo.brickgame.game.snake.MapTest" time="0.011"/>
  <testcase name="testVerifyPassed[0, 1](1)" classname="com.github.vitalibo.brickgame.game.snake.MapTest" time="0.002"/>
  <testcase name="testVerifyPassed[1, 0](2)" classname="com.github.vitalibo.brickgame.game.snake.MapTest" time="0.0"/>
  <testcase name="testVerifyPassed[1, 2](3)" classname="com.github.vitalibo.brickgame.game.snake.MapTest" time="0.0"/>
  <testcase name="testVerifyPassed[2, 1](4)" classname="com.github.vitalibo.brickgame.game.snake.MapTest" time="0.002"/>
  <testcase name="testEatMouse" classname="com.github.vitalibo.brickgame.game.snake.MouseTest" time="0.003"/>
  <testcase name="testNextPoint[[Point(y=0, x=0), Point(y=0, x=1), Point(y=0, x=2), Point(y=0, x=3), Point(y=0, x=4), Point(y=0, x=5), Point(y=0, x=6), Point(y=0, x=7), Point(y=0, x=8), Point(y=0, x=9), Point(y=1, x=0), Point(y=1, x=1), Point(y=1, x=2), Point(y=1, x=3), Point(y=1, x=4), Point(y=1, x=5), Point(y=1, x=6), Point(y=1, x=7), Point(y=1, x=8), Point(y=1, x=9), Point(y=2, x=0), Point(y=2, x=1), Point(y=2, x=2), Point(y=2, x=3), Point(y=2, x=4), Point(y=2, x=5), Point(y=2, x=6), Point(y=2, x=7), Point(y=2, x=8), Point(y=2, x=9), Point(y=3, x=0), Point(y=3, x=1), Point(y=3, x=2), Point(y=3, x=3), Point(y=3, x=4), Point(y=3, x=5), Point(y=3, x=6), Point(y=3, x=7), Point(y=3, x=8), Point(y=3, x=9), Point(y=4, x=0), Point(y=4, x=1), Point(y=4, x=2), Point(y=4, x=3), Point(y=4, x=4), Point(y=4, x=5), Point(y=4, x=6), Point(y=4, x=7), Point(y=4, x=8), Point(y=4, x=9), Point(y=5, x=0), Point(y=5, x=1), Point(y=5, x=2), Point(y=5, x=3), Point(y=5, x=4), Point(y=5, x=5), Point(y=5, x=6), Point(y=5, x=7), Point(y=5, x=8), Point(y=5, x=9), Point(y=6, x=0), Point(y=6, x=1), Point(y=6, x=2), Point(y=6, x=3), Point(y=6, x=4), Point(y=6, x=5), Point(y=6, x=6), Point(y=6, x=7), Point(y=6, x=8), Point(y=6, x=9), Point(y=7, x=0), Point(y=7, x=1), Point(y=7, x=2), Point(y=7, x=3), Point(y=7, x=4), Point(y=7, x=5), Point(y=7, x=6), Point(y=7, x=7), Point(y=7, x=8), Point(y=7, x=9), Point(y=8, x=0), Point(y=8, x=1), Point(y=8, x=2), Point(y=8, x=3), Point(y=8, x=4), Point(y=8, x=5), Point(y=8, x=6), Point(y=8, x=7), Point(y=8, x=8), Point(y=8, x=9), Point(y=9, x=0), Point(y=9, x=1), Point(y=9, x=2), Point(y=9, x=3), Point(y=9, x=4), Point(y=9, x=5), Point(y=9, x=6), Point(y=9, x=7), Point(y=9, x=8), Point(y=9, x=9), Point(y=10, x=0), Point(y=10, x=1), Point(y=10, x=2), Point(y=10, x=3), Point(y=10, x=4), Point(y=10, x=5), Point(y=10, x=6), Point(y=10, x=7), Point(y=10, x=8), Point(y=10, x=9), Point(y=11, x=0), Point(y=11, x=2), Point(y=11, x=3), Point(y=11, x=4), Point(y=11, x=5), Point(y=11, x=6), Point(y=11, x=7), Point(y=11, x=8), Point(y=11, x=9), Point(y=12, x=0), Point(y=12, x=1), Point(y=12, x=2), Point(y=12, x=3), Point(y=12, x=4), Point(y=12, x=5), Point(y=12, x=6), Point(y=12, x=7), Point(y=12, x=8), Point(y=12, x=9), Point(y=13, x=0), Point(y=13, x=1), Point(y=13, x=2), Point(y=13, x=3), Point(y=13, x=4), Point(y=13, x=5), Point(y=13, x=6), Point(y=13, x=7), Point(y=13, x=8), Point(y=13, x=9), Point(y=14, x=0), Point(y=14, x=1), Point(y=14, x=2), Point(y=14, x=3), Point(y=14, x=4), Point(y=14, x=5), Point(y=14, x=6), Point(y=14, x=7), Point(y=14, x=8), Point(y=14, x=9), Point(y=15, x=0), Point(y=15, x=1), Point(y=15, x=2), Point(y=15, x=3), Point(y=15, x=4), Point(y=15, x=5), Point(y=15, x=6), Point(y=15, x=7), Point(y=15, x=8), Point(y=15, x=9), Point(y=16, x=0), Point(y=16, x=1), Point(y=16, x=2), Point(y=16, x=3), Point(y=16, x=4), Point(y=16, x=5), Point(y=16, x=6), Point(y=16, x=7), Point(y=16, x=8), Point(y=16, x=9), Point(y=17, x=0), Point(y=17, x=1), Point(y=17, x=2), Point(y=17, x=3), Point(y=17, x=4), Point(y=17, x=5), Point(y=17, x=6), Point(y=17, x=7), Point(y=17, x=8), Point(y=17, x=9), Point(y=18, x=0), Point(y=18, x=1), Point(y=18, x=2), Point(y=18, x=3), Point(y=18, x=4), Point(y=18, x=5), Point(y=18, x=6), Point(y=18, x=7), Point(y=18, x=8), Point(y=18, x=9), Point(y=19, x=0), Point(y=19, x=1), Point(y=19, x=2), Point(y=19, x=3), Point(y=19, x=4), Point(y=19, x=5), Point(y=19, x=6), Point(y=19, x=7), Point(y=19, x=8), Point(y=19, x=9)], Point(y=11, x=1)](1)" classname="com.github.vitalibo.brickgame.game.snake.MouseTest" time="0.01"/>
  <testcase name="testNextPoint[[Point(y=0, x=0), Point(y=0, x=1), Point(y=0, x=2), Point(y=0, x=3), Point(y=0, x=4), Point(y=0, x=5), Point(y=0, x=6), Point(y=0, x=7), Point(y=0, x=8), Point(y=0, x=9), Point(y=1, x=0), Point(y=1, x=1), Point(y=1, x=2), Point(y=1, x=3), Point(y=1, x=4), Point(y=1, x=5), Point(y=1, x=6), Point(y=1, x=7), Point(y=1, x=8), Point(y=1, x=9), Point(y=2, x=0), Point(y=2, x=1), Point(y=2, x=2), Point(y=2, x=3), Point(y=2, x=4), Point(y=2, x=5), Point(y=2, x=6), Point(y=2, x=7), Point(y=2, x=8), Point(y=2, x=9), Point(y=3, x=0), Point(y=3, x=1), Point(y=3, x=2), Point(y=3, x=3), Point(y=3, x=4), Point(y=3, x=5), Point(y=3, x=6), Point(y=3, x=7), Point(y=3, x=8), Point(y=3, x=9), Point(y=4, x=0), Point(y=4, x=1), Point(y=4, x=2), Point(y=4, x=3), Point(y=4, x=4), Point(y=4, x=5), Point(y=4, x=6), Point(y=4, x=7), Point(y=4, x=8), Point(y=4, x=9), Point(y=5, x=0), Point(y=5, x=1), Point(y=5, x=2), Point(y=5, x=3), Point(y=5, x=4), Point(y=5, x=5), Point(y=5, x=6), Point(y=5, x=7), Point(y=5, x=8), Point(y=5, x=9), Point(y=6, x=0), Point(y=6, x=1), Point(y=6, x=2), Point(y=6, x=3), Point(y=6, x=4), Point(y=6, x=5), Point(y=6, x=6), Point(y=6, x=7), Point(y=6, x=8), Point(y=6, x=9), Point(y=7, x=0), Point(y=7, x=1), Point(y=7, x=2), Point(y=7, x=3), Point(y=7, x=4), Point(y=7, x=5), Point(y=7, x=6), Point(y=7, x=7), Point(y=7, x=8), Point(y=7, x=9), Point(y=8, x=0), Point(y=8, x=1), Point(y=8, x=2), Point(y=8, x=3), Point(y=8, x=4), Point(y=8, x=5), Point(y=8, x=6), Point(y=8, x=7), Point(y=8, x=8), Point(y=8, x=9), Point(y=9, x=0), Point(y=9, x=1), Point(y=9, x=2), Point(y=9, x=3), Point(y=9, x=4), Point(y=9, x=5), Point(y=9, x=6), Point(y=9, x=7), Point(y=9, x=8), Point(y=9, x=9), Point(y=10, x=0), Point(y=10, x=1), Point(y=10, x=2), Point(y=10, x=3), Point(y=10, x=4), Point(y=10, x=5), Point(y=10, x=6), Point(y=10, x=7), Point(y=10, x=8), Point(y=10, x=9), Point(y=11, x=0), Point(y=11, x=1), Point(y=11, x=2), Point(y=11, x=3), Point(y=11, x=4), Point(y=11, x=5), Point(y=11, x=6), Point(y=11, x=7), Point(y=11, x=8), Point(y=11, x=9), Point(y=12, x=0), Point(y=12, x=1), Point(y=12, x=2), Point(y=12, x=3), Point(y=12, x=4), Point(y=12, x=5), Point(y=12, x=6), Point(y=12, x=8), Point(y=12, x=9), Point(y=13, x=0), Point(y=13, x=1), Point(y=13, x=2), Point(y=13, x=3), Point(y=13, x=4), Point(y=13, x=5), Point(y=13, x=6), Point(y=13, x=7), Point(y=13, x=8), Point(y=13, x=9), Point(y=14, x=0), Point(y=14, x=1), Point(y=14, x=2), Point(y=14, x=3), Point(y=14, x=4), Point(y=14, x=5), Point(y=14, x=6), Point(y=14, x=7), Point(y=14, x=8), Point(y=14, x=9), Point(y=15, x=0), Point(y=15, x=1), Point(y=15, x=2), Point(y=15, x=3), Point(y=15, x=4), Point(y=15, x=5), Point(y=15, x=6), Point(y=15, x=7), Point(y=15, x=8), Point(y=15, x=9), Point(y=16, x=0), Point(y=16, x=1), Point(y=16, x=2), Point(y=16, x=3), Point(y=16, x=4), Point(y=16, x=5), Point(y=16, x=6), Point(y=16, x=7), Point(y=16, x=8), Point(y=16, x=9), Point(y=17, x=0), Point(y=17, x=1), Point(y=17, x=2), Point(y=17, x=3), Point(y=17, x=4), Point(y=17, x=5), Point(y=17, x=6), Point(y=17, x=7), Point(y=17, x=8), Point(y=17, x=9), Point(y=18, x=0), Point(y=18, x=1), Point(y=18, x=2), Point(y=18, x=3), Point(y=18, x=4), Point(y=18, x=5), Point(y=18, x=6), Point(y=18, x=7), Point(y=18, x=8), Point(y=18, x=9), Point(y=19, x=0), Point(y=19, x=1), Point(y=19, x=2), Point(y=19, x=3), Point(y=19, x=4), Point(y=19, x=5), Point(y=19, x=6), Point(y=19, x=7), Point(y=19, x=8), Point(y=19, x=9)], Point(y=12, x=7)](2)" classname="com.github.vitalibo.brickgame.game.snake.MouseTest" time="0.007"/>
  <testcase name="testNextPoint[[Point(y=0, x=0), Point(y=0, x=1), Point(y=0, x=2), Point(y=0, x=3), Point(y=0, x=4), Point(y=0, x=5), Point(y=0, x=6), Point(y=0, x=7), Point(y=0, x=9), Point(y=1, x=0), Point(y=1, x=1), Point(y=1, x=2), Point(y=1, x=3), Point(y=1, x=4), Point(y=1, x=5), Point(y=1, x=6), Point(y=1, x=7), Point(y=1, x=8), Point(y=1, x=9), Point(y=2, x=0), Point(y=2, x=1), Point(y=2, x=2), Point(y=2, x=3), Point(y=2, x=4), Point(y=2, x=5), Point(y=2, x=6), Point(y=2, x=7), Point(y=2, x=8), Point(y=2, x=9), Point(y=3, x=0), Point(y=3, x=1), Point(y=3, x=2), Point(y=3, x=3), Point(y=3, x=4), Point(y=3, x=5), Point(y=3, x=6), Point(y=3, x=7), Point(y=3, x=8), Point(y=3, x=9), Point(y=4, x=0), Point(y=4, x=1), Point(y=4, x=2), Point(y=4, x=3), Point(y=4, x=4), Point(y=4, x=5), Point(y=4, x=6), Point(y=4, x=7), Point(y=4, x=8), Point(y=4, x=9), Point(y=5, x=0), Point(y=5, x=1), Point(y=5, x=2), Point(y=5, x=3), Point(y=5, x=4), Point(y=5, x=5), Point(y=5, x=6), Point(y=5, x=7), Point(y=5, x=8), Point(y=5, x=9), Point(y=6, x=0), Point(y=6, x=1), Point(y=6, x=2), Point(y=6, x=3), Point(y=6, x=4), Point(y=6, x=5), Point(y=6, x=6), Point(y=6, x=7), Point(y=6, x=8), Point(y=6, x=9), Point(y=7, x=0), Point(y=7, x=1), Point(y=7, x=2), Point(y=7, x=3), Point(y=7, x=4), Point(y=7, x=5), Point(y=7, x=6), Point(y=7, x=7), Point(y=7, x=8), Point(y=7, x=9), Point(y=8, x=0), Point(y=8, x=1), Point(y=8, x=2), Point(y=8, x=3), Point(y=8, x=4), Point(y=8, x=5), Point(y=8, x=6), Point(y=8, x=7), Point(y=8, x=8), Point(y=8, x=9), Point(y=9, x=0), Point(y=9, x=1), Point(y=9, x=2), Point(y=9, x=3), Point(y=9, x=4), Point(y=9, x=5), Point(y=9, x=6), Point(y=9, x=7), Point(y=9, x=8), Point(y=9, x=9), Point(y=10, x=0), Point(y=10, x=1), Point(y=10, x=2), Point(y=10, x=3), Point(y=10, x=4), Point(y=10, x=5), Point(y=10, x=6), Point(y=10, x=7), Point(y=10, x=8), Point(y=10, x=9), Point(y=11, x=0), Point(y=11, x=1), Point(y=11, x=2), Point(y=11, x=3), Point(y=11, x=4), Point(y=11, x=5), Point(y=11, x=6), Point(y=11, x=7), Point(y=11, x=8), Point(y=11, x=9), Point(y=12, x=0), Point(y=12, x=1), Point(y=12, x=2), Point(y=12, x=3), Point(y=12, x=4), Point(y=12, x=5), Point(y=12, x=6), Point(y=12, x=7), Point(y=12, x=8), Point(y=12, x=9), Point(y=13, x=0), Point(y=13, x=1), Point(y=13, x=2), Point(y=13, x=3), Point(y=13, x=4), Point(y=13, x=5), Point(y=13, x=6), Point(y=13, x=7), Point(y=13, x=8), Point(y=13, x=9), Point(y=14, x=0), Point(y=14, x=1), Point(y=14, x=2), Point(y=14, x=3), Point(y=14, x=4), Point(y=14, x=5), Point(y=14, x=6), Point(y=14, x=7), Point(y=14, x=8), Point(y=14, x=9), Point(y=15, x=0), Point(y=15, x=1), Point(y=15, x=2), Point(y=15, x=3), Point(y=15, x=4), Point(y=15, x=5), Point(y=15, x=6), Point(y=15, x=7), Point(y=15, x=8), Point(y=15, x=9), Point(y=16, x=0), Point(y=16, x=1), Point(y=16, x=2), Point(y=16, x=3), Point(y=16, x=4), Point(y=16, x=5), Point(y=16, x=6), Point(y=16, x=7), Point(y=16, x=8), Point(y=16, x=9), Point(y=17, x=0), Point(y=17, x=1), Point(y=17, x=2), Point(y=17, x=3), Point(y=17, x=4), Point(y=17, x=5), Point(y=17, x=6), Point(y=17, x=7), Point(y=17, x=8), Point(y=17, x=9), Point(y=18, x=0), Point(y=18, x=1), Point(y=18, x=2), Point(y=18, x=3), Point(y=18, x=4), Point(y=18, x=5), Point(y=18, x=6), Point(y=18, x=7), Point(y=18, x=8), Point(y=18, x=9), Point(y=19, x=0), Point(y=19, x=1), Point(y=19, x=2), Point(y=19, x=3), Point(y=19, x=4), Point(y=19, x=5), Point(y=19, x=6), Point(y=19, x=7), Point(y=19, x=8), Point(y=19, x=9)], Point(y=0, x=8)](3)" classname="com.github.vitalibo.brickgame.game.snake.MouseTest" time="0.003"/>
  <testcase name="testNextPoint[[Point(y=0, x=0), Point(y=0, x=1), Point(y=0, x=2), Point(y=0, x=3), Point(y=0, x=4), Point(y=0, x=5), Point(y=0, x=6), Point(y=0, x=7), Point(y=0, x=8), Point(y=0, x=9), Point(y=1, x=0), Point(y=1, x=1), Point(y=1, x=2), Point(y=1, x=3), Point(y=1, x=4), Point(y=1, x=5), Point(y=1, x=6), Point(y=1, x=7), Point(y=1, x=8), Point(y=1, x=9), Point(y=2, x=0), Point(y=2, x=1), Point(y=2, x=2), Point(y=2, x=3), Point(y=2, x=4), Point(y=2, x=5), Point(y=2, x=6), Point(y=2, x=7), Point(y=2, x=8), Point(y=2, x=9), Point(y=3, x=0), Point(y=3, x=1), Point(y=3, x=2), Point(y=3, x=3), Point(y=3, x=4), Point(y=3, x=5), Point(y=3, x=6), Point(y=3, x=7), Point(y=3, x=8), Point(y=3, x=9), Point(y=4, x=0), Point(y=4, x=1), Point(y=4, x=2), Point(y=4, x=3), Point(y=4, x=4), Point(y=4, x=5), Point(y=4, x=6), Point(y=4, x=7), Point(y=4, x=8), Point(y=4, x=9), Point(y=5, x=0), Point(y=5, x=1), Point(y=5, x=2), Point(y=5, x=3), Point(y=5, x=4), Point(y=5, x=5), Point(y=5, x=6), Point(y=5, x=7), Point(y=5, x=8), Point(y=5, x=9), Point(y=6, x=0), Point(y=6, x=1), Point(y=6, x=2), Point(y=6, x=3), Point(y=6, x=4), Point(y=6, x=5), Point(y=6, x=6), Point(y=6, x=7), Point(y=6, x=8), Point(y=6, x=9), Point(y=7, x=0), Point(y=7, x=1), Point(y=7, x=2), Point(y=7, x=3), Point(y=7, x=4), Point(y=7, x=5), Point(y=7, x=6), Point(y=7, x=7), Point(y=7, x=8), Point(y=7, x=9), Point(y=8, x=0), Point(y=8, x=1), Point(y=8, x=2), Point(y=8, x=3), Point(y=8, x=4), Point(y=8, x=5), Point(y=8, x=6), Point(y=8, x=7), Point(y=8, x=8), Point(y=8, x=9), Point(y=9, x=0), Point(y=9, x=1), Point(y=9, x=2), Point(y=9, x=3), Point(y=9, x=4), Point(y=9, x=5), Point(y=9, x=6), Point(y=9, x=7), Point(y=9, x=8), Point(y=9, x=9), Point(y=10, x=0), Point(y=10, x=1), Point(y=10, x=2), Point(y=10, x=3), Point(y=10, x=4), Point(y=10, x=5), Point(y=10, x=6), Point(y=10, x=7), Point(y=10, x=8), Point(y=10, x=9), Point(y=11, x=0), Point(y=11, x=2), Point(y=11, x=3), Point(y=11, x=4), Point(y=11, x=5), Point(y=11, x=6), Point(y=11, x=7), Point(y=11, x=8), Point(y=11, x=9), Point(y=12, x=0), Point(y=12, x=1), Point(y=12, x=2), Point(y=12, x=3), Point(y=12, x=4), Point(y=12, x=5), Point(y=12, x=6), Point(y=12, x=7), Point(y=12, x=8), Point(y=12, x=9), Point(y=13, x=0), Point(y=13, x=1), Point(y=13, x=2), Point(y=13, x=3), Point(y=13, x=4), Point(y=13, x=5), Point(y=13, x=6), Point(y=13, x=7), Point(y=13, x=8), Point(y=13, x=9), Point(y=14, x=0), Point(y=14, x=1), Point(y=14, x=2), Point(y=14, x=3), Point(y=14, x=4), Point(y=14, x=5), Point(y=14, x=6), Point(y=14, x=7), Point(y=14, x=8), Point(y=14, x=9), Point(y=15, x=0), Point(y=15, x=1), Point(y=15, x=2), Point(y=15, x=3), Point(y=15, x=4), Point(y=15, x=5), Point(y=15, x=6), Point(y=15, x=7), Point(y=15, x=8), Point(y=15, x=9), Point(y=16, x=0), Point(y=16, x=1), Point(y=16, x=2), Point(y=16, x=3), Point(y=16, x=4), Point(y=16, x=5), Point(y=16, x=6), Point(y=16, x=7), Point(y=16, x=8), Point(y=16, x=9), Point(y=17, x=0), Point(y=17, x=1), Point(y=17, x=2), Point(y=17, x=3), Point(y=17, x=4), Point(y=17, x=5), Point(y=17, x=6), Point(y=17, x=7), Point(y=17, x=8), Point(y=17, x=9), Point(y=18, x=0), Point(y=18, x=1), Point(y=18, x=2), Point(y=18, x=3), Point(y=18, x=4), Point(y=18, x=5), Point(y=18, x=6), Point(y=18, x=7), Point(y=18, x=8), Point(y=18, x=9), Point(y=19, x=0), Point(y=19, x=1), Point(y=19, x=2), Point(y=19, x=3), Point(y=19, x=4), Point(y=19, x=5), Point(y=19, x=6), Point(y=19, x=7), Point(y=19, x=8), Point(y=19, x=9)], Point(y=11, x=1)](4)" classname="com.github.vitalibo.brickgame.game.snake.MouseTest" time="0.001"/>
  <testcase name="testNextPoint[[Point(y=0, x=0), Point(y=0, x=1), Point(y=0, x=2), Point(y=0, x=3), Point(y=0, x=4), Point(y=0, x=5), Point(y=0, x=6), Point(y=0, x=7), Point(y=0, x=8), Point(y=0, x=9), Point(y=1, x=0), Point(y=1, x=1), Point(y=1, x=2), Point(y=1, x=3), Point(y=1, x=4), Point(y=1, x=5), Point(y=1, x=6), Point(y=1, x=7), Point(y=1, x=8), Point(y=1, x=9), Point(y=2, x=0), Point(y=2, x=1), Point(y=2, x=2), Point(y=2, x=3), Point(y=2, x=4), Point(y=2, x=5), Point(y=2, x=6), Point(y=2, x=7), Point(y=2, x=8), Point(y=2, x=9), Point(y=3, x=0), Point(y=3, x=1), Point(y=3, x=2), Point(y=3, x=3), Point(y=3, x=4), Point(y=3, x=5), Point(y=3, x=6), Point(y=3, x=7), Point(y=3, x=8), Point(y=3, x=9), Point(y=4, x=0), Point(y=4, x=1), Point(y=4, x=2), Point(y=4, x=3), Point(y=4, x=4), Point(y=4, x=5), Point(y=4, x=6), Point(y=4, x=7), Point(y=4, x=8), Point(y=4, x=9), Point(y=5, x=0), Point(y=5, x=1), Point(y=5, x=2), Point(y=5, x=3), Point(y=5, x=4), Point(y=5, x=5), Point(y=5, x=6), Point(y=5, x=7), Point(y=5, x=8), Point(y=5, x=9), Point(y=6, x=0), Point(y=6, x=1), Point(y=6, x=2), Point(y=6, x=3), Point(y=6, x=4), Point(y=6, x=5), Point(y=6, x=6), Point(y=6, x=7), Point(y=6, x=8), Point(y=6, x=9), Point(y=7, x=0), Point(y=7, x=1), Point(y=7, x=2), Point(y=7, x=3), Point(y=7, x=4), Point(y=7, x=5), Point(y=7, x=6), Point(y=7, x=7), Point(y=7, x=8), Point(y=7, x=9), Point(y=8, x=0), Point(y=8, x=1), Point(y=8, x=2), Point(y=8, x=3), Point(y=8, x=4), Point(y=8, x=5), Point(y=8, x=6), Point(y=8, x=7), Point(y=8, x=8), Point(y=8, x=9), Point(y=9, x=0), Point(y=9, x=1), Point(y=9, x=2), Point(y=9, x=3), Point(y=9, x=4), Point(y=9, x=5), Point(y=9, x=6), Point(y=9, x=7), Point(y=9, x=8), Point(y=9, x=9), Point(y=10, x=0), Point(y=10, x=1), Point(y=10, x=2), Point(y=10, x=3), Point(y=10, x=4), Point(y=10, x=5), Point(y=10, x=6), Point(y=10, x=7), Point(y=10, x=8), Point(y=10, x=9), Point(y=11, x=0), Point(y=11, x=1), Point(y=11, x=2), Point(y=11, x=3), Point(y=11, x=4), Point(y=11, x=5), Point(y=11, x=6), Point(y=11, x=7), Point(y=11, x=8), Point(y=11, x=9), Point(y=12, x=0), Point(y=12, x=1), Point(y=12, x=2), Point(y=12, x=3), Point(y=12, x=4), Point(y=12, x=5), Point(y=12, x=6), Point(y=12, x=7), Point(y=12, x=8), Point(y=12, x=9), Point(y=13, x=0), Point(y=13, x=1), Point(y=13, x=2), Point(y=13, x=3), Point(y=13, x=4), Point(y=13, x=5), Point(y=13, x=6), Point(y=13, x=7), Point(y=13, x=8), Point(y=13, x=9), Point(y=14, x=0), Point(y=14, x=1), Point(y=14, x=2), Point(y=14, x=3), Point(y=14, x=4), Point(y=14, x=5), Point(y=14, x=6), Point(y=14, x=7), Point(y=14, x=8), Point(y=14, x=9), Point(y=15, x=0), Point(y=15, x=1), Point(y=15, x=2), Point(y=15, x=3), Point(y=15, x=4), Point(y=15, x=5), Point(y=15, x=6), Point(y=15, x=7), Point(y=15, x=8), Point(y=15, x=9), Point(y=16, x=0), Point(y=16, x=1), Point(y=16, x=2), Point(y=16, x=3), Point(y=16, x=4), Point(y=16, x=5), Point(y=16, x=6), Point(y=16, x=7), Point(y=16, x=8), Point(y=16, x=9), Point(y=17, x=0), Point(y=17, x=1), Point(y=17, x=2), Point(y=17, x=3), Point(y=17, x=4), Point(y=17, x=5), Point(y=17, x=6), Point(y=17, x=7), Point(y=17, x=9), Point(y=18, x=0), Point(y=18, x=1), Point(y=18, x=2), Point(y=18, x=3), Point(y=18, x=4), Point(y=18, x=5), Point(y=18, x=6), Point(y=18, x=7), Point(y=18, x=8), Point(y=18, x=9), Point(y=19, x=0), Point(y=19, x=1), Point(y=19, x=2), Point(y=19, x=3), Point(y=19, x=4), Point(y=19, x=5), Point(y=19, x=6), Point(y=19, x=7), Point(y=19, x=8), Point(y=19, x=9)], Point(y=17, x=8)](5)" classname="com.github.vitalibo.brickgame.game.snake.MouseTest" time="0.099"/>
  <testcase name="testNextPoint[[Point(y=0, x=0), Point(y=0, x=1), Point(y=0, x=2), Point(y=0, x=3), Point(y=0, x=4), Point(y=0, x=5), Point(y=0, x=6), Point(y=0, x=7), Point(y=0, x=8), Point(y=0, x=9), Point(y=1, x=0), Point(y=1, x=1), Point(y=1, x=2), Point(y=1, x=3), Point(y=1, x=4), Point(y=1, x=5), Point(y=1, x=6), Point(y=1, x=7), Point(y=1, x=8), Point(y=1, x=9), Point(y=2, x=0), Point(y=2, x=1), Point(y=2, x=2), Point(y=2, x=3), Point(y=2, x=4), Point(y=2, x=5), Point(y=2, x=6), Point(y=2, x=7), Point(y=2, x=8), Point(y=2, x=9), Point(y=3, x=0), Point(y=3, x=1), Point(y=3, x=2), Point(y=3, x=3), Point(y=3, x=4), Point(y=3, x=5), Point(y=3, x=6), Point(y=3, x=7), Point(y=3, x=8), Point(y=3, x=9), Point(y=4, x=0), Point(y=4, x=1), Point(y=4, x=2), Point(y=4, x=3), Point(y=4, x=4), Point(y=4, x=5), Point(y=4, x=6), Point(y=4, x=7), Point(y=4, x=8), Point(y=4, x=9), Point(y=5, x=0), Point(y=5, x=1), Point(y=5, x=2), Point(y=5, x=3), Point(y=5, x=4), Point(y=5, x=5), Point(y=5, x=6), Point(y=5, x=7), Point(y=5, x=8), Point(y=5, x=9), Point(y=6, x=0), Point(y=6, x=1), Point(y=6, x=2), Point(y=6, x=3), Point(y=6, x=4), Point(y=6, x=5), Point(y=6, x=6), Point(y=6, x=7), Point(y=6, x=8), Point(y=6, x=9), Point(y=7, x=0), Point(y=7, x=1), Point(y=7, x=2), Point(y=7, x=3), Point(y=7, x=4), Point(y=7, x=5), Point(y=7, x=6), Point(y=7, x=7), Point(y=7, x=8), Point(y=7, x=9), Point(y=8, x=0), Point(y=8, x=1), Point(y=8, x=2), Point(y=8, x=3), Point(y=8, x=4), Point(y=8, x=5), Point(y=8, x=6), Point(y=8, x=7), Point(y=8, x=8), Point(y=8, x=9), Point(y=9, x=0), Point(y=9, x=1), Point(y=9, x=2), Point(y=9, x=3), Point(y=9, x=4), Point(y=9, x=5), Point(y=9, x=6), Point(y=9, x=7), Point(y=9, x=8), Point(y=9, x=9), Point(y=10, x=0), Point(y=10, x=1), Point(y=10, x=2), Point(y=10, x=3), Point(y=10, x=4), Point(y=10, x=5), Point(y=10, x=6), Point(y=10, x=7), Point(y=10, x=8), Point(y=10, x=9), Point(y=11, x=0), Point(y=11, x=1), Point(y=11, x=2), Point(y=11, x=3), Point(y=11, x=4), Point(y=11, x=5), Point(y=11, x=6), Point(y=11, x=7), Point(y=11, x=8), Point(y=11, x=9), Point(y=12, x=0), Point(y=12, x=1), Point(y=12, x=2), Point(y=12, x=3), Point(y=12, x=4), Point(y=12, x=5), Point(y=12, x=6), Point(y=12, x=7), Point(y=12, x=8), Point(y=12, x=9), Point(y=13, x=0), Point(y=13, x=1), Point(y=13, x=2), Point(y=13, x=3), Point(y=13, x=4), Point(y=13, x=5), Point(y=13, x=6), Point(y=13, x=7), Point(y=13, x=8), Point(y=13, x=9), Point(y=14, x=0), Point(y=14, x=1), Point(y=14, x=2), Point(y=14, x=3), Point(y=14, x=4), Point(y=14, x=5), Point(y=14, x=6), Point(y=14, x=7), Point(y=14, x=8), Point(y=14, x=9), Point(y=15, x=0), Point(y=15, x=1), Point(y=15, x=2), Point(y=15, x=3), Point(y=15, x=4), Point(y=15, x=5), Point(y=15, x=6), Point(y=15, x=7), Point(y=15, x=8), Point(y=15, x=9), Point(y=16, x=0), Point(y=16, x=1), Point(y=16, x=2), Point(y=16, x=3), Point(y=16, x=4), Point(y=16, x=5), Point(y=16, x=6), Point(y=16, x=7), Point(y=16, x=8), Point(y=16, x=9), Point(y=17, x=0), Point(y=17, x=1), Point(y=17, x=2), Point(y=17, x=3), Point(y=17, x=4), Point(y=17, x=5), Point(y=17, x=6), Point(y=17, x=7), Point(y=17, x=8), Point(y=17, x=9), Point(y=18, x=0), Point(y=18, x=1), Point(y=18, x=2), Point(y=18, x=3), Point(y=18, x=4), Point(y=18, x=5), Point(y=18, x=6), Point(y=18, x=7), Point(y=18, x=8), Point(y=18, x=9), Point(y=19, x=0), Point(y=19, x=1), Point(y=19, x=2), Point(y=19, x=3), Point(y=19, x=4), Point(y=19, x=5), Point(y=19, x=6), Point(y=19, x=7), Point(y=19, x=9)], Point(y=19, x=8)](6)" classname="com.github.vitalibo.brickgame.game.snake.MouseTest" time="0.008"/>
  <testcase name="testNextPoint[[Point(y=0, x=0), Point(y=0, x=1), Point(y=0, x=2), Point(y=0, x=3), Point(y=0, x=4), Point(y=0, x=5), Point(y=0, x=6), Point(y=0, x=7), Point(y=0, x=8), Point(y=0, x=9), Point(y=1, x=0), Point(y=1, x=1), Point(y=1, x=2), Point(y=1, x=3), Point(y=1, x=4), Point(y=1, x=5), Point(y=1, x=6), Point(y=1, x=7), Point(y=1, x=8), Point(y=1, x=9), Point(y=2, x=0), Point(y=2, x=1), Point(y=2, x=2), Point(y=2, x=3), Point(y=2, x=4), Point(y=2, x=5), Point(y=2, x=6), Point(y=2, x=7), Point(y=2, x=8), Point(y=2, x=9), Point(y=3, x=0), Point(y=3, x=1), Point(y=3, x=2), Point(y=3, x=3), Point(y=3, x=4), Point(y=3, x=5), Point(y=3, x=6), Point(y=3, x=7), Point(y=3, x=8), Point(y=3, x=9), Point(y=4, x=0), Point(y=4, x=1), Point(y=4, x=2), Point(y=4, x=3), Point(y=4, x=4), Point(y=4, x=5), Point(y=4, x=6), Point(y=4, x=7), Point(y=4, x=8), Point(y=4, x=9), Point(y=5, x=0), Point(y=5, x=1), Point(y=5, x=2), Point(y=5, x=3), Point(y=5, x=4), Point(y=5, x=5), Point(y=5, x=6), Point(y=5, x=7), Point(y=5, x=8), Point(y=5, x=9), Point(y=6, x=0), Point(y=6, x=1), Point(y=6, x=2), Point(y=6, x=3), Point(y=6, x=4), Point(y=6, x=5), Point(y=6, x=6), Point(y=6, x=7), Point(y=6, x=8), Point(y=6, x=9), Point(y=7, x=0), Point(y=7, x=1), Point(y=7, x=2), Point(y=7, x=3), Point(y=7, x=4), Point(y=7, x=5), Point(y=7, x=6), Point(y=7, x=7), Point(y=7, x=8), Point(y=7, x=9), Point(y=8, x=1), Point(y=8, x=2), Point(y=8, x=3), Point(y=8, x=4), Point(y=8, x=5), Point(y=8, x=6), Point(y=8, x=7), Point(y=8, x=8), Point(y=8, x=9), Point(y=9, x=0), Point(y=9, x=1), Point(y=9, x=2), Point(y=9, x=3), Point(y=9, x=4), Point(y=9, x=5), Point(y=9, x=6), Point(y=9, x=7), Point(y=9, x=8), Point(y=9, x=9), Point(y=10, x=0), Point(y=10, x=1), Point(y=10, x=2), Point(y=10, x=3), Point(y=10, x=4), Point(y=10, x=5), Point(y=10, x=6), Point(y=10, x=7), Point(y=10, x=8), Point(y=10, x=9), Point(y=11, x=0), Point(y=11, x=1), Point(y=11, x=2), Point(y=11, x=3), Point(y=11, x=4), Point(y=11, x=5), Point(y=11, x=6), Point(y=11, x=7), Point(y=11, x=8), Point(y=11, x=9), Point(y=12, x=0), Point(y=12, x=1), Point(y=12, x=2), Point(y=12, x=3), Point(y=12, x=4), Point(y=12, x=5), Point(y=12, x=6), Point(y=12, x=7), Point(y=12, x=8), Point(y=12, x=9), Point(y=13, x=0), Point(y=13, x=1), Point(y=13, x=2), Point(y=13, x=3), Point(y=13, x=4), Point(y=13, x=5), Point(y=13, x=6), Point(y=13, x=7), Point(y=13, x=8), Point(y=13, x=9), Point(y=14, x=0), Point(y=14, x=1), Point(y=14, x=2), Point(y=14, x=3), Point(y=14, x=4), Point(y=14, x=5), Point(y=14, x=6), Point(y=14, x=7), Point(y=14, x=8), Point(y=14, x=9), Point(y=15, x=0), Point(y=15, x=1), Point(y=15, x=2), Point(y=15, x=3), Point(y=15, x=4), Point(y=15, x=5), Point(y=15, x=6), Point(y=15, x=7), Point(y=15, x=8), Point(y=15, x=9), Point(y=16, x=0), Point(y=16, x=1), Point(y=16, x=2), Point(y=16, x=3), Point(y=16, x=4), Point(y=16, x=5), Point(y=16, x=6), Point(y=16, x=7), Point(y=16, x=8), Point(y=16, x=9), Point(y=17, x=0), Point(y=17, x=1), Point(y=17, x=2), Point(y=17, x=3), Point(y=17, x=4), Point(y=17, x=5), Point(y=17, x=6), Point(y=17, x=7), Point(y=17, x=8), Point(y=17, x=9), Point(y=18, x=0), Point(y=18, x=1), Point(y=18, x=2), Point(y=18, x=3), Point(y=18, x=4), Point(y=18, x=5), Point(y=18, x=6), Point(y=18, x=7), Point(y=18, x=8), Point(y=18, x=9), Point(y=19, x=0), Point(y=19, x=1), Point(y=19, x=2), Point(y=19, x=3), Point(y=19, x=4), Point(y=19, x=5), Point(y=19, x=6), Point(y=19, x=7), Point(y=19, x=8), Point(y=19, x=9)], Point(y=8, x=0)](7)" classname="com.github.vitalibo.brickgame.game.snake.MouseTest" time="0.002"/>
  <testcase name="testNextPoint[[Point(y=0, x=0), Point(y=0, x=1), Point(y=0, x=2), Point(y=0, x=3), Point(y=0, x=4), Point(y=0, x=5), Point(y=0, x=6), Point(y=0, x=7), Point(y=0, x=8), Point(y=0, x=9), Point(y=1, x=0), Point(y=1, x=1), Point(y=1, x=2), Point(y=1, x=3), Point(y=1, x=4), Point(y=1, x=5), Point(y=1, x=6), Point(y=1, x=7), Point(y=1, x=8), Point(y=1, x=9), Point(y=2, x=0), Point(y=2, x=1), Point(y=2, x=2), Point(y=2, x=3), Point(y=2, x=4), Point(y=2, x=5), Point(y=2, x=6), Point(y=2, x=7), Point(y=2, x=8), Point(y=2, x=9), Point(y=3, x=0), Point(y=3, x=1), Point(y=3, x=2), Point(y=3, x=3), Point(y=3, x=4), Point(y=3, x=5), Point(y=3, x=6), Point(y=3, x=7), Point(y=3, x=8), Point(y=3, x=9), Point(y=4, x=0), Point(y=4, x=1), Point(y=4, x=2), Point(y=4, x=3), Point(y=4, x=4), Point(y=4, x=5), Point(y=4, x=6), Point(y=4, x=7), Point(y=4, x=8), Point(y=4, x=9), Point(y=5, x=0), Point(y=5, x=1), Point(y=5, x=2), Point(y=5, x=3), Point(y=5, x=4), Point(y=5, x=5), Point(y=5, x=6), Point(y=5, x=7), Point(y=5, x=8), Point(y=6, x=0), Point(y=6, x=1), Point(y=6, x=2), Point(y=6, x=3), Point(y=6, x=4), Point(y=6, x=5), Point(y=6, x=6), Point(y=6, x=7), Point(y=6, x=8), Point(y=6, x=9), Point(y=7, x=0), Point(y=7, x=1), Point(y=7, x=2), Point(y=7, x=3), Point(y=7, x=4), Point(y=7, x=5), Point(y=7, x=6), Point(y=7, x=7), Point(y=7, x=8), Point(y=7, x=9), Point(y=8, x=0), Point(y=8, x=1), Point(y=8, x=2), Point(y=8, x=3), Point(y=8, x=4), Point(y=8, x=5), Point(y=8, x=6), Point(y=8, x=7), Point(y=8, x=8), Point(y=8, x=9), Point(y=9, x=0), Point(y=9, x=1), Point(y=9, x=2), Point(y=9, x=3), Point(y=9, x=4), Point(y=9, x=5), Point(y=9, x=6), Point(y=9, x=7), Point(y=9, x=8), Point(y=9, x=9), Point(y=10, x=0), Point(y=10, x=1), Point(y=10, x=2), Point(y=10, x=3), Point(y=10, x=4), Point(y=10, x=5), Point(y=10, x=6), Point(y=10, x=7), Point(y=10, x=8), Point(y=10, x=9), Point(y=11, x=0), Point(y=11, x=1), Point(y=11, x=2), Point(y=11, x=3), Point(y=11, x=4), Point(y=11, x=5), Point(y=11, x=6), Point(y=11, x=7), Point(y=11, x=8), Point(y=11, x=9), Point(y=12, x=0), Point(y=12, x=1), Point(y=12, x=2), Point(y=12, x=3), Point(y=12, x=4), Point(y=12, x=5), Point(y=12, x=6), Point(y=12, x=7), Point(y=12, x=8), Point(y=12, x=9), Point(y=13, x=0), Point(y=13, x=1), Point(y=13, x=2), Point(y=13, x=3), Point(y=13, x=4), Point(y=13, x=5), Point(y=13, x=6), Point(y=13, x=7), Point(y=13, x=8), Point(y=13, x=9), Point(y=14, x=0), Point(y=14, x=1), Point(y=14, x=2), Point(y=14, x=3), Point(y=14, x=4), Point(y=14, x=5), Point(y=14, x=6), Point(y=14, x=7), Point(y=14, x=8), Point(y=14, x=9), Point(y=15, x=0), Point(y=15, x=1), Point(y=15, x=2), Point(y=15, x=3), Point(y=15, x=4), Point(y=15, x=5), Point(y=15, x=6), Point(y=15, x=7), Point(y=15, x=8), Point(y=15, x=9), Point(y=16, x=0), Point(y=16, x=1), Point(y=16, x=2), Point(y=16, x=3), Point(y=16, x=4), Point(y=16, x=5), Point(y=16, x=6), Point(y=16, x=7), Point(y=16, x=8), Point(y=16, x=9), Point(y=17, x=0), Point(y=17, x=1), Point(y=17, x=2), Point(y=17, x=3), Point(y=17, x=4), Point(y=17, x=5), Point(y=17, x=6), Point(y=17, x=7), Point(y=17, x=8), Point(y=17, x=9), Point(y=18, x=0), Point(y=18, x=1), Point(y=18, x=2), Point(y=18, x=3), Point(y=18, x=4), Point(y=18, x=5), Point(y=18, x=6), Point(y=18, x=7), Point(y=18, x=8), Point(y=18, x=9), Point(y=19, x=0), Point(y=19, x=1), Point(y=19, x=2), Point(y=19, x=3), Point(y=19, x=4), Point(y=19, x=5), Point(y=19, x=6), Point(y=19, x=7), Point(y=19, x=8), Point(y=19, x=9)], Point(y=5, x=9)](8)" classname="com.github.vitalibo.brickgame.game.snake.MouseTest" time="0.0"/>
  <testcase name="testNextPoint[[Point(y=0, x=0), Point(y=0, x=1), Point(y=0, x=2), Point(y=0, x=3), Point(y=0, x=4), Point(y=0, x=5), Point(y=0, x=6), Point(y=0, x=7), Point(y=0, x=8), Point(y=0, x=9), Point(y=1, x=0), Point(y=1, x=1), Point(y=1, x=2), Point(y=1, x=3), Point(y=1, x=4), Point(y=1, x=5), Point(y=1, x=6), Point(y=1, x=7), Point(y=1, x=8), Point(y=1, x=9), Point(y=2, x=0), Point(y=2, x=1), Point(y=2, x=2), Point(y=2, x=3), Point(y=2, x=4), Point(y=2, x=5), Point(y=2, x=6), Point(y=2, x=7), Point(y=2, x=8), Point(y=2, x=9), Point(y=3, x=0), Point(y=3, x=1), Point(y=3, x=2), Point(y=3, x=3), Point(y=3, x=4), Point(y=3, x=5), Point(y=3, x=6), Point(y=3, x=8), Point(y=3, x=9), Point(y=4, x=0), Point(y=4, x=1), Point(y=4, x=2), Point(y=4, x=3), Point(y=4, x=4), Point(y=4, x=5), Point(y=4, x=6), Point(y=4, x=7), Point(y=4, x=8), Point(y=4, x=9), Point(y=5, x=0), Point(y=5, x=1), Point(y=5, x=2), Point(y=5, x=3), Point(y=5, x=4), Point(y=5, x=5), Point(y=5, x=6), Point(y=5, x=7), Point(y=5, x=8), Point(y=5, x=9), Point(y=6, x=0), Point(y=6, x=1), Point(y=6, x=2), Point(y=6, x=3), Point(y=6, x=4), Point(y=6, x=5), Point(y=6, x=6), Point(y=6, x=7), Point(y=6, x=8), Point(y=6, x=9), Point(y=7, x=0), Point(y=7, x=1), Point(y=7, x=2), Point(y=7, x=3), Point(y=7, x=4), Point(y=7, x=5), Point(y=7, x=6), Point(y=7, x=7), Point(y=7, x=8), Point(y=7, x=9), Point(y=8, x=0), Point(y=8, x=1), Point(y=8, x=2), Point(y=8, x=3), Point(y=8, x=4), Point(y=8, x=5), Point(y=8, x=6), Point(y=8, x=7), Point(y=8, x=8), Point(y=8, x=9), Point(y=9, x=0), Point(y=9, x=1), Point(y=9, x=2), Point(y=9, x=3), Point(y=9, x=4), Point(y=9, x=5), Point(y=9, x=6), Point(y=9, x=7), Point(y=9, x=8), Point(y=9, x=9), Point(y=10, x=0), Point(y=10, x=1), Point(y=10, x=2), Point(y=10, x=3), Point(y=10, x=4), Point(y=10, x=5), Point(y=10, x=6), Point(y=10, x=7), Point(y=10, x=8), Point(y=10, x=9), Point(y=11, x=0), Point(y=11, x=1), Point(y=11, x=2), Point(y=11, x=3), Point(y=11, x=4), Point(y=11, x=5), Point(y=11, x=6), Point(y=11, x=7), Point(y=11, x=8), Point(y=11, x=9), Point(y=12, x=0), Point(y=12, x=1), Point(y=12, x=2), Point(y=12, x=3), Point(y=12, x=4), Point(y=12, x=5), Point(y=12, x=6), Point(y=12, x=7), Point(y=12, x=8), Point(y=12, x=9), Point(y=13, x=0), Point(y=13, x=1), Point(y=13, x=2), Point(y=13, x=3), Point(y=13, x=4), Point(y=13, x=5), Point(y=13, x=6), Point(y=13, x=7), Point(y=13, x=8), Point(y=13, x=9), Point(y=14, x=0), Point(y=14, x=1), Point(y=14, x=2), Point(y=14, x=3), Point(y=14, x=4), Point(y=14, x=5), Point(y=14, x=6), Point(y=14, x=7), Point(y=14, x=8), Point(y=14, x=9), Point(y=15, x=0), Point(y=15, x=1), Point(y=15, x=2), Point(y=15, x=3), Point(y=15, x=4), Point(y=15, x=5), Point(y=15, x=6), Point(y=15, x=7), Point(y=15, x=8), Point(y=15, x=9), Point(y=16, x=0), Point(y=16, x=1), Point(y=16, x=2), Point(y=16, x=3), Point(y=16, x=4), Point(y=16, x=5), Point(y=16, x=6), Point(y=16, x=7), Point(y=16, x=8), Point(y=16, x=9), Point(y=17, x=0), Point(y=17, x=1), Point(y=17, x=2), Point(y=17, x=3), Point(y=17, x=4), Point(y=17, x=5), Point(y=17, x=6), Point(y=17, x=7), Point(y=17, x=8), Point(y=17, x=9), Point(y=18, x=0), Point(y=18, x=1), Point(y=18, x=2), Point(y=18, x=3), Point(y=18, x=4), Point(y=18, x=5), Point(y=18, x=6), Point(y=18, x=7), Point(y=18, x=8), Point(y=18, x=9), Point(y=19, x=0), Point(y=19, x=1), Point(y=19, x=2), Point(y=19, x=3), Point(y=19, x=4), Point(y=19, x=5), Point(y=19, x=6), Point(y=19, x=7), Point(y=19, x=8), Point(y=19, x=9)], Point(y=3, x=7)](9)" classname="com.github.vitalibo.brickgame.game.snake.MouseTest" time="0.006"/>
  <testcase name="testNextPoint[[Point(y=0, x=0), Point(y=0, x=1), Point(y=0, x=2), Point(y=0, x=3), Point(y=0, x=4), Point(y=0, x=5), Point(y=0, x=6), Point(y=0, x=7), Point(y=0, x=8), Point(y=0, x=9), Point(y=1, x=0), Point(y=1, x=1), Point(y=1, x=2), Point(y=1, x=3), Point(y=1, x=4), Point(y=1, x=5), Point(y=1, x=6), Point(y=1, x=7), Point(y=1, x=8), Point(y=1, x=9), Point(y=2, x=0), Point(y=2, x=1), Point(y=2, x=2), Point(y=2, x=3), Point(y=2, x=4), Point(y=2, x=5), Point(y=2, x=6), Point(y=2, x=7), Point(y=2, x=8), Point(y=2, x=9), Point(y=3, x=0), Point(y=3, x=1), Point(y=3, x=2), Point(y=3, x=3), Point(y=3, x=4), Point(y=3, x=5), Point(y=3, x=6), Point(y=3, x=7), Point(y=3, x=8), Point(y=3, x=9), Point(y=4, x=0), Point(y=4, x=1), Point(y=4, x=2), Point(y=4, x=3), Point(y=4, x=4), Point(y=4, x=5), Point(y=4, x=6), Point(y=4, x=7), Point(y=4, x=8), Point(y=4, x=9), Point(y=5, x=0), Point(y=5, x=1), Point(y=5, x=2), Point(y=5, x=3), Point(y=5, x=4), Point(y=5, x=5), Point(y=5, x=6), Point(y=5, x=7), Point(y=5, x=8), Point(y=5, x=9), Point(y=6, x=0), Point(y=6, x=1), Point(y=6, x=2), Point(y=6, x=3), Point(y=6, x=4), Point(y=6, x=5), Point(y=6, x=6), Point(y=6, x=7), Point(y=6, x=8), Point(y=6, x=9), Point(y=7, x=0), Point(y=7, x=1), Point(y=7, x=2), Point(y=7, x=3), Point(y=7, x=4), Point(y=7, x=5), Point(y=7, x=6), Point(y=7, x=7), Point(y=7, x=8), Point(y=7, x=9), Point(y=8, x=0), Point(y=8, x=1), Point(y=8, x=2), Point(y=8, x=3), Point(y=8, x=4), Point(y=8, x=5), Point(y=8, x=6), Point(y=8, x=7), Point(y=8, x=8), Point(y=8, x=9), Point(y=9, x=0), Point(y=9, x=1), Point(y=9, x=2), Point(y=9, x=3), Point(y=9, x=4), Point(y=9, x=5), Point(y=9, x=6), Point(y=9, x=7), Point(y=9, x=8), Point(y=9, x=9), Point(y=10, x=0), Point(y=10, x=1), Point(y=10, x=2), Point(y=10, x=3), Point(y=10, x=4), Point(y=10, x=5), Point(y=10, x=6), Point(y=10, x=7), Point(y=10, x=8), Point(y=10, x=9), Point(y=11, x=0), Point(y=11, x=1), Point(y=11, x=2), Point(y=11, x=3), Point(y=11, x=4), Point(y=11, x=5), Point(y=11, x=6), Point(y=11, x=7), Point(y=11, x=8), Point(y=11, x=9), Point(y=12, x=0), Point(y=12, x=1), Point(y=12, x=2), Point(y=12, x=3), Point(y=12, x=4), Point(y=12, x=5), Point(y=12, x=6), Point(y=12, x=7), Point(y=12, x=8), Point(y=12, x=9), Point(y=13, x=0), Point(y=13, x=1), Point(y=13, x=2), Point(y=13, x=3), Point(y=13, x=4), Point(y=13, x=5), Point(y=13, x=6), Point(y=13, x=7), Point(y=13, x=8), Point(y=13, x=9), Point(y=14, x=0), Point(y=14, x=1), Point(y=14, x=2), Point(y=14, x=3), Point(y=14, x=4), Point(y=14, x=5), Point(y=14, x=6), Point(y=14, x=7), Point(y=14, x=8), Point(y=14, x=9), Point(y=15, x=0), Point(y=15, x=1), Point(y=15, x=2), Point(y=15, x=3), Point(y=15, x=4), Point(y=15, x=5), Point(y=15, x=6), Point(y=15, x=8), Point(y=15, x=9), Point(y=16, x=0), Point(y=16, x=1), Point(y=16, x=2), Point(y=16, x=3), Point(y=16, x=4), Point(y=16, x=5), Point(y=16, x=6), Point(y=16, x=7), Point(y=16, x=8), Point(y=16, x=9), Point(y=17, x=0), Point(y=17, x=1), Point(y=17, x=2), Point(y=17, x=3), Point(y=17, x=4), Point(y=17, x=5), Point(y=17, x=6), Point(y=17, x=7), Point(y=17, x=8), Point(y=17, x=9), Point(y=18, x=0), Point(y=18, x=1), Point(y=18, x=2), Point(y=18, x=3), Point(y=18, x=4), Point(y=18, x=5), Point(y=18, x=6), Point(y=18, x=7), Point(y=18, x=8), Point(y=18, x=9), Point(y=19, x=0), Point(y=19, x=1), Point(y=19, x=2), Point(y=19, x=3), Point(y=19, x=4), Point(y=19, x=5), Point(y=19, x=6), Point(y=19, x=7), Point(y=19, x=8), Point(y=19, x=9)], Point(y=15, x=7)](10)" classname="com.github.vitalibo.brickgame.game.snake.MouseTest" time="0.0"/>
  <testcase name="testNextPoint[[Point(y=0, x=0), Point(y=0, x=1), Point(y=0, x=2), Point(y=0, x=3), Point(y=0, x=4), Point(y=0, x=5), Point(y=0, x=6), Point(y=0, x=7), Point(y=0, x=8), Point(y=0, x=9), Point(y=1, x=0), Point(y=1, x=1), Point(y=1, x=2), Point(y=1, x=3), Point(y=1, x=4), Point(y=1, x=5), Point(y=1, x=6), Point(y=1, x=7), Point(y=1, x=8), Point(y=1, x=9), Point(y=2, x=0), Point(y=2, x=1), Point(y=2, x=2), Point(y=2, x=3), Point(y=2, x=4), Point(y=2, x=5), Point(y=2, x=6), Point(y=2, x=7), Point(y=2, x=8), Point(y=2, x=9), Point(y=3, x=0), Point(y=3, x=1), Point(y=3, x=2), Point(y=3, x=3), Point(y=3, x=4), Point(y=3, x=5), Point(y=3, x=6), Point(y=3, x=7), Point(y=3, x=8), Point(y=3, x=9), Point(y=4, x=0), Point(y=4, x=1), Point(y=4, x=2), Point(y=4, x=3), Point(y=4, x=4), Point(y=4, x=5), Point(y=4, x=6), Point(y=4, x=7), Point(y=4, x=8), Point(y=4, x=9), Point(y=5, x=0), Point(y=5, x=1), Point(y=5, x=2), Point(y=5, x=3), Point(y=5, x=4), Point(y=5, x=5), Point(y=5, x=6), Point(y=5, x=7), Point(y=5, x=8), Point(y=5, x=9), Point(y=6, x=0), Point(y=6, x=1), Point(y=6, x=2), Point(y=6, x=3), Point(y=6, x=4), Point(y=6, x=5), Point(y=6, x=6), Point(y=6, x=7), Point(y=6, x=8), Point(y=6, x=9), Point(y=7, x=0), Point(y=7, x=1), Point(y=7, x=2), Point(y=7, x=3), Point(y=7, x=4), Point(y=7, x=5), Point(y=7, x=6), Point(y=7, x=7), Point(y=7, x=8), Point(y=7, x=9), Point(y=8, x=0), Point(y=8, x=1), Point(y=8, x=2), Point(y=8, x=3), Point(y=8, x=4), Point(y=8, x=5), Point(y=8, x=6), Point(y=8, x=7), Point(y=8, x=8), Point(y=8, x=9), Point(y=9, x=0), Point(y=9, x=1), Point(y=9, x=2), Point(y=9, x=3), Point(y=9, x=4), Point(y=9, x=5), Point(y=9, x=6), Point(y=9, x=7), Point(y=9, x=8), Point(y=9, x=9), Point(y=10, x=0), Point(y=10, x=1), Point(y=10, x=2), Point(y=10, x=3), Point(y=10, x=4), Point(y=10, x=5), Point(y=10, x=6), Point(y=10, x=7), Point(y=10, x=8), Point(y=10, x=9), Point(y=11, x=1), Point(y=11, x=2), Point(y=11, x=3), Point(y=11, x=4), Point(y=11, x=5), Point(y=11, x=6), Point(y=11, x=7), Point(y=11, x=8), Point(y=11, x=9), Point(y=12, x=0), Point(y=12, x=1), Point(y=12, x=2), Point(y=12, x=3), Point(y=12, x=4), Point(y=12, x=5), Point(y=12, x=6), Point(y=12, x=7), Point(y=12, x=8), Point(y=12, x=9), Point(y=13, x=0), Point(y=13, x=1), Point(y=13, x=2), Point(y=13, x=3), Point(y=13, x=4), Point(y=13, x=5), Point(y=13, x=6), Point(y=13, x=7), Point(y=13, x=8), Point(y=13, x=9), Point(y=14, x=0), Point(y=14, x=1), Point(y=14, x=2), Point(y=14, x=3), Point(y=14, x=4), Point(y=14, x=5), Point(y=14, x=6), Point(y=14, x=7), Point(y=14, x=8), Point(y=14, x=9), Point(y=15, x=0), Point(y=15, x=1), Point(y=15, x=2), Point(y=15, x=3), Point(y=15, x=4), Point(y=15, x=5), Point(y=15, x=6), Point(y=15, x=7), Point(y=15, x=8), Point(y=15, x=9), Point(y=16, x=0), Point(y=16, x=1), Point(y=16, x=2), Point(y=16, x=3), Point(y=16, x=4), Point(y=16, x=5), Point(y=16, x=6), Point(y=16, x=7), Point(y=16, x=8), Point(y=16, x=9), Point(y=17, x=0), Point(y=17, x=1), Point(y=17, x=2), Point(y=17, x=3), Point(y=17, x=4), Point(y=17, x=5), Point(y=17, x=6), Point(y=17, x=7), Point(y=17, x=8), Point(y=17, x=9), Point(y=18, x=0), Point(y=18, x=1), Point(y=18, x=2), Point(y=18, x=3), Point(y=18, x=4), Point(y=18, x=5), Point(y=18, x=6), Point(y=18, x=7), Point(y=18, x=8), Point(y=18, x=9), Point(y=19, x=0), Point(y=19, x=1), Point(y=19, x=2), Point(y=19, x=3), Point(y=19, x=4), Point(y=19, x=5), Point(y=19, x=6), Point(y=19, x=7), Point(y=19, x=8), Point(y=19, x=9)], Point(y=11, x=0)](11)" classname="com.github.vitalibo.brickgame.game.snake.MouseTest" time="0.0"/>
  <testcase name="testNextPoint[[Point(y=0, x=0), Point(y=0, x=1), Point(y=0, x=2), Point(y=0, x=3), Point(y=0, x=4), Point(y=0, x=5), Point(y=0, x=6), Point(y=0, x=7), Point(y=0, x=8), Point(y=0, x=9), Point(y=1, x=0), Point(y=1, x=1), Point(y=1, x=2), Point(y=1, x=3), Point(y=1, x=4), Point(y=1, x=5), Point(y=1, x=6), Point(y=1, x=7), Point(y=1, x=8), Point(y=1, x=9), Point(y=2, x=0), Point(y=2, x=1), Point(y=2, x=2), Point(y=2, x=3), Point(y=2, x=4), Point(y=2, x=5), Point(y=2, x=6), Point(y=2, x=7), Point(y=2, x=8), Point(y=2, x=9), Point(y=3, x=0), Point(y=3, x=1), Point(y=3, x=2), Point(y=3, x=3), Point(y=3, x=4), Point(y=3, x=5), Point(y=3, x=6), Point(y=3, x=7), Point(y=3, x=8), Point(y=3, x=9), Point(y=4, x=0), Point(y=4, x=1), Point(y=4, x=2), Point(y=4, x=3), Point(y=4, x=4), Point(y=4, x=5), Point(y=4, x=6), Point(y=4, x=7), Point(y=4, x=8), Point(y=4, x=9), Point(y=5, x=0), Point(y=5, x=1), Point(y=5, x=2), Point(y=5, x=4), Point(y=5, x=5), Point(y=5, x=6), Point(y=5, x=7), Point(y=5, x=8), Point(y=5, x=9), Point(y=6, x=0), Point(y=6, x=1), Point(y=6, x=2), Point(y=6, x=3), Point(y=6, x=4), Point(y=6, x=5), Point(y=6, x=6), Point(y=6, x=7), Point(y=6, x=8), Point(y=6, x=9), Point(y=7, x=0), Point(y=7, x=1), Point(y=7, x=2), Point(y=7, x=3), Point(y=7, x=4), Point(y=7, x=5), Point(y=7, x=6), Point(y=7, x=7), Point(y=7, x=8), Point(y=7, x=9), Point(y=8, x=0), Point(y=8, x=1), Point(y=8, x=2), Point(y=8, x=3), Point(y=8, x=4), Point(y=8, x=5), Point(y=8, x=6), Point(y=8, x=7), Point(y=8, x=8), Point(y=8, x=9), Point(y=9, x=0), Point(y=9, x=1), Point(y=9, x=2), Point(y=9, x=3), Point(y=9, x=4), Point(y=9, x=5), Point(y=9, x=6), Point(y=9, x=7), Point(y=9, x=8), Point(y=9, x=9), Point(y=10, x=0), Point(y=10, x=1), Point(y=10, x=2), Point(y=10, x=3), Point(y=10, x=4), Point(y=10, x=5), Point(y=10, x=6), Point(y=10, x=7), Point(y=10, x=8), Point(y=10, x=9), Point(y=11, x=0), Point(y=11, x=1), Point(y=11, x=2), Point(y=11, x=3), Point(y=11, x=4), Point(y=11, x=5), Point(y=11, x=6), Point(y=11, x=7), Point(y=11, x=8), Point(y=11, x=9), Point(y=12, x=0), Point(y=12, x=1), Point(y=12, x=2), Point(y=12, x=3), Point(y=12, x=4), Point(y=12, x=5), Point(y=12, x=6), Point(y=12, x=7), Point(y=12, x=8), Point(y=12, x=9), Point(y=13, x=0), Point(y=13, x=1), Point(y=13, x=2), Point(y=13, x=3), Point(y=13, x=4), Point(y=13, x=5), Point(y=13, x=6), Point(y=13, x=7), Point(y=13, x=8), Point(y=13, x=9), Point(y=14, x=0), Point(y=14, x=1), Point(y=14, x=2), Point(y=14, x=3), Point(y=14, x=4), Point(y=14, x=5), Point(y=14, x=6), Point(y=14, x=7), Point(y=14, x=8), Point(y=14, x=9), Point(y=15, x=0), Point(y=15, x=1), Point(y=15, x=2), Point(y=15, x=3), Point(y=15, x=4), Point(y=15, x=5), Point(y=15, x=6), Point(y=15, x=7), Point(y=15, x=8), Point(y=15, x=9), Point(y=16, x=0), Point(y=16, x=1), Point(y=16, x=2), Point(y=16, x=3), Point(y=16, x=4), Point(y=16, x=5), Point(y=16, x=6), Point(y=16, x=7), Point(y=16, x=8), Point(y=16, x=9), Point(y=17, x=0), Point(y=17, x=1), Point(y=17, x=2), Point(y=17, x=3), Point(y=17, x=4), Point(y=17, x=5), Point(y=17, x=6), Point(y=17, x=7), Point(y=17, x=8), Point(y=17, x=9), Point(y=18, x=0), Point(y=18, x=1), Point(y=18, x=2), Point(y=18, x=3), Point(y=18, x=4), Point(y=18, x=5), Point(y=18, x=6), Point(y=18, x=7), Point(y=18, x=8), Point(y=18, x=9), Point(y=19, x=0), Point(y=19, x=1), Point(y=19, x=2), Point(y=19, x=3), Point(y=19, x=4), Point(y=19, x=5), Point(y=19, x=6), Point(y=19, x=7), Point(y=19, x=8), Point(y=19, x=9)], Point(y=5, x=3)](12)" classname="com.github.vitalibo.brickgame.game.snake.MouseTest" time="0.001"/>
  <testcase name="testNextPoint[[Point(y=0, x=0), Point(y=0, x=1), Point(y=0, x=2), Point(y=0, x=3), Point(y=0, x=4), Point(y=0, x=5), Point(y=0, x=6), Point(y=0, x=7), Point(y=0, x=8), Point(y=0, x=9), Point(y=1, x=0), Point(y=1, x=1), Point(y=1, x=2), Point(y=1, x=3), Point(y=1, x=4), Point(y=1, x=5), Point(y=1, x=6), Point(y=1, x=7), Point(y=1, x=8), Point(y=1, x=9), Point(y=2, x=0), Point(y=2, x=1), Point(y=2, x=2), Point(y=2, x=3), Point(y=2, x=4), Point(y=2, x=5), Point(y=2, x=6), Point(y=2, x=7), Point(y=2, x=8), Point(y=2, x=9), Point(y=3, x=0), Point(y=3, x=1), Point(y=3, x=2), Point(y=3, x=3), Point(y=3, x=4), Point(y=3, x=5), Point(y=3, x=6), Point(y=3, x=7), Point(y=3, x=8), Point(y=3, x=9), Point(y=4, x=0), Point(y=4, x=1), Point(y=4, x=2), Point(y=4, x=3), Point(y=4, x=4), Point(y=4, x=5), Point(y=4, x=6), Point(y=4, x=7), Point(y=4, x=8), Point(y=4, x=9), Point(y=5, x=0), Point(y=5, x=1), Point(y=5, x=2), Point(y=5, x=3), Point(y=5, x=4), Point(y=5, x=5), Point(y=5, x=6), Point(y=5, x=7), Point(y=5, x=8), Point(y=5, x=9), Point(y=6, x=0), Point(y=6, x=1), Point(y=6, x=2), Point(y=6, x=3), Point(y=6, x=4), Point(y=6, x=5), Point(y=6, x=6), Point(y=6, x=7), Point(y=6, x=8), Point(y=6, x=9), Point(y=7, x=0), Point(y=7, x=1), Point(y=7, x=2), Point(y=7, x=3), Point(y=7, x=4), Point(y=7, x=5), Point(y=7, x=6), Point(y=7, x=7), Point(y=7, x=8), Point(y=7, x=9), Point(y=8, x=0), Point(y=8, x=1), Point(y=8, x=2), Point(y=8, x=3), Point(y=8, x=4), Point(y=8, x=5), Point(y=8, x=6), Point(y=8, x=7), Point(y=8, x=8), Point(y=8, x=9), Point(y=9, x=0), Point(y=9, x=1), Point(y=9, x=2), Point(y=9, x=3), Point(y=9, x=5), Point(y=9, x=6), Point(y=9, x=7), Point(y=9, x=8), Point(y=9, x=9), Point(y=10, x=0), Point(y=10, x=1), Point(y=10, x=2), Point(y=10, x=3), Point(y=10, x=4), Point(y=10, x=5), Point(y=10, x=6), Point(y=10, x=7), Point(y=10, x=8), Point(y=10, x=9), Point(y=11, x=0), Point(y=11, x=1), Point(y=11, x=2), Point(y=11, x=3), Point(y=11, x=4), Point(y=11, x=5), Point(y=11, x=6), Point(y=11, x=7), Point(y=11, x=8), Point(y=11, x=9), Point(y=12, x=0), Point(y=12, x=1), Point(y=12, x=2), Point(y=12, x=3), Point(y=12, x=4), Point(y=12, x=5), Point(y=12, x=6), Point(y=12, x=7), Point(y=12, x=8), Point(y=12, x=9), Point(y=13, x=0), Point(y=13, x=1), Point(y=13, x=2), Point(y=13, x=3), Point(y=13, x=4), Point(y=13, x=5), Point(y=13, x=6), Point(y=13, x=7), Point(y=13, x=8), Point(y=13, x=9), Point(y=14, x=0), Point(y=14, x=1), Point(y=14, x=2), Point(y=14, x=3), Point(y=14, x=4), Point(y=14, x=5), Point(y=14, x=6), Point(y=14, x=7), Point(y=14, x=8), Point(y=14, x=9), Point(y=15, x=0), Point(y=15, x=1), Point(y=15, x=2), Point(y=15, x=3), Point(y=15, x=4), Point(y=15, x=5), Point(y=15, x=6), Point(y=15, x=7), Point(y=15, x=8), Point(y=15, x=9), Point(y=16, x=0), Point(y=16, x=1), Point(y=16, x=2), Point(y=16, x=3), Point(y=16, x=4), Point(y=16, x=5), Point(y=16, x=6), Point(y=16, x=7), Point(y=16, x=8), Point(y=16, x=9), Point(y=17, x=0), Point(y=17, x=1), Point(y=17, x=2), Point(y=17, x=3), Point(y=17, x=4), Point(y=17, x=5), Point(y=17, x=6), Point(y=17, x=7), Point(y=17, x=8), Point(y=17, x=9), Point(y=18, x=0), Point(y=18, x=1), Point(y=18, x=2), Point(y=18, x=3), Point(y=18, x=4), Point(y=18, x=5), Point(y=18, x=6), Point(y=18, x=7), Point(y=18, x=8), Point(y=18, x=9), Point(y=19, x=0), Point(y=19, x=1), Point(y=19, x=2), Point(y=19, x=3), Point(y=19, x=4), Point(y=19, x=5), Point(y=19, x=6), Point(y=19, x=7), Point(y=19, x=8), Point(y=19, x=9)], Point(y=9, x=4)](13)" classname="com.github.vitalibo.brickgame.game.snake.MouseTest" time="0.002"/>
  <testcase name="testNextPoint[[Point(y=0, x=0), Point(y=0, x=1), Point(y=0, x=2), Point(y=0, x=3), Point(y=0, x=4), Point(y=0, x=5), Point(y=0, x=6), Point(y=0, x=7), Point(y=0, x=8), Point(y=0, x=9), Point(y=1, x=0), Point(y=1, x=1), Point(y=1, x=2), Point(y=1, x=3), Point(y=1, x=4), Point(y=1, x=5), Point(y=1, x=6), Point(y=1, x=7), Point(y=1, x=8), Point(y=1, x=9), Point(y=2, x=0), Point(y=2, x=1), Point(y=2, x=2), Point(y=2, x=3), Point(y=2, x=4), Point(y=2, x=5), Point(y=2, x=6), Point(y=2, x=7), Point(y=2, x=8), Point(y=2, x=9), Point(y=3, x=0), Point(y=3, x=1), Point(y=3, x=2), Point(y=3, x=3), Point(y=3, x=4), Point(y=3, x=5), Point(y=3, x=6), Point(y=3, x=7), Point(y=3, x=8), Point(y=3, x=9), Point(y=4, x=0), Point(y=4, x=1), Point(y=4, x=2), Point(y=4, x=3), Point(y=4, x=4), Point(y=4, x=5), Point(y=4, x=6), Point(y=4, x=7), Point(y=4, x=8), Point(y=4, x=9), Point(y=5, x=0), Point(y=5, x=1), Point(y=5, x=2), Point(y=5, x=3), Point(y=5, x=4), Point(y=5, x=5), Point(y=5, x=6), Point(y=5, x=7), Point(y=5, x=8), Point(y=5, x=9), Point(y=6, x=0), Point(y=6, x=1), Point(y=6, x=2), Point(y=6, x=3), Point(y=6, x=4), Point(y=6, x=5), Point(y=6, x=6), Point(y=6, x=7), Point(y=6, x=8), Point(y=6, x=9), Point(y=7, x=0), Point(y=7, x=1), Point(y=7, x=2), Point(y=7, x=3), Point(y=7, x=4), Point(y=7, x=5), Point(y=7, x=6), Point(y=7, x=7), Point(y=7, x=8), Point(y=7, x=9), Point(y=8, x=0), Point(y=8, x=1), Point(y=8, x=2), Point(y=8, x=3), Point(y=8, x=4), Point(y=8, x=5), Point(y=8, x=6), Point(y=8, x=7), Point(y=8, x=8), Point(y=8, x=9), Point(y=9, x=0), Point(y=9, x=1), Point(y=9, x=2), Point(y=9, x=3), Point(y=9, x=4), Point(y=9, x=5), Point(y=9, x=6), Point(y=9, x=7), Point(y=9, x=8), Point(y=9, x=9), Point(y=10, x=0), Point(y=10, x=1), Point(y=10, x=2), Point(y=10, x=3), Point(y=10, x=4), Point(y=10, x=5), Point(y=10, x=6), Point(y=10, x=7), Point(y=10, x=8), Point(y=10, x=9), Point(y=11, x=0), Point(y=11, x=1), Point(y=11, x=2), Point(y=11, x=3), Point(y=11, x=4), Point(y=11, x=5), Point(y=11, x=6), Point(y=11, x=7), Point(y=11, x=8), Point(y=11, x=9), Point(y=12, x=0), Point(y=12, x=1), Point(y=12, x=2), Point(y=12, x=3), Point(y=12, x=4), Point(y=12, x=5), Point(y=12, x=6), Point(y=12, x=7), Point(y=12, x=8), Point(y=12, x=9), Point(y=13, x=0), Point(y=13, x=1), Point(y=13, x=2), Point(y=13, x=3), Point(y=13, x=4), Point(y=13, x=5), Point(y=13, x=6), Point(y=13, x=7), Point(y=13, x=8), Point(y=13, x=9), Point(y=14, x=0), Point(y=14, x=1), Point(y=14, x=2), Point(y=14, x=3), Point(y=14, x=4), Point(y=14, x=5), Point(y=14, x=6), Point(y=14, x=7), Point(y=14, x=8), Point(y=14, x=9), Point(y=15, x=0), Point(y=15, x=1), Point(y=15, x=2), Point(y=15, x=3), Point(y=15, x=4), Point(y=15, x=5), Point(y=15, x=6), Point(y=15, x=7), Point(y=15, x=9), Point(y=16, x=0), Point(y=16, x=1), Point(y=16, x=2), Point(y=16, x=3), Point(y=16, x=4), Point(y=16, x=5), Point(y=16, x=6), Point(y=16, x=7), Point(y=16, x=8), Point(y=16, x=9), Point(y=17, x=0), Point(y=17, x=1), Point(y=17, x=2), Point(y=17, x=3), Point(y=17, x=4), Point(y=17, x=5), Point(y=17, x=6), Point(y=17, x=7), Point(y=17, x=8), Point(y=17, x=9), Point(y=18, x=0), Point(y=18, x=1), Point(y=18, x=2), Point(y=18, x=3), Point(y=18, x=4), Point(y=18, x=5), Point(y=18, x=6), Point(y=18, x=7), Point(y=18, x=8), Point(y=18, x=9), Point(y=19, x=0), Point(y=19, x=1), Point(y=19, x=2), Point(y=19, x=3), Point(y=19, x=4), Point(y=19, x=5), Point(y=19, x=6), P
[...]
t(y=6, x=6), Point(y=6, x=7), Point(y=6, x=8), Point(y=6, x=9), Point(y=7, x=0), Point(y=7, x=1), Point(y=7, x=2), Point(y=7, x=3), Point(y=7, x=4), Point(y=7, x=5), Point(y=7, x=6), Point(y=7, x=7), Point(y=7, x=8), Point(y=7, x=9), Point(y=8, x=0), Point(y=8, x=1), Point(y=8, x=2), Point(y=8, x=3), Point(y=8, x=4), Point(y=8, x=5), Point(y=8, x=6), Point(y=8, x=7), Point(y=8, x=8), Point(y=8, x=9), Point(y=9, x=0), Point(y=9, x=1), Point(y=9, x=2), Point(y=9, x=3), Point(y=9, x=4), Point(y=9, x=5), Point(y=9, x=6), Point(y=9, x=7), Point(y=9, x=8), Point(y=9, x=9), Point(y=10, x=0), Point(y=10, x=1), Point(y=10, x=2), Point(y=10, x=3), Point(y=10, x=4), Point(y=10, x=5), Point(y=10, x=6), Point(y=10, x=7), Point(y=10, x=8), Point(y=10, x=9), Point(y=11, x=0), Point(y=11, x=1), Point(y=11, x=2), Point(y=11, x=3), Point(y=11, x=4), Point(y=11, x=5), Point(y=11, x=6), Point(y=11, x=7), Point(y=11, x=8), Point(y=11, x=9), Point(y=12, x=0), Point(y=12, x=1), Point(y=12, x=2), Point(y=12, x=3), Point(y=12, x=4), Point(y=12, x=5), Point(y=12, x=6), Point(y=12, x=7), Point(y=12, x=8), Point(y=12, x=9), Point(y=13, x=0), Point(y=13, x=1), Point(y=13, x=2), Point(y=13, x=3), Point(y=13, x=4), Point(y=13, x=5), Point(y=13, x=6), Point(y=13, x=7), Point(y=13, x=8), Point(y=13, x=9), Point(y=14, x=0), Point(y=14, x=1), Point(y=14, x=2), Point(y=14, x=3), Point(y=14, x=4), Point(y=14, x=5), Point(y=14, x=6), Point(y=14, x=7), Point(y=14, x=8), Point(y=14, x=9), Point(y=15, x=0), Point(y=15, x=1), Point(y=15, x=2), Point(y=15, x=3), Point(y=15, x=4), Point(y=15, x=5), Point(y=15, x=6), Point(y=15, x=7), Point(y=15, x=8), Point(y=15, x=9), Point(y=16, x=0), Point(y=16, x=1), Point(y=16, x=2), Point(y=16, x=3), Point(y=16, x=4), Point(y=16, x=5), Point(y=16, x=6), Point(y=16, x=7), Point(y=16, x=8), Point(y=16, x=9), Point(y=17, x=0), Point(y=17, x=1), Point(y=17, x=2), Point(y=17, x=3), Point(y=17, x=4), Point(y=17, x=5), Point(y=17, x=6), Point(y=17, x=7), Point(y=17, x=8), Point(y=17, x=9), Point(y=18, x=0), Point(y=18, x=1), Point(y=18, x=2), Point(y=18, x=3), Point(y=18, x=4), Point(y=18, x=5), Point(y=18, x=6), Point(y=18, x=7), Point(y=18, x=8), Point(y=18, x=9), Point(y=19, x=0), Point(y=19, x=1), Point(y=19, x=2), Point(y=19, x=3), Point(y=19, x=4), Point(y=19, x=5), Point(y=19, x=6), Point(y=19, x=7), Point(y=19, x=8), Point(y=19, x=9)], Point(y=3, x=4)](17)" classname="com.github.vitalibo.brickgame.game.snake.MouseTest" time="0.003"/>
  <testcase name="testNextPoint[[Point(y=0, x=0), Point(y=0, x=1), Point(y=0, x=2), Point(y=0, x=3), Point(y=0, x=4), Point(y=0, x=5), Point(y=0, x=6), Point(y=0, x=7), Point(y=0, x=8), Point(y=0, x=9), Point(y=1, x=0), Point(y=1, x=1), Point(y=1, x=2), Point(y=1, x=3), Point(y=1, x=4), Point(y=1, x=5), Point(y=1, x=6), Point(y=1, x=7), Point(y=1, x=8), Point(y=1, x=9), Point(y=2, x=0), Point(y=2, x=1), Point(y=2, x=2), Point(y=2, x=3), Point(y=2, x=4), Point(y=2, x=5), Point(y=2, x=6), Point(y=2, x=7), Point(y=2, x=8), Point(y=2, x=9), Point(y=3, x=0), Point(y=3, x=1), Point(y=3, x=2), Point(y=3, x=3), Point(y=3, x=4), Point(y=3, x=5), Point(y=3, x=6), Point(y=3, x=7), Point(y=3, x=8), Point(y=3, x=9), Point(y=4, x=0), Point(y=4, x=1), Point(y=4, x=2), Point(y=4, x=3), Point(y=4, x=4), Point(y=4, x=5), Point(y=4, x=6), Point(y=4, x=7), Point(y=4, x=8), Point(y=5, x=0), Point(y=5, x=1), Point(y=5, x=2), Point(y=5, x=3), Point(y=5, x=4), Point(y=5, x=5), Point(y=5, x=6), Point(y=5, x=7), Point(y=5, x=8), Point(y=5, x=9), Point(y=6, x=0), Point(y=6, x=1), Point(y=6, x=2), Point(y=6, x=3), Point(y=6, x=4), Point(y=6, x=5), Point(y=6, x=6), Point(y=6, x=7), Point(y=6, x=8), Point(y=6, x=9), Point(y=7, x=0), Point(y=7, x=1), Point(y=7, x=2), Point(y=7, x=3), Point(y=7, x=4), Point(y=7, x=5), Point(y=7, x=6), Point(y=7, x=7), Point(y=7, x=8), Point(y=7, x=9), Point(y=8, x=0), Point(y=8, x=1), Point(y=8, x=2), Point(y=8, x=3), Point(y=8, x=4), Point(y=8, x=5), Point(y=8, x=6), Point(y=8, x=7), Point(y=8, x=8), Point(y=8, x=9), Point(y=9, x=0), Point(y=9, x=1), Point(y=9, x=2), Point(y=9, x=3), Point(y=9, x=4), Point(y=9, x=5), Point(y=9, x=6), Point(y=9, x=7), Point(y=9, x=8), Point(y=9, x=9), Point(y=10, x=0), Point(y=10, x=1), Point(y=10, x=2), Point(y=10, x=3), Point(y=10, x=4), Point(y=10, x=5), Point(y=10, x=6), Point(y=10, x=7), Point(y=10, x=8), Point(y=10, x=9), Point(y=11, x=0), Point(y=11, x=1), Point(y=11, x=2), Point(y=11, x=3), Point(y=11, x=4), Point(y=11, x=5), Point(y=11, x=6), Point(y=11, x=7), Point(y=11, x=8), Point(y=11, x=9), Point(y=12, x=0), Point(y=12, x=1), Point(y=12, x=2), Point(y=12, x=3), Point(y=12, x=4), Point(y=12, x=5), Point(y=12, x=6), Point(y=12, x=7), Point(y=12, x=8), Point(y=12, x=9), Point(y=13, x=0), Point(y=13, x=1), Point(y=13, x=2), Point(y=13, x=3), Point(y=13, x=4), Point(y=13, x=5), Point(y=13, x=6), Point(y=13, x=7), Point(y=13, x=8), Point(y=13, x=9), Point(y=14, x=0), Point(y=14, x=1), Point(y=14, x=2), Point(y=14, x=3), Point(y=14, x=4), Point(y=14, x=5), Point(y=14, x=6), Point(y=14, x=7), Point(y=14, x=8), Point(y=14, x=9), Point(y=15, x=0), Point(y=15, x=1), Point(y=15, x=2), Point(y=15, x=3), Point(y=15, x=4), Point(y=15, x=5), Point(y=15, x=6), Point(y=15, x=7), Point(y=15, x=8), Point(y=15, x=9), Point(y=16, x=0), Point(y=16, x=1), Point(y=16, x=2), Point(y=16, x=3), Point(y=16, x=4), Point(y=16, x=5), Point(y=16, x=6), Point(y=16, x=7), Point(y=16, x=8), Point(y=16, x=9), Point(y=17, x=0), Point(y=17, x=1), Point(y=17, x=2), Point(y=17, x=3), Point(y=17, x=4), Point(y=17, x=5), Point(y=17, x=6), Point(y=17, x=7), Point(y=17, x=8), Point(y=17, x=9), Point(y=18, x=0), Point(y=18, x=1), Point(y=18, x=2), Point(y=18, x=3), Point(y=18, x=4), Point(y=18, x=5), Point(y=18, x=6), Point(y=18, x=7), Point(y=18, x=8), Point(y=18, x=9), Point(y=19, x=0), Point(y=19, x=1), Point(y=19, x=2), Point(y=19, x=3), Point(y=19, x=4), Point(y=19, x=5), Point(y=19, x=6), Point(y=19, x=7), Point(y=19, x=8), Point(y=19, x=9)], Point(y=4, x=9)](18)" classname="com.github.vitalibo.brickgame.game.snake.MouseTest" time="0.001"/>
  <testcase name="testNextPoint[[Point(y=0, x=0), Point(y=0, x=1), Point(y=0, x=2), Point(y=0, x=3), Point(y=0, x=4), Point(y=0, x=5), Point(y=0, x=6), Point(y=0, x=7), Point(y=0, x=8), Point(y=0, x=9), Point(y=1, x=0), Point(y=1, x=1), Point(y=1, x=2), Point(y=1, x=3), Point(y=1, x=4), Point(y=1, x=5), Point(y=1, x=6), Point(y=1, x=7), Point(y=1, x=8), Point(y=1, x=9), Point(y=2, x=0), Point(y=2, x=1), Point(y=2, x=2), Point(y=2, x=3), Point(y=2, x=4), Point(y=2, x=5), Point(y=2, x=6), Point(y=2, x=7), Point(y=2, x=8), Point(y=2, x=9), Point(y=3, x=0), Point(y=3, x=1), Point(y=3, x=2), Point(y=3, x=3), Point(y=3, x=4), Point(y=3, x=5), Point(y=3, x=6), Point(y=3, x=7), Point(y=3, x=8), Point(y=3, x=9), Point(y=4, x=0), Point(y=4, x=1), Point(y=4, x=2), Point(y=4, x=3), Point(y=4, x=4), Point(y=4, x=5), Point(y=4, x=6), Point(y=4, x=7), Point(y=4, x=8), Point(y=4, x=9), Point(y=5, x=0), Point(y=5, x=1), Point(y=5, x=2), Point(y=5, x=3), Point(y=5, x=4), Point(y=5, x=5), Point(y=5, x=6), Point(y=5, x=7), Point(y=5, x=8), Point(y=5, x=9), Point(y=6, x=0), Point(y=6, x=1), Point(y=6, x=2), Point(y=6, x=3), Point(y=6, x=4), Point(y=6, x=5), Point(y=6, x=6), Point(y=6, x=7), Point(y=6, x=8), Point(y=6, x=9), Point(y=7, x=0), Point(y=7, x=1), Point(y=7, x=2), Point(y=7, x=3), Point(y=7, x=4), Point(y=7, x=5), Point(y=7, x=6), Point(y=7, x=7), Point(y=7, x=8), Point(y=7, x=9), Point(y=8, x=0), Point(y=8, x=1), Point(y=8, x=2), Point(y=8, x=3), Point(y=8, x=4), Point(y=8, x=5), Point(y=8, x=6), Point(y=8, x=7), Point(y=8, x=8), Point(y=8, x=9), Point(y=9, x=0), Point(y=9, x=1), Point(y=9, x=2), Point(y=9, x=3), Point(y=9, x=4), Point(y=9, x=5), Point(y=9, x=6), Point(y=9, x=7), Point(y=9, x=8), Point(y=9, x=9), Point(y=10, x=0), Point(y=10, x=1), Point(y=10, x=2), Point(y=10, x=3), Point(y=10, x=4), Point(y=10, x=5), Point(y=10, x=6), Point(y=10, x=7), Point(y=10, x=8), Point(y=10, x=9), Point(y=11, x=0), Point(y=11, x=1), Point(y=11, x=2), Point(y=11, x=3), Point(y=11, x=4), Point(y=11, x=5), Point(y=11, x=6), Point(y=11, x=7), Point(y=11, x=8), Point(y=11, x=9), Point(y=12, x=0), Point(y=12, x=1), Point(y=12, x=2), Point(y=12, x=3), Point(y=12, x=4), Point(y=12, x=5), Point(y=12, x=7), Point(y=12, x=8), Point(y=12, x=9), Point(y=13, x=0), Point(y=13, x=1), Point(y=13, x=2), Point(y=13, x=3), Point(y=13, x=4), Point(y=13, x=5), Point(y=13, x=6), Point(y=13, x=7), Point(y=13, x=8), Point(y=13, x=9), Point(y=14, x=0), Point(y=14, x=1), Point(y=14, x=2), Point(y=14, x=3), Point(y=14, x=4), Point(y=14, x=5), Point(y=14, x=6), Point(y=14, x=7), Point(y=14, x=8), Point(y=14, x=9), Point(y=15, x=0), Point(y=15, x=1), Point(y=15, x=2), Point(y=15, x=3), Point(y=15, x=4), Point(y=15, x=5), Point(y=15, x=6), Point(y=15, x=7), Point(y=15, x=8), Point(y=15, x=9), Point(y=16, x=0), Point(y=16, x=1), Point(y=16, x=2), Point(y=16, x=3), Point(y=16, x=4), Point(y=16, x=5), Point(y=16, x=6), Point(y=16, x=7), Point(y=16, x=8), Point(y=16, x=9), Point(y=17, x=0), Point(y=17, x=1), Point(y=17, x=2), Point(y=17, x=3), Point(y=17, x=4), Point(y=17, x=5), Point(y=17, x=6), Point(y=17, x=7), Point(y=17, x=8), Point(y=17, x=9), Point(y=18, x=0), Point(y=18, x=1), Point(y=18, x=2), Point(y=18, x=3), Point(y=18, x=4), Point(y=18, x=5), Point(y=18, x=6), Point(y=18, x=7), Point(y=18, x=8), Point(y=18, x=9), Point(y=19, x=0), Point(y=19, x=1), Point(y=19, x=2), Point(y=19, x=3), Point(y=19, x=4), Point(y=19, x=5), Point(y=19, x=6), Point(y=19, x=7), Point(y=19, x=8), Point(y=19, x=9)], Point(y=12, x=6)](19)" classname="com.github.vitalibo.brickgame.game.snake.MouseTest" time="0.002"/>
  <testcase name="testNextPoint[[Point(y=0, x=0), Point(y=0, x=1), Point(y=0, x=2), Point(y=0, x=3), Point(y=0, x=4), Point(y=0, x=5), Point(y=0, x=6), Point(y=0, x=7), Point(y=0, x=8), Point(y=0, x=9), Point(y=1, x=0), Point(y=1, x=1), Point(y=1, x=2), Point(y=1, x=3), Point(y=1, x=4), Point(y=1, x=5), Point(y=1, x=6), Point(y=1, x=7), Point(y=1, x=8), Point(y=1, x=9), Point(y=2, x=0), Point(y=2, x=1), Point(y=2, x=2), Point(y=2, x=3), Point(y=2, x=4), Point(y=2, x=5), Point(y=2, x=6), Point(y=2, x=7), Point(y=2, x=8), Point(y=2, x=9), Point(y=3, x=0), Point(y=3, x=1), Point(y=3, x=2), Point(y=3, x=3), Point(y=3, x=4), Point(y=3, x=5), Point(y=3, x=6), Point(y=3, x=7), Point(y=3, x=8), Point(y=3, x=9), Point(y=4, x=0), Point(y=4, x=1), Point(y=4, x=2), Point(y=4, x=3), Point(y=4, x=4), Point(y=4, x=5), Point(y=4, x=6), Point(y=4, x=7), Point(y=4, x=8), Point(y=4, x=9), Point(y=5, x=0), Point(y=5, x=1), Point(y=5, x=2), Point(y=5, x=3), Point(y=5, x=4), Point(y=5, x=5), Point(y=5, x=6), Point(y=5, x=7), Point(y=5, x=8), Point(y=5, x=9), Point(y=6, x=0), Point(y=6, x=1), Point(y=6, x=2), Point(y=6, x=3), Point(y=6, x=4), Point(y=6, x=5), Point(y=6, x=6), Point(y=6, x=7), Point(y=6, x=8), Point(y=6, x=9), Point(y=7, x=0), Point(y=7, x=1), Point(y=7, x=2), Point(y=7, x=3), Point(y=7, x=4), Point(y=7, x=5), Point(y=7, x=6), Point(y=7, x=7), Point(y=7, x=8), Point(y=7, x=9), Point(y=8, x=0), Point(y=8, x=1), Point(y=8, x=2), Point(y=8, x=3), Point(y=8, x=4), Point(y=8, x=5), Point(y=8, x=6), Point(y=8, x=7), Point(y=8, x=8), Point(y=8, x=9), Point(y=9, x=0), Point(y=9, x=1), Point(y=9, x=2), Point(y=9, x=3), Point(y=9, x=4), Point(y=9, x=5), Point(y=9, x=6), Point(y=9, x=7), Point(y=9, x=8), Point(y=9, x=9), Point(y=10, x=0), Point(y=10, x=1), Point(y=10, x=2), Point(y=10, x=3), Point(y=10, x=4), Point(y=10, x=5), Point(y=10, x=6), Point(y=10, x=7), Point(y=10, x=8), Point(y=10, x=9), Point(y=11, x=0), Point(y=11, x=1), Point(y=11, x=2), Point(y=11, x=3), Point(y=11, x=4), Point(y=11, x=5), Point(y=11, x=6), Point(y=11, x=7), Point(y=11, x=8), Point(y=11, x=9), Point(y=12, x=0), Point(y=12, x=1), Point(y=12, x=2), Point(y=12, x=3), Point(y=12, x=4), Point(y=12, x=5), Point(y=12, x=6), Point(y=12, x=7), Point(y=12, x=8), Point(y=12, x=9), Point(y=13, x=0), Point(y=13, x=1), Point(y=13, x=2), Point(y=13, x=3), Point(y=13, x=4), Point(y=13, x=5), Point(y=13, x=6), Point(y=13, x=7), Point(y=13, x=8), Point(y=13, x=9), Point(y=14, x=0), Point(y=14, x=1), Point(y=14, x=2), Point(y=14, x=3), Point(y=14, x=4), Point(y=14, x=5), Point(y=14, x=6), Point(y=14, x=7), Point(y=14, x=8), Point(y=14, x=9), Point(y=15, x=0), Point(y=15, x=1), Point(y=15, x=2), Point(y=15, x=3), Point(y=15, x=4), Point(y=15, x=5), Point(y=15, x=6), Point(y=15, x=7), Point(y=15, x=8), Point(y=15, x=9), Point(y=16, x=0), Point(y=16, x=1), Point(y=16, x=2), Point(y=16, x=3), Point(y=16, x=4), Point(y=16, x=5), Point(y=16, x=6), Point(y=16, x=7), Point(y=16, x=8), Point(y=16, x=9), Point(y=17, x=0), Point(y=17, x=1), Point(y=17, x=2), Point(y=17, x=3), Point(y=17, x=4), Point(y=17, x=5), Point(y=17, x=6), Point(y=17, x=7), Point(y=17, x=8), Point(y=17, x=9), Point(y=18, x=0), Point(y=18, x=1), Point(y=18, x=2), Point(y=18, x=3), Point(y=18, x=4), Point(y=18, x=5), Point(y=18, x=6), Point(y=18, x=7), Point(y=18, x=8), Point(y=18, x=9), Point(y=19, x=0), Point(y=19, x=1), Point(y=19, x=3), Point(y=19, x=4), Point(y=19, x=5), Point(y=19, x=6), Point(y=19, x=7), Point(y=19, x=8), Point(y=19, x=9)], Point(y=19, x=2)](20)" classname="com.github.vitalibo.brickgame.game.snake.MouseTest" time="0.001"/>
  <testcase name="testStream" classname="com.github.vitalibo.brickgame.game.snake.MouseTest" time="0.0"/>
  <testcase name="testEatSelf[Point(y=0, x=0)](1)" classname="com.github.vitalibo.brickgame.game.snake.SnakeTest" time="0.112"/>
  <testcase name="testEatSelf[Point(y=0, x=1)](2)" classname="com.github.vitalibo.brickgame.game.snake.SnakeTest" time="0.008"/>
  <testcase name="testHead" classname="com.github.vitalibo.brickgame.game.snake.SnakeTest" time="0.002"/>
  <testcase name="testInit" classname="com.github.vitalibo.brickgame.game.snake.SnakeTest" time="0.003"/>
  <testcase name="testVerifyPassed[Point(y=0, x=2)](1)" classname="com.github.vitalibo.brickgame.game.snake.SnakeTest" time="0.0"/>
  <testcase name="testVerifyPassed[Point(y=5, x=5)](2)" classname="com.github.vitalibo.brickgame.game.snake.SnakeTest" time="0.001"/>
  <testcase name="testAdd" classname="com.github.vitalibo.brickgame.game.tetris.BoardTest" time="0.28"/>
  <testcase name="testCleanUp" classname="com.github.vitalibo.brickgame.game.tetris.BoardTest" time="0.035"/>
  <testcase name="testInit[5](1)" classname="com.github.vitalibo.brickgame.game.tetris.BoardTest" time="0.009"/>
  <testcase name="testInit[7](2)" classname="com.github.vitalibo.brickgame.game.tetris.BoardTest" time="0.001"/>
  <testcase name="testInit[9](3)" classname="com.github.vitalibo.brickgame.game.tetris.BoardTest" time="0.036"/>
  <testcase name="testInit[15](4)" classname="com.github.vitalibo.brickgame.game.tetris.BoardTest" time="0.0"/>
  <testcase name="testIsFull" classname="com.github.vitalibo.brickgame.game.tetris.BoardTest" time="0.0"/>
  <testcase name="testVerify" classname="com.github.vitalibo.brickgame.game.tetris.BoardTest" time="0.03"/>
  <testcase name="testCreate[com.github.vitalibo.brickgame.game.tetris.tetromino.FactoryTest$$Lambda/0x0000013bce3291d8@58ad0586, class com.github.vitalibo.brickgame.game.tetris.tetromino.I](1)" classname="com.github.vitalibo.brickgame.game.tetris.tetromino.FactoryTest" time="0.01"/>
  <testcase name="testCreate[com.github.vitalibo.brickgame.game.tetris.tetromino.FactoryTest$$Lambda/0x0000013bce329410@1c5fd813, class com.github.vitalibo.brickgame.game.tetris.tetromino.J](2)" classname="com.github.vitalibo.brickgame.game.tetris.tetromino.FactoryTest" time="0.001"/>
  <testcase name="testCreate[com.github.vitalibo.brickgame.game.tetris.tetromino.FactoryTest$$Lambda/0x0000013bce329648@4abdd5e, class com.github.vitalibo.brickgame.game.tetris.tetromino.L](3)" classname="com.github.vitalibo.brickgame.game.tetris.tetromino.FactoryTest" time="0.0"/>
  <testcase name="testCreate[com.github.vitalibo.brickgame.game.tetris.tetromino.FactoryTest$$Lambda/0x0000013bce329880@7b9fea11, class com.github.vitalibo.brickgame.game.tetris.tetromino.O](4)" classname="com.github.vitalibo.brickgame.game.tetris.tetromino.FactoryTest" time="0.0"/>
  <testcase name="testCreate[com.github.vitalibo.brickgame.game.tetris.tetromino.FactoryTest$$Lambda/0x0000013bce329ab8@56e78538, class com.github.vitalibo.brickgame.game.tetris.tetromino.S](5)" classname="com.github.vitalibo.brickgame.game.tetris.tetromino.FactoryTest" time="0.004"/>
  <testcase name="testCreate[com.github.vitalibo.brickgame.game.tetris.tetromino.FactoryTest$$Lambda/0x0000013bce329cf0@6fe9c048, class com.github.vitalibo.brickgame.game.tetris.tetromino.T](6)" classname="com.github.vitalibo.brickgame.game.tetris.tetromino.FactoryTest" time="0.002"/>
  <testcase name="testCreate[com.github.vitalibo.brickgame.game.tetris.tetromino.FactoryTest$$Lambda/0x0000013bce329f28@5c34b0f2, class com.github.vitalibo.brickgame.game.tetris.tetromino.Z](7)" classname="com.github.vitalibo.brickgame.game.tetris.tetromino.FactoryTest" time="0.005"/>
  <testcase name="testGenerate[com.github.vitalibo.brickgame.game.tetris.tetromino.FactoryTest$$Lambda/0x0000013bce32a160@54530644, class com.github.vitalibo.brickgame.game.tetris.tetromino.I](1)" classname="com.github.vitalibo.brickgame.game.tetris.tetromino.FactoryTest" time="0.002"/>
  <testcase name="testGenerate[com.github.vitalibo.brickgame.game.tetris.tetromino.FactoryTest$$Lambda/0x0000013bce32a378@64b8eb96, class com.github.vitalibo.brickgame.game.tetris.tetromino.J](2)" classname="com.github.vitalibo.brickgame.game.tetris.tetromino.FactoryTest" time="0.001"/>
  <testcase name="testGenerate[com.github.vitalibo.brickgame.game.tetris.tetromino.FactoryTest$$Lambda/0x0000013bce32a590@2d23a5be, class com.github.vitalibo.brickgame.game.tetris.tetromino.L](3)" classname="com.github.vitalibo.brickgame.game.tetris.tetromino.FactoryTest" time="0.001"/>
  <testcase name="testGenerate[com.github.vitalibo.brickgame.game.tetris.tetromino.FactoryTest$$Lambda/0x0000013bce32a7a8@726d8fa0, class com.github.vitalibo.brickgame.game.tetris.tetromino.O](4)" classname="com.github.vitalibo.brickgame.game.tetris.tetromino.FactoryTest" time="0.0"/>
  <testcase name="testGenerate[com.github.vitalibo.brickgame.game.tetris.tetromino.FactoryTest$$Lambda/0x0000013bce32a9c0@666b1244, class com.github.vitalibo.brickgame.game.tetris.tetromino.S](5)" classname="com.github.vitalibo.brickgame.game.tetris.tetromino.FactoryTest" time="0.0"/>
  <testcase name="testGenerate[com.github.vitalibo.brickgame.game.tetris.tetromino.FactoryTest$$Lambda/0x0000013bce32abd8@789d8fd6, class com.github.vitalibo.brickgame.game.tetris.tetromino.T](6)" classname="com.github.vitalibo.brickgame.game.tetris.tetromino.FactoryTest" time="0.0"/>
  <testcase name="testGenerate[com.github.vitalibo.brickgame.game.tetris.tetromino.FactoryTest$$Lambda/0x0000013bce32adf0@3ae87e38, class com.github.vitalibo.brickgame.game.tetris.tetromino.Z](7)" classname="com.github.vitalibo.brickgame.game.tetris.tetromino.FactoryTest" time="0.0"/>
  <testcase name="testToArray" classname="com.github.vitalibo.brickgame.util.BooleanCollectorTest" time="0.001"/>
  <testcase name="testToTwoDimensionalArray" classname="com.github.vitalibo.brickgame.util.BooleanCollectorTest" time="0.001"/>
  <testcase name="testMap" classname="com.github.vitalibo.brickgame.util.BuilderTest" time="0.001"/>
  <testcase name="testWith" classname="com.github.vitalibo.brickgame.util.BuilderTest" time="0.096"/>
  <testcase name="testFrom" classname="com.github.vitalibo.brickgame.util.CanvasTranslatorTest" time="0.038"/>
  <testcase name="testFromStream[0, 0](1)" classname="com.github.vitalibo.brickgame.util.CanvasTranslatorTest" time="0.008"/>
  <testcase name="testFromStream[5, 5](2)" classname="com.github.vitalibo.brickgame.util.CanvasTranslatorTest" time="0.001"/>
  <testcase name="testFromStream[19, 9](3)" classname="com.github.vitalibo.brickgame.util.CanvasTranslatorTest" time="0.001"/>
</testsuite>